{"/home/zhaoge/temp/booking-frontend/src/components/atoms/AuthLoading.tsx": {"path":"/home/zhaoge/temp/booking-frontend/src/components/atoms/AuthLoading.tsx","statementMap":{"0":{"start":{"line":11,"column":55},"end":{"line":25,"column":1}},"1":{"start":{"line":14,"column":2},"end":{"line":24,"column":4}}},"fnMap":{"0":{"name":"(anonymous_0)","decl":{"start":{"line":11,"column":55},"end":{"line":11,"column":56}},"loc":{"start":{"line":13,"column":6},"end":{"line":25,"column":1}},"line":13}},"branchMap":{"0":{"loc":{"start":{"line":12,"column":2},"end":{"line":12,"column":44}},"type":"default-arg","locations":[{"start":{"line":12,"column":12},"end":{"line":12,"column":44}}],"line":12}},"s":{"0":0,"1":0},"f":{"0":0},"b":{"0":[0]}}
,"/home/zhaoge/temp/booking-frontend/src/components/atoms/Button.tsx": {"path":"/home/zhaoge/temp/booking-frontend/src/components/atoms/Button.tsx","statementMap":{"0":{"start":{"line":35,"column":15},"end":{"line":147,"column":1}},"1":{"start":{"line":48,"column":8},"end":{"line":48,"column":13}},"2":{"start":{"line":49,"column":36},"end":{"line":49,"column":46}},"3":{"start":{"line":52,"column":24},"end":{"line":52,"column":158}},"4":{"start":{"line":55,"column":27},"end":{"line":71,"column":5}},"5":{"start":{"line":74,"column":24},"end":{"line":80,"column":5}},"6":{"start":{"line":83,"column":28},"end":{"line":85,"column":10}},"7":{"start":{"line":88,"column":23},"end":{"line":88,"column":63}},"8":{"start":{"line":91,"column":31},"end":{"line":91,"column":98}},"9":{"start":{"line":94,"column":20},"end":{"line":101,"column":15}},"10":{"start":{"line":104,"column":24},"end":{"line":107,"column":5}},"11":{"start":{"line":110,"column":23},"end":{"line":123,"column":5}},"12":{"start":{"line":111,"column":6},"end":{"line":111,"column":29}},"13":{"start":{"line":111,"column":17},"end":{"line":111,"column":29}},"14":{"start":{"line":113,"column":6},"end":{"line":122,"column":7}},"15":{"start":{"line":115,"column":30},"end":{"line":115,"column":34}},"16":{"start":{"line":116,"column":8},"end":{"line":116,"column":77}},"17":{"start":{"line":119,"column":8},"end":{"line":121,"column":11}},"18":{"start":{"line":125,"column":4},"end":{"line":145,"column":6}},"19":{"start":{"line":149,"column":0},"end":{"line":149,"column":30}}},"fnMap":{"0":{"name":"(anonymous_0)","decl":{"start":{"line":36,"column":2},"end":{"line":36,"column":3}},"loc":{"start":{"line":36,"column":18},"end":{"line":146,"column":3}},"line":36},"1":{"name":"(anonymous_1)","decl":{"start":{"line":110,"column":23},"end":{"line":110,"column":24}},"loc":{"start":{"line":110,"column":29},"end":{"line":123,"column":5}},"line":110}},"branchMap":{"0":{"loc":{"start":{"line":39,"column":6},"end":{"line":39,"column":25}},"type":"default-arg","locations":[{"start":{"line":39,"column":16},"end":{"line":39,"column":25}}],"line":39},"1":{"loc":{"start":{"line":40,"column":6},"end":{"line":40,"column":17}},"type":"default-arg","locations":[{"start":{"line":40,"column":13},"end":{"line":40,"column":17}}],"line":40},"2":{"loc":{"start":{"line":41,"column":6},"end":{"line":41,"column":23}},"type":"default-arg","locations":[{"start":{"line":41,"column":18},"end":{"line":41,"column":23}}],"line":41},"3":{"loc":{"start":{"line":42,"column":6},"end":{"line":42,"column":23}},"type":"default-arg","locations":[{"start":{"line":42,"column":18},"end":{"line":42,"column":23}}],"line":42},"4":{"loc":{"start":{"line":43,"column":6},"end":{"line":43,"column":22}},"type":"default-arg","locations":[{"start":{"line":43,"column":17},"end":{"line":43,"column":22}}],"line":43},"5":{"loc":{"start":{"line":44,"column":6},"end":{"line":44,"column":20}},"type":"default-arg","locations":[{"start":{"line":44,"column":18},"end":{"line":44,"column":20}}],"line":44},"6":{"loc":{"start":{"line":46,"column":6},"end":{"line":46,"column":27}},"type":"default-arg","locations":[{"start":{"line":46,"column":21},"end":{"line":46,"column":27}}],"line":46},"7":{"loc":{"start":{"line":56,"column":15},"end":{"line":58,"column":72}},"type":"cond-expr","locations":[{"start":{"line":57,"column":10},"end":{"line":57,"column":72}},{"start":{"line":58,"column":10},"end":{"line":58,"column":72}}],"line":56},"8":{"loc":{"start":{"line":59,"column":17},"end":{"line":61,"column":78}},"type":"cond-expr","locations":[{"start":{"line":60,"column":10},"end":{"line":60,"column":78}},{"start":{"line":61,"column":10},"end":{"line":61,"column":78}}],"line":59},"9":{"loc":{"start":{"line":62,"column":15},"end":{"line":64,"column":78}},"type":"cond-expr","locations":[{"start":{"line":63,"column":10},"end":{"line":63,"column":78}},{"start":{"line":64,"column":10},"end":{"line":64,"column":78}}],"line":62},"10":{"loc":{"start":{"line":65,"column":14},"end":{"line":67,"column":69}},"type":"cond-expr","locations":[{"start":{"line":66,"column":10},"end":{"line":66,"column":69}},{"start":{"line":67,"column":10},"end":{"line":67,"column":69}}],"line":65},"11":{"loc":{"start":{"line":68,"column":13},"end":{"line":70,"column":62}},"type":"cond-expr","locations":[{"start":{"line":69,"column":10},"end":{"line":69,"column":82}},{"start":{"line":70,"column":10},"end":{"line":70,"column":62}}],"line":68},"12":{"loc":{"start":{"line":83,"column":28},"end":{"line":85,"column":10}},"type":"cond-expr","locations":[{"start":{"line":84,"column":8},"end":{"line":84,"column":39}},{"start":{"line":85,"column":8},"end":{"line":85,"column":10}}],"line":83},"13":{"loc":{"start":{"line":83,"column":29},"end":{"line":83,"column":50}},"type":"binary-expr","locations":[{"start":{"line":83,"column":29},"end":{"line":83,"column":37}},{"start":{"line":83,"column":41},"end":{"line":83,"column":50}}],"line":83},"14":{"loc":{"start":{"line":88,"column":23},"end":{"line":88,"column":63}},"type":"cond-expr","locations":[{"start":{"line":88,"column":35},"end":{"line":88,"column":58}},{"start":{"line":88,"column":61},"end":{"line":88,"column":63}}],"line":88},"15":{"loc":{"start":{"line":91,"column":31},"end":{"line":91,"column":98}},"type":"cond-expr","locations":[{"start":{"line":91,"column":51},"end":{"line":91,"column":92}},{"start":{"line":91,"column":96},"end":{"line":91,"column":98}}],"line":91},"16":{"loc":{"start":{"line":91,"column":31},"end":{"line":91,"column":47}},"type":"binary-expr","locations":[{"start":{"line":91,"column":31},"end":{"line":91,"column":35}},{"start":{"line":91,"column":39},"end":{"line":91,"column":47}}],"line":91},"17":{"loc":{"start":{"line":91,"column":51},"end":{"line":91,"column":92}},"type":"cond-expr","locations":[{"start":{"line":91,"column":77},"end":{"line":91,"column":83}},{"start":{"line":91,"column":86},"end":{"line":91,"column":92}}],"line":91},"18":{"loc":{"start":{"line":106,"column":16},"end":{"line":106,"column":37}},"type":"binary-expr","locations":[{"start":{"line":106,"column":16},"end":{"line":106,"column":24}},{"start":{"line":106,"column":28},"end":{"line":106,"column":37}}],"line":106},"19":{"loc":{"start":{"line":111,"column":6},"end":{"line":111,"column":29}},"type":"if","locations":[{"start":{"line":111,"column":6},"end":{"line":111,"column":29}},{"start":{},"end":{}}],"line":111},"20":{"loc":{"start":{"line":113,"column":6},"end":{"line":122,"column":7}},"type":"if","locations":[{"start":{"line":113,"column":6},"end":{"line":122,"column":7}},{"start":{"line":117,"column":13},"end":{"line":122,"column":7}}],"line":113},"21":{"loc":{"start":{"line":120,"column":24},"end":{"line":120,"column":51}},"type":"binary-expr","locations":[{"start":{"line":120,"column":24},"end":{"line":120,"column":45}},{"start":{"line":120,"column":49},"end":{"line":120,"column":51}}],"line":120},"22":{"loc":{"start":{"line":128,"column":20},"end":{"line":128,"column":66}},"type":"cond-expr","locations":[{"start":{"line":128,"column":46},"end":{"line":128,"column":61}},{"start":{"line":128,"column":64},"end":{"line":128,"column":66}}],"line":128},"23":{"loc":{"start":{"line":128,"column":20},"end":{"line":128,"column":43}},"type":"binary-expr","locations":[{"start":{"line":128,"column":20},"end":{"line":128,"column":29}},{"start":{"line":128,"column":33},"end":{"line":128,"column":43}}],"line":128},"24":{"loc":{"start":{"line":129,"column":18},"end":{"line":129,"column":64}},"type":"cond-expr","locations":[{"start":{"line":129,"column":44},"end":{"line":129,"column":59}},{"start":{"line":129,"column":62},"end":{"line":129,"column":64}}],"line":129},"25":{"loc":{"start":{"line":129,"column":18},"end":{"line":129,"column":41}},"type":"binary-expr","locations":[{"start":{"line":129,"column":18},"end":{"line":129,"column":27}},{"start":{"line":129,"column":31},"end":{"line":129,"column":41}}],"line":129},"26":{"loc":{"start":{"line":133,"column":9},"end":{"line":140,"column":9}},"type":"binary-expr","locations":[{"start":{"line":133,"column":9},"end":{"line":133,"column":18}},{"start":{"line":134,"column":10},"end":{"line":139,"column":12}}],"line":133},"27":{"loc":{"start":{"line":141,"column":9},"end":{"line":141,"column":62}},"type":"binary-expr","locations":[{"start":{"line":141,"column":9},"end":{"line":141,"column":32}},{"start":{"line":141,"column":36},"end":{"line":141,"column":46}},{"start":{"line":141,"column":50},"end":{"line":141,"column":62}}],"line":141},"28":{"loc":{"start":{"line":143,"column":9},"end":{"line":143,"column":63}},"type":"binary-expr","locations":[{"start":{"line":143,"column":9},"end":{"line":143,"column":33}},{"start":{"line":143,"column":37},"end":{"line":143,"column":47}},{"start":{"line":143,"column":51},"end":{"line":143,"column":63}}],"line":143}},"s":{"0":1,"1":13,"2":13,"3":13,"4":13,"5":13,"6":13,"7":13,"8":13,"9":13,"10":13,"11":13,"12":12,"13":12,"14":0,"15":0,"16":0,"17":0,"18":13,"19":1},"f":{"0":13,"1":12},"b":{"0":[9],"1":[10],"2":[12],"3":[12],"4":[12],"5":[13],"6":[13],"7":[0,13],"8":[0,13],"9":[0,13],"10":[0,13],"11":[0,13],"12":[2,11],"13":[13,12],"14":[1,12],"15":[0,13],"16":[13,0],"17":[0,0],"18":[13,12],"19":[12,0],"20":[0,0],"21":[0,0],"22":[11,2],"23":[13,12],"24":[11,2],"25":[13,12],"26":[13,1],"27":[13,13,12],"28":[13,0,0]},"_coverageSchema":"1a1c01bbd47fc00a2c39e90264f33305004495a9","hash":"e0e29975e1215b73e69cf53525efc1fe3efb4db3"}
,"/home/zhaoge/temp/booking-frontend/src/components/atoms/Card.tsx": {"path":"/home/zhaoge/temp/booking-frontend/src/components/atoms/Card.tsx","statementMap":{"0":{"start":{"line":11,"column":34},"end":{"line":51,"column":1}},"1":{"start":{"line":17,"column":22},"end":{"line":17,"column":52}},"2":{"start":{"line":19,"column":25},"end":{"line":23,"column":3}},"3":{"start":{"line":25,"column":18},"end":{"line":25,"column":78}},"4":{"start":{"line":27,"column":2},"end":{"line":36,"column":3}},"5":{"start":{"line":28,"column":4},"end":{"line":35,"column":6}},"6":{"start":{"line":38,"column":2},"end":{"line":50,"column":4}}},"fnMap":{"0":{"name":"(anonymous_0)","decl":{"start":{"line":11,"column":34},"end":{"line":11,"column":35}},"loc":{"start":{"line":16,"column":6},"end":{"line":51,"column":1}},"line":16}},"branchMap":{"0":{"loc":{"start":{"line":13,"column":2},"end":{"line":13,"column":16}},"type":"default-arg","locations":[{"start":{"line":13,"column":14},"end":{"line":13,"column":16}}],"line":13},"1":{"loc":{"start":{"line":14,"column":2},"end":{"line":14,"column":21}},"type":"default-arg","locations":[{"start":{"line":14,"column":12},"end":{"line":14,"column":21}}],"line":14},"2":{"loc":{"start":{"line":15,"column":2},"end":{"line":15,"column":17}},"type":"default-arg","locations":[{"start":{"line":15,"column":13},"end":{"line":15,"column":17}}],"line":15},"3":{"loc":{"start":{"line":27,"column":2},"end":{"line":36,"column":3}},"type":"if","locations":[{"start":{"line":27,"column":2},"end":{"line":36,"column":3}},{"start":{},"end":{}}],"line":27}},"s":{"0":0,"1":0,"2":0,"3":0,"4":0,"5":0,"6":0},"f":{"0":0},"b":{"0":[0],"1":[0],"2":[0],"3":[0,0]}}
,"/home/zhaoge/temp/booking-frontend/src/components/atoms/ConfirmModal.tsx": {"path":"/home/zhaoge/temp/booking-frontend/src/components/atoms/ConfirmModal.tsx","statementMap":{"0":{"start":{"line":23,"column":50},"end":{"line":68,"column":1}},"1":{"start":{"line":33,"column":34},"end":{"line":33,"column":44}},"2":{"start":{"line":35,"column":2},"end":{"line":67,"column":4}}},"fnMap":{"0":{"name":"(anonymous_0)","decl":{"start":{"line":23,"column":50},"end":{"line":23,"column":51}},"loc":{"start":{"line":32,"column":6},"end":{"line":68,"column":1}},"line":32}},"branchMap":{"0":{"loc":{"start":{"line":27,"column":2},"end":{"line":27,"column":20}},"type":"default-arg","locations":[{"start":{"line":27,"column":16},"end":{"line":27,"column":20}}],"line":27},"1":{"loc":{"start":{"line":28,"column":2},"end":{"line":28,"column":19}},"type":"default-arg","locations":[{"start":{"line":28,"column":15},"end":{"line":28,"column":19}}],"line":28},"2":{"loc":{"start":{"line":31,"column":2},"end":{"line":31,"column":19}},"type":"default-arg","locations":[{"start":{"line":31,"column":14},"end":{"line":31,"column":19}}],"line":31},"3":{"loc":{"start":{"line":50,"column":13},"end":{"line":50,"column":47}},"type":"cond-expr","locations":[{"start":{"line":50,"column":25},"end":{"line":50,"column":33}},{"start":{"line":50,"column":36},"end":{"line":50,"column":47}}],"line":50},"4":{"loc":{"start":{"line":63,"column":23},"end":{"line":63,"column":79}},"type":"cond-expr","locations":[{"start":{"line":63,"column":37},"end":{"line":63,"column":61}},{"start":{"line":63,"column":64},"end":{"line":63,"column":79}}],"line":63}},"s":{"0":0,"1":0,"2":0},"f":{"0":0},"b":{"0":[0],"1":[0],"2":[0],"3":[0,0],"4":[0,0]}}
,"/home/zhaoge/temp/booking-frontend/src/components/atoms/Dropdown.tsx": {"path":"/home/zhaoge/temp/booking-frontend/src/components/atoms/Dropdown.tsx","statementMap":{"0":{"start":{"line":40,"column":42},"end":{"line":156,"column":1}},"1":{"start":{"line":47,"column":20},"end":{"line":47,"column":30}},"2":{"start":{"line":48,"column":20},"end":{"line":48,"column":64}},"3":{"start":{"line":49,"column":34},"end":{"line":49,"column":107}},"4":{"start":{"line":51,"column":24},"end":{"line":51,"column":85}},"5":{"start":{"line":51,"column":43},"end":{"line":51,"column":63}},"6":{"start":{"line":53,"column":25},"end":{"line":61,"column":8}},"7":{"start":{"line":54,"column":4},"end":{"line":54,"column":35}},"8":{"start":{"line":54,"column":28},"end":{"line":54,"column":35}},"9":{"start":{"line":55,"column":17},"end":{"line":55,"column":58}},"10":{"start":{"line":56,"column":4},"end":{"line":60,"column":7}},"11":{"start":{"line":63,"column":2},"end":{"line":72,"column":23}},"12":{"start":{"line":64,"column":4},"end":{"line":64,"column":46}},"13":{"start":{"line":64,"column":39},"end":{"line":64,"column":46}},"14":{"start":{"line":65,"column":31},"end":{"line":65,"column":53}},"15":{"start":{"line":65,"column":37},"end":{"line":65,"column":53}},"16":{"start":{"line":66,"column":4},"end":{"line":66,"column":58}},"17":{"start":{"line":67,"column":4},"end":{"line":67,"column":64}},"18":{"start":{"line":68,"column":4},"end":{"line":71,"column":6}},"19":{"start":{"line":69,"column":6},"end":{"line":69,"column":63}},"20":{"start":{"line":70,"column":6},"end":{"line":70,"column":69}},"21":{"start":{"line":74,"column":2},"end":{"line":155,"column":4}},"22":{"start":{"line":77,"column":29},"end":{"line":77,"column":81}},"23":{"start":{"line":79,"column":8},"end":{"line":152,"column":10}},"24":{"start":{"line":84,"column":31},"end":{"line":84,"column":68}},"25":{"start":{"line":126,"column":22},"end":{"line":144,"column":34}},"26":{"start":{"line":128,"column":26},"end":{"line":142,"column":35}},"27":{"start":{"line":129,"column":43},"end":{"line":129,"column":75}}},"fnMap":{"0":{"name":"(anonymous_0)","decl":{"start":{"line":40,"column":42},"end":{"line":40,"column":43}},"loc":{"start":{"line":46,"column":6},"end":{"line":156,"column":1}},"line":46},"1":{"name":"(anonymous_1)","decl":{"start":{"line":51,"column":35},"end":{"line":51,"column":36}},"loc":{"start":{"line":51,"column":43},"end":{"line":51,"column":63}},"line":51},"2":{"name":"(anonymous_2)","decl":{"start":{"line":53,"column":43},"end":{"line":53,"column":44}},"loc":{"start":{"line":53,"column":49},"end":{"line":61,"column":3}},"line":53},"3":{"name":"(anonymous_3)","decl":{"start":{"line":63,"column":18},"end":{"line":63,"column":19}},"loc":{"start":{"line":63,"column":24},"end":{"line":72,"column":3}},"line":63},"4":{"name":"(anonymous_4)","decl":{"start":{"line":65,"column":31},"end":{"line":65,"column":32}},"loc":{"start":{"line":65,"column":37},"end":{"line":65,"column":53}},"line":65},"5":{"name":"(anonymous_5)","decl":{"start":{"line":68,"column":11},"end":{"line":68,"column":12}},"loc":{"start":{"line":68,"column":17},"end":{"line":71,"column":5}},"line":68},"6":{"name":"(anonymous_6)","decl":{"start":{"line":76,"column":7},"end":{"line":76,"column":8}},"loc":{"start":{"line":76,"column":21},"end":{"line":153,"column":7}},"line":76},"7":{"name":"(anonymous_7)","decl":{"start":{"line":84,"column":25},"end":{"line":84,"column":26}},"loc":{"start":{"line":84,"column":31},"end":{"line":84,"column":68}},"line":84},"8":{"name":"(anonymous_8)","decl":{"start":{"line":125,"column":31},"end":{"line":125,"column":32}},"loc":{"start":{"line":126,"column":22},"end":{"line":144,"column":34}},"line":126},"9":{"name":"(anonymous_9)","decl":{"start":{"line":127,"column":25},"end":{"line":127,"column":26}},"loc":{"start":{"line":128,"column":26},"end":{"line":142,"column":35}},"line":128},"10":{"name":"(anonymous_10)","decl":{"start":{"line":129,"column":37},"end":{"line":129,"column":38}},"loc":{"start":{"line":129,"column":43},"end":{"line":129,"column":75}},"line":129}},"branchMap":{"0":{"loc":{"start":{"line":45,"column":2},"end":{"line":45,"column":16}},"type":"default-arg","locations":[{"start":{"line":45,"column":14},"end":{"line":45,"column":16}}],"line":45},"1":{"loc":{"start":{"line":51,"column":24},"end":{"line":51,"column":85}},"type":"binary-expr","locations":[{"start":{"line":51,"column":24},"end":{"line":51,"column":71}},{"start":{"line":51,"column":75},"end":{"line":51,"column":85}}],"line":51},"2":{"loc":{"start":{"line":54,"column":4},"end":{"line":54,"column":35}},"type":"if","locations":[{"start":{"line":54,"column":4},"end":{"line":54,"column":35}},{"start":{},"end":{}}],"line":54},"3":{"loc":{"start":{"line":64,"column":4},"end":{"line":64,"column":46}},"type":"if","locations":[{"start":{"line":64,"column":4},"end":{"line":64,"column":46}},{"start":{},"end":{}}],"line":64},"4":{"loc":{"start":{"line":77,"column":29},"end":{"line":77,"column":81}},"type":"cond-expr","locations":[{"start":{"line":77,"column":61},"end":{"line":77,"column":74}},{"start":{"line":77,"column":77},"end":{"line":77,"column":81}}],"line":77},"5":{"loc":{"start":{"line":86,"column":18},"end":{"line":88,"column":62}},"type":"cond-expr","locations":[{"start":{"line":87,"column":22},"end":{"line":87,"column":84}},{"start":{"line":88,"column":22},"end":{"line":88,"column":62}}],"line":86},"6":{"loc":{"start":{"line":98,"column":13},"end":{"line":150,"column":13}},"type":"binary-expr","locations":[{"start":{"line":98,"column":13},"end":{"line":98,"column":25}},{"start":{"line":98,"column":29},"end":{"line":98,"column":37}},{"start":{"line":98,"column":41},"end":{"line":150,"column":13}}],"line":98},"7":{"loc":{"start":{"line":119,"column":20},"end":{"line":121,"column":49}},"type":"cond-expr","locations":[{"start":{"line":120,"column":24},"end":{"line":120,"column":60}},{"start":{"line":121,"column":24},"end":{"line":121,"column":49}}],"line":119},"8":{"loc":{"start":{"line":129,"column":43},"end":{"line":129,"column":75}},"type":"binary-expr","locations":[{"start":{"line":129,"column":43},"end":{"line":129,"column":51}},{"start":{"line":129,"column":55},"end":{"line":129,"column":75}}],"line":129},"9":{"loc":{"start":{"line":131,"column":30},"end":{"line":133,"column":97}},"type":"cond-expr","locations":[{"start":{"line":132,"column":35},"end":{"line":132,"column":131}},{"start":{"line":133,"column":35},"end":{"line":133,"column":96}}],"line":131},"10":{"loc":{"start":{"line":132,"column":35},"end":{"line":132,"column":131}},"type":"cond-expr","locations":[{"start":{"line":132,"column":54},"end":{"line":132,"column":101}},{"start":{"line":132,"column":104},"end":{"line":132,"column":131}}],"line":132},"11":{"loc":{"start":{"line":133,"column":35},"end":{"line":133,"column":96}},"type":"cond-expr","locations":[{"start":{"line":133,"column":54},"end":{"line":133,"column":78}},{"start":{"line":133,"column":81},"end":{"line":133,"column":96}}],"line":133},"12":{"loc":{"start":{"line":135,"column":30},"end":{"line":137,"column":36}},"type":"cond-expr","locations":[{"start":{"line":136,"column":35},"end":{"line":136,"column":143}},{"start":{"line":137,"column":34},"end":{"line":137,"column":36}}],"line":135},"13":{"loc":{"start":{"line":136,"column":35},"end":{"line":136,"column":143}},"type":"cond-expr","locations":[{"start":{"line":136,"column":54},"end":{"line":136,"column":109}},{"start":{"line":136,"column":112},"end":{"line":136,"column":143}}],"line":136}},"s":{"0":0,"1":0,"2":0,"3":0,"4":0,"5":0,"6":0,"7":0,"8":0,"9":0,"10":0,"11":0,"12":0,"13":0,"14":0,"15":0,"16":0,"17":0,"18":0,"19":0,"20":0,"21":0,"22":0,"23":0,"24":0,"25":0,"26":0,"27":0},"f":{"0":0,"1":0,"2":0,"3":0,"4":0,"5":0,"6":0,"7":0,"8":0,"9":0,"10":0},"b":{"0":[0],"1":[0,0],"2":[0,0],"3":[0,0],"4":[0,0],"5":[0,0],"6":[0,0,0],"7":[0,0],"8":[0,0],"9":[0,0],"10":[0,0],"11":[0,0],"12":[0,0],"13":[0,0]}}
,"/home/zhaoge/temp/booking-frontend/src/components/atoms/Image.tsx": {"path":"/home/zhaoge/temp/booking-frontend/src/components/atoms/Image.tsx","statementMap":{"0":{"start":{"line":58,"column":45},"end":{"line":122,"column":1}},"1":{"start":{"line":72,"column":34},"end":{"line":72,"column":55}},"2":{"start":{"line":78,"column":2},"end":{"line":80,"column":3}},"3":{"start":{"line":79,"column":4},"end":{"line":79,"column":27}},"4":{"start":{"line":83,"column":2},"end":{"line":92,"column":3}},"5":{"start":{"line":84,"column":4},"end":{"line":91,"column":6}},"6":{"start":{"line":97,"column":35},"end":{"line":101,"column":22}},"7":{"start":{"line":103,"column":2},"end":{"line":121,"column":4}},"8":{"start":{"line":114,"column":21},"end":{"line":114,"column":38}}},"fnMap":{"0":{"name":"(anonymous_0)","decl":{"start":{"line":58,"column":45},"end":{"line":58,"column":46}},"loc":{"start":{"line":70,"column":6},"end":{"line":122,"column":1}},"line":70},"1":{"name":"(anonymous_1)","decl":{"start":{"line":114,"column":15},"end":{"line":114,"column":16}},"loc":{"start":{"line":114,"column":21},"end":{"line":114,"column":38}},"line":114}},"branchMap":{"0":{"loc":{"start":{"line":65,"column":2},"end":{"line":65,"column":17}},"type":"default-arg","locations":[{"start":{"line":65,"column":13},"end":{"line":65,"column":17}}],"line":65},"1":{"loc":{"start":{"line":66,"column":2},"end":{"line":66,"column":26}},"type":"default-arg","locations":[{"start":{"line":66,"column":20},"end":{"line":66,"column":26}}],"line":66},"2":{"loc":{"start":{"line":78,"column":2},"end":{"line":80,"column":3}},"type":"if","locations":[{"start":{"line":78,"column":2},"end":{"line":80,"column":3}},{"start":{},"end":{}}],"line":78},"3":{"loc":{"start":{"line":78,"column":6},"end":{"line":78,"column":26}},"type":"binary-expr","locations":[{"start":{"line":78,"column":6},"end":{"line":78,"column":14}},{"start":{"line":78,"column":18},"end":{"line":78,"column":26}}],"line":78},"4":{"loc":{"start":{"line":83,"column":2},"end":{"line":92,"column":3}},"type":"if","locations":[{"start":{"line":83,"column":2},"end":{"line":92,"column":3}},{"start":{},"end":{}}],"line":83},"5":{"loc":{"start":{"line":86,"column":84},"end":{"line":86,"column":99}},"type":"binary-expr","locations":[{"start":{"line":86,"column":84},"end":{"line":86,"column":93}},{"start":{"line":86,"column":97},"end":{"line":86,"column":99}}],"line":86},"6":{"loc":{"start":{"line":97,"column":35},"end":{"line":101,"column":22}},"type":"cond-expr","locations":[{"start":{"line":101,"column":6},"end":{"line":101,"column":12}},{"start":{"line":101,"column":15},"end":{"line":101,"column":22}}],"line":97},"7":{"loc":{"start":{"line":98,"column":4},"end":{"line":100,"column":36}},"type":"binary-expr","locations":[{"start":{"line":98,"column":4},"end":{"line":98,"column":30}},{"start":{"line":99,"column":4},"end":{"line":99,"column":15}},{"start":{"line":100,"column":4},"end":{"line":100,"column":36}}],"line":98},"8":{"loc":{"start":{"line":111,"column":15},"end":{"line":111,"column":42}},"type":"cond-expr","locations":[{"start":{"line":111,"column":26},"end":{"line":111,"column":32}},{"start":{"line":111,"column":35},"end":{"line":111,"column":42}}],"line":111}},"s":{"0":0,"1":0,"2":0,"3":0,"4":0,"5":0,"6":0,"7":0,"8":0},"f":{"0":0,"1":0},"b":{"0":[0],"1":[0],"2":[0,0],"3":[0,0],"4":[0,0],"5":[0,0],"6":[0,0],"7":[0,0,0],"8":[0,0]}}
,"/home/zhaoge/temp/booking-frontend/src/components/atoms/Input.tsx": {"path":"/home/zhaoge/temp/booking-frontend/src/components/atoms/Input.tsx","statementMap":{"0":{"start":{"line":21,"column":14},"end":{"line":88,"column":1}},"1":{"start":{"line":33,"column":36},"end":{"line":33,"column":52}},"2":{"start":{"line":34,"column":22},"end":{"line":34,"column":32}},"3":{"start":{"line":37,"column":4},"end":{"line":42,"column":17}},"4":{"start":{"line":38,"column":6},"end":{"line":41,"column":7}},"5":{"start":{"line":40,"column":8},"end":{"line":40,"column":68}},"6":{"start":{"line":44,"column":20},"end":{"line":44,"column":58}},"7":{"start":{"line":47,"column":24},"end":{"line":49,"column":133}},"8":{"start":{"line":52,"column":25},"end":{"line":56,"column":10}},"9":{"start":{"line":59,"column":23},"end":{"line":59,"column":48}},"10":{"start":{"line":62,"column":20},"end":{"line":62,"column":79}},"11":{"start":{"line":64,"column":4},"end":{"line":86,"column":6}},"12":{"start":{"line":90,"column":0},"end":{"line":90,"column":28}}},"fnMap":{"0":{"name":"(anonymous_0)","decl":{"start":{"line":22,"column":2},"end":{"line":22,"column":3}},"loc":{"start":{"line":31,"column":7},"end":{"line":87,"column":3}},"line":31},"1":{"name":"(anonymous_1)","decl":{"start":{"line":37,"column":14},"end":{"line":37,"column":15}},"loc":{"start":{"line":37,"column":20},"end":{"line":42,"column":5}},"line":37}},"branchMap":{"0":{"loc":{"start":{"line":25,"column":6},"end":{"line":25,"column":22}},"type":"default-arg","locations":[{"start":{"line":25,"column":18},"end":{"line":25,"column":22}}],"line":25},"1":{"loc":{"start":{"line":26,"column":6},"end":{"line":26,"column":20}},"type":"default-arg","locations":[{"start":{"line":26,"column":18},"end":{"line":26,"column":20}}],"line":26},"2":{"loc":{"start":{"line":38,"column":6},"end":{"line":41,"column":7}},"type":"if","locations":[{"start":{"line":38,"column":6},"end":{"line":41,"column":7}},{"start":{},"end":{}}],"line":38},"3":{"loc":{"start":{"line":44,"column":20},"end":{"line":44,"column":58}},"type":"binary-expr","locations":[{"start":{"line":44,"column":20},"end":{"line":44,"column":26}},{"start":{"line":44,"column":30},"end":{"line":44,"column":38}},{"start":{"line":44,"column":42},"end":{"line":44,"column":58}}],"line":44},"4":{"loc":{"start":{"line":47,"column":24},"end":{"line":49,"column":133}},"type":"cond-expr","locations":[{"start":{"line":48,"column":8},"end":{"line":48,"column":155}},{"start":{"line":49,"column":8},"end":{"line":49,"column":133}}],"line":47},"5":{"loc":{"start":{"line":52,"column":25},"end":{"line":56,"column":10}},"type":"cond-expr","locations":[{"start":{"line":53,"column":8},"end":{"line":55,"column":99}},{"start":{"line":56,"column":8},"end":{"line":56,"column":10}}],"line":52},"6":{"loc":{"start":{"line":53,"column":8},"end":{"line":55,"column":99}},"type":"cond-expr","locations":[{"start":{"line":54,"column":10},"end":{"line":54,"column":99}},{"start":{"line":55,"column":10},"end":{"line":55,"column":99}}],"line":53},"7":{"loc":{"start":{"line":59,"column":23},"end":{"line":59,"column":48}},"type":"cond-expr","locations":[{"start":{"line":59,"column":35},"end":{"line":59,"column":43}},{"start":{"line":59,"column":46},"end":{"line":59,"column":48}}],"line":59},"8":{"loc":{"start":{"line":65,"column":43},"end":{"line":65,"column":68}},"type":"cond-expr","locations":[{"start":{"line":65,"column":55},"end":{"line":65,"column":63}},{"start":{"line":65,"column":66},"end":{"line":65,"column":68}}],"line":65},"9":{"loc":{"start":{"line":66,"column":9},"end":{"line":73,"column":9}},"type":"binary-expr","locations":[{"start":{"line":66,"column":9},"end":{"line":66,"column":14}},{"start":{"line":67,"column":10},"end":{"line":72,"column":18}}],"line":66},"10":{"loc":{"start":{"line":80,"column":9},"end":{"line":84,"column":9}},"type":"binary-expr","locations":[{"start":{"line":80,"column":9},"end":{"line":80,"column":14}},{"start":{"line":81,"column":10},"end":{"line":83,"column":14}}],"line":80}},"s":{"0":0,"1":0,"2":0,"3":0,"4":0,"5":0,"6":0,"7":0,"8":0,"9":0,"10":0,"11":0,"12":0},"f":{"0":0,"1":0},"b":{"0":[0],"1":[0],"2":[0,0],"3":[0,0,0],"4":[0,0],"5":[0,0],"6":[0,0],"7":[0,0],"8":[0,0],"9":[0,0],"10":[0,0]}}
,"/home/zhaoge/temp/booking-frontend/src/components/atoms/Link.tsx": {"path":"/home/zhaoge/temp/booking-frontend/src/components/atoms/Link.tsx","statementMap":{"0":{"start":{"line":48,"column":37},"end":{"line":91,"column":1}},"1":{"start":{"line":56,"column":17},"end":{"line":56,"column":28}},"2":{"start":{"line":59,"column":19},"end":{"line":69,"column":29}},"3":{"start":{"line":60,"column":4},"end":{"line":67,"column":5}},"4":{"start":{"line":62,"column":6},"end":{"line":62,"column":80}},"5":{"start":{"line":63,"column":11},"end":{"line":67,"column":5}},"6":{"start":{"line":65,"column":23},"end":{"line":65,"column":77}},"7":{"start":{"line":66,"column":6},"end":{"line":66,"column":42}},"8":{"start":{"line":68,"column":4},"end":{"line":68,"column":17}},"9":{"start":{"line":72,"column":22},"end":{"line":76,"column":3}},"10":{"start":{"line":73,"column":4},"end":{"line":75,"column":5}},"11":{"start":{"line":74,"column":6},"end":{"line":74,"column":17}},"12":{"start":{"line":79,"column":28},"end":{"line":79,"column":84}},"13":{"start":{"line":81,"column":2},"end":{"line":90,"column":4}}},"fnMap":{"0":{"name":"(anonymous_0)","decl":{"start":{"line":48,"column":37},"end":{"line":48,"column":38}},"loc":{"start":{"line":55,"column":6},"end":{"line":91,"column":1}},"line":55},"1":{"name":"(anonymous_1)","decl":{"start":{"line":59,"column":33},"end":{"line":59,"column":34}},"loc":{"start":{"line":59,"column":39},"end":{"line":69,"column":3}},"line":59},"2":{"name":"(anonymous_2)","decl":{"start":{"line":72,"column":22},"end":{"line":72,"column":23}},"loc":{"start":{"line":72,"column":47},"end":{"line":76,"column":3}},"line":72}},"branchMap":{"0":{"loc":{"start":{"line":51,"column":2},"end":{"line":51,"column":16}},"type":"default-arg","locations":[{"start":{"line":51,"column":14},"end":{"line":51,"column":16}}],"line":51},"1":{"loc":{"start":{"line":52,"column":2},"end":{"line":52,"column":28}},"type":"default-arg","locations":[{"start":{"line":52,"column":20},"end":{"line":52,"column":28}}],"line":52},"2":{"loc":{"start":{"line":60,"column":4},"end":{"line":67,"column":5}},"type":"if","locations":[{"start":{"line":60,"column":4},"end":{"line":67,"column":5}},{"start":{"line":63,"column":11},"end":{"line":67,"column":5}}],"line":60},"3":{"loc":{"start":{"line":62,"column":13},"end":{"line":62,"column":79}},"type":"binary-expr","locations":[{"start":{"line":62,"column":13},"end":{"line":62,"column":37}},{"start":{"line":62,"column":41},"end":{"line":62,"column":79}}],"line":62},"4":{"loc":{"start":{"line":63,"column":11},"end":{"line":67,"column":5}},"type":"if","locations":[{"start":{"line":63,"column":11},"end":{"line":67,"column":5}},{"start":{},"end":{}}],"line":63},"5":{"loc":{"start":{"line":63,"column":15},"end":{"line":63,"column":47}},"type":"binary-expr","locations":[{"start":{"line":63,"column":15},"end":{"line":63,"column":19}},{"start":{"line":63,"column":23},"end":{"line":63,"column":47}}],"line":63},"6":{"loc":{"start":{"line":65,"column":23},"end":{"line":65,"column":77}},"type":"cond-expr","locations":[{"start":{"line":65,"column":59},"end":{"line":65,"column":72}},{"start":{"line":65,"column":75},"end":{"line":65,"column":77}}],"line":65},"7":{"loc":{"start":{"line":73,"column":4},"end":{"line":75,"column":5}},"type":"if","locations":[{"start":{"line":73,"column":4},"end":{"line":75,"column":5}},{"start":{},"end":{}}],"line":73},"8":{"loc":{"start":{"line":79,"column":28},"end":{"line":79,"column":84}},"type":"cond-expr","locations":[{"start":{"line":79,"column":39},"end":{"line":79,"column":72}},{"start":{"line":79,"column":75},"end":{"line":79,"column":84}}],"line":79}},"s":{"0":0,"1":0,"2":0,"3":0,"4":0,"5":0,"6":0,"7":0,"8":0,"9":0,"10":0,"11":0,"12":0,"13":0},"f":{"0":0,"1":0,"2":0},"b":{"0":[0],"1":[0],"2":[0,0],"3":[0,0],"4":[0,0],"5":[0,0],"6":[0,0],"7":[0,0],"8":[0,0]}}
,"/home/zhaoge/temp/booking-frontend/src/components/atoms/Modal.tsx": {"path":"/home/zhaoge/temp/booking-frontend/src/components/atoms/Modal.tsx","statementMap":{"0":{"start":{"line":20,"column":36},"end":{"line":93,"column":1}},"1":{"start":{"line":33,"column":34},"end":{"line":33,"column":44}},"2":{"start":{"line":35,"column":2},"end":{"line":49,"column":22}},"3":{"start":{"line":36,"column":4},"end":{"line":36,"column":22}},"4":{"start":{"line":36,"column":15},"end":{"line":36,"column":22}},"5":{"start":{"line":37,"column":29},"end":{"line":37,"column":57}},"6":{"start":{"line":38,"column":4},"end":{"line":38,"column":44}},"7":{"start":{"line":39,"column":22},"end":{"line":43,"column":5}},"8":{"start":{"line":40,"column":6},"end":{"line":42,"column":7}},"9":{"start":{"line":41,"column":8},"end":{"line":41,"column":18}},"10":{"start":{"line":44,"column":4},"end":{"line":44,"column":52}},"11":{"start":{"line":45,"column":4},"end":{"line":48,"column":6}},"12":{"start":{"line":46,"column":6},"end":{"line":46,"column":54}},"13":{"start":{"line":47,"column":6},"end":{"line":47,"column":57}},"14":{"start":{"line":51,"column":2},"end":{"line":51,"column":25}},"15":{"start":{"line":51,"column":13},"end":{"line":51,"column":25}},"16":{"start":{"line":54,"column":4},"end":{"line":62,"column":24}},"17":{"start":{"line":64,"column":2},"end":{"line":92,"column":4}}},"fnMap":{"0":{"name":"(anonymous_0)","decl":{"start":{"line":20,"column":36},"end":{"line":20,"column":37}},"loc":{"start":{"line":32,"column":6},"end":{"line":93,"column":1}},"line":32},"1":{"name":"(anonymous_1)","decl":{"start":{"line":35,"column":18},"end":{"line":35,"column":19}},"loc":{"start":{"line":35,"column":24},"end":{"line":49,"column":3}},"line":35},"2":{"name":"(anonymous_2)","decl":{"start":{"line":39,"column":22},"end":{"line":39,"column":23}},"loc":{"start":{"line":39,"column":48},"end":{"line":43,"column":5}},"line":39},"3":{"name":"(anonymous_3)","decl":{"start":{"line":45,"column":11},"end":{"line":45,"column":12}},"loc":{"start":{"line":45,"column":17},"end":{"line":48,"column":5}},"line":45}},"branchMap":{"0":{"loc":{"start":{"line":26,"column":2},"end":{"line":26,"column":13}},"type":"default-arg","locations":[{"start":{"line":26,"column":9},"end":{"line":26,"column":13}}],"line":26},"1":{"loc":{"start":{"line":27,"column":2},"end":{"line":27,"column":20}},"type":"default-arg","locations":[{"start":{"line":27,"column":18},"end":{"line":27,"column":20}}],"line":27},"2":{"loc":{"start":{"line":29,"column":2},"end":{"line":29,"column":30}},"type":"default-arg","locations":[{"start":{"line":29,"column":23},"end":{"line":29,"column":30}}],"line":29},"3":{"loc":{"start":{"line":30,"column":2},"end":{"line":30,"column":24}},"type":"default-arg","locations":[{"start":{"line":30,"column":20},"end":{"line":30,"column":24}}],"line":30},"4":{"loc":{"start":{"line":31,"column":2},"end":{"line":31,"column":24}},"type":"default-arg","locations":[{"start":{"line":31,"column":20},"end":{"line":31,"column":24}}],"line":31},"5":{"loc":{"start":{"line":36,"column":4},"end":{"line":36,"column":22}},"type":"if","locations":[{"start":{"line":36,"column":4},"end":{"line":36,"column":22}},{"start":{},"end":{}}],"line":36},"6":{"loc":{"start":{"line":40,"column":6},"end":{"line":42,"column":7}},"type":"if","locations":[{"start":{"line":40,"column":6},"end":{"line":42,"column":7}},{"start":{},"end":{}}],"line":40},"7":{"loc":{"start":{"line":51,"column":2},"end":{"line":51,"column":25}},"type":"if","locations":[{"start":{"line":51,"column":2},"end":{"line":51,"column":25}},{"start":{},"end":{}}],"line":51},"8":{"loc":{"start":{"line":54,"column":4},"end":{"line":62,"column":24}},"type":"cond-expr","locations":[{"start":{"line":55,"column":8},"end":{"line":55,"column":18}},{"start":{"line":56,"column":8},"end":{"line":62,"column":24}}],"line":54},"9":{"loc":{"start":{"line":56,"column":8},"end":{"line":62,"column":24}},"type":"cond-expr","locations":[{"start":{"line":57,"column":10},"end":{"line":57,"column":21}},{"start":{"line":58,"column":10},"end":{"line":62,"column":24}}],"line":56},"10":{"loc":{"start":{"line":58,"column":10},"end":{"line":62,"column":24}},"type":"cond-expr","locations":[{"start":{"line":59,"column":12},"end":{"line":59,"column":23}},{"start":{"line":60,"column":12},"end":{"line":62,"column":24}}],"line":58},"11":{"loc":{"start":{"line":60,"column":12},"end":{"line":62,"column":24}},"type":"cond-expr","locations":[{"start":{"line":61,"column":14},"end":{"line":61,"column":25}},{"start":{"line":62,"column":14},"end":{"line":62,"column":24}}],"line":60},"12":{"loc":{"start":{"line":66,"column":104},"end":{"line":66,"column":191}},"type":"cond-expr","locations":[{"start":{"line":66,"column":118},"end":{"line":66,"column":168}},{"start":{"line":66,"column":171},"end":{"line":66,"column":191}}],"line":66},"13":{"loc":{"start":{"line":68,"column":50},"end":{"line":68,"column":106}},"type":"cond-expr","locations":[{"start":{"line":68,"column":64},"end":{"line":68,"column":88}},{"start":{"line":68,"column":91},"end":{"line":68,"column":106}}],"line":68},"14":{"loc":{"start":{"line":71,"column":11},"end":{"line":80,"column":11}},"type":"binary-expr","locations":[{"start":{"line":71,"column":12},"end":{"line":71,"column":25}},{"start":{"line":71,"column":29},"end":{"line":71,"column":44}},{"start":{"line":72,"column":12},"end":{"line":79,"column":18}}],"line":71},"15":{"loc":{"start":{"line":74,"column":15},"end":{"line":78,"column":15}},"type":"binary-expr","locations":[{"start":{"line":74,"column":15},"end":{"line":74,"column":30}},{"start":{"line":75,"column":16},"end":{"line":77,"column":25}}],"line":74},"16":{"loc":{"start":{"line":85,"column":9},"end":{"line":89,"column":9}},"type":"binary-expr","locations":[{"start":{"line":85,"column":9},"end":{"line":85,"column":15}},{"start":{"line":86,"column":10},"end":{"line":88,"column":16}}],"line":85}},"s":{"0":0,"1":0,"2":0,"3":0,"4":0,"5":0,"6":0,"7":0,"8":0,"9":0,"10":0,"11":0,"12":0,"13":0,"14":0,"15":0,"16":0,"17":0},"f":{"0":0,"1":0,"2":0,"3":0},"b":{"0":[0],"1":[0],"2":[0],"3":[0],"4":[0],"5":[0,0],"6":[0,0],"7":[0,0],"8":[0,0],"9":[0,0],"10":[0,0],"11":[0,0],"12":[0,0],"13":[0,0],"14":[0,0,0],"15":[0,0],"16":[0,0]}}
,"/home/zhaoge/temp/booking-frontend/src/components/atoms/NotificationItem.tsx": {"path":"/home/zhaoge/temp/booking-frontend/src/components/atoms/NotificationItem.tsx","statementMap":{"0":{"start":{"line":22,"column":58},"end":{"line":137,"column":1}},"1":{"start":{"line":26,"column":34},"end":{"line":26,"column":44}},"2":{"start":{"line":29,"column":18},"end":{"line":57,"column":3}},"3":{"start":{"line":30,"column":4},"end":{"line":56,"column":5}},"4":{"start":{"line":32,"column":8},"end":{"line":36,"column":10}},"5":{"start":{"line":38,"column":8},"end":{"line":42,"column":10}},"6":{"start":{"line":44,"column":8},"end":{"line":48,"column":10}},"7":{"start":{"line":51,"column":8},"end":{"line":55,"column":10}},"8":{"start":{"line":60,"column":23},"end":{"line":62,"column":32}},"9":{"start":{"line":64,"column":25},"end":{"line":66,"column":21}},"10":{"start":{"line":68,"column":32},"end":{"line":70,"column":21}},"11":{"start":{"line":73,"column":2},"end":{"line":81,"column":56}},"12":{"start":{"line":74,"column":4},"end":{"line":80,"column":5}},"13":{"start":{"line":75,"column":20},"end":{"line":77,"column":38}},"14":{"start":{"line":76,"column":8},"end":{"line":76,"column":33}},"15":{"start":{"line":79,"column":6},"end":{"line":79,"column":39}},"16":{"start":{"line":79,"column":19},"end":{"line":79,"column":38}},"17":{"start":{"line":84,"column":22},"end":{"line":86,"column":3}},"18":{"start":{"line":85,"column":4},"end":{"line":85,"column":29}},"19":{"start":{"line":88,"column":2},"end":{"line":136,"column":4}}},"fnMap":{"0":{"name":"(anonymous_0)","decl":{"start":{"line":22,"column":58},"end":{"line":22,"column":59}},"loc":{"start":{"line":25,"column":6},"end":{"line":137,"column":1}},"line":25},"1":{"name":"(anonymous_1)","decl":{"start":{"line":29,"column":18},"end":{"line":29,"column":19}},"loc":{"start":{"line":29,"column":24},"end":{"line":57,"column":3}},"line":29},"2":{"name":"(anonymous_2)","decl":{"start":{"line":73,"column":12},"end":{"line":73,"column":13}},"loc":{"start":{"line":73,"column":18},"end":{"line":81,"column":3}},"line":73},"3":{"name":"(anonymous_3)","decl":{"start":{"line":75,"column":31},"end":{"line":75,"column":32}},"loc":{"start":{"line":75,"column":37},"end":{"line":77,"column":7}},"line":75},"4":{"name":"(anonymous_4)","decl":{"start":{"line":79,"column":13},"end":{"line":79,"column":14}},"loc":{"start":{"line":79,"column":19},"end":{"line":79,"column":38}},"line":79},"5":{"name":"(anonymous_5)","decl":{"start":{"line":84,"column":22},"end":{"line":84,"column":23}},"loc":{"start":{"line":84,"column":28},"end":{"line":86,"column":3}},"line":84}},"branchMap":{"0":{"loc":{"start":{"line":30,"column":4},"end":{"line":56,"column":5}},"type":"switch","locations":[{"start":{"line":31,"column":6},"end":{"line":36,"column":10}},{"start":{"line":37,"column":6},"end":{"line":42,"column":10}},{"start":{"line":43,"column":6},"end":{"line":48,"column":10}},{"start":{"line":49,"column":6},"end":{"line":49,"column":18}},{"start":{"line":50,"column":6},"end":{"line":55,"column":10}}],"line":30},"1":{"loc":{"start":{"line":60,"column":23},"end":{"line":62,"column":32}},"type":"cond-expr","locations":[{"start":{"line":61,"column":6},"end":{"line":61,"column":35}},{"start":{"line":62,"column":6},"end":{"line":62,"column":32}}],"line":60},"2":{"loc":{"start":{"line":64,"column":25},"end":{"line":66,"column":21}},"type":"cond-expr","locations":[{"start":{"line":65,"column":6},"end":{"line":65,"column":30}},{"start":{"line":66,"column":6},"end":{"line":66,"column":21}}],"line":64},"3":{"loc":{"start":{"line":68,"column":32},"end":{"line":70,"column":21}},"type":"cond-expr","locations":[{"start":{"line":69,"column":6},"end":{"line":69,"column":32}},{"start":{"line":70,"column":6},"end":{"line":70,"column":21}}],"line":68},"4":{"loc":{"start":{"line":74,"column":4},"end":{"line":80,"column":5}},"type":"if","locations":[{"start":{"line":74,"column":4},"end":{"line":80,"column":5}},{"start":{},"end":{}}],"line":74},"5":{"loc":{"start":{"line":74,"column":8},"end":{"line":74,"column":58}},"type":"binary-expr","locations":[{"start":{"line":74,"column":8},"end":{"line":74,"column":29}},{"start":{"line":74,"column":33},"end":{"line":74,"column":58}}],"line":74},"6":{"loc":{"start":{"line":109,"column":9},"end":{"line":113,"column":9}},"type":"binary-expr","locations":[{"start":{"line":109,"column":9},"end":{"line":109,"column":29}},{"start":{"line":110,"column":10},"end":{"line":112,"column":14}}],"line":109},"7":{"loc":{"start":{"line":114,"column":9},"end":{"line":118,"column":9}},"type":"binary-expr","locations":[{"start":{"line":114,"column":9},"end":{"line":114,"column":33}},{"start":{"line":115,"column":10},"end":{"line":117,"column":14}}],"line":114},"8":{"loc":{"start":{"line":127,"column":12},"end":{"line":129,"column":67}},"type":"cond-expr","locations":[{"start":{"line":128,"column":14},"end":{"line":128,"column":67}},{"start":{"line":129,"column":14},"end":{"line":129,"column":67}}],"line":127}},"s":{"0":0,"1":0,"2":0,"3":0,"4":0,"5":0,"6":0,"7":0,"8":0,"9":0,"10":0,"11":0,"12":0,"13":0,"14":0,"15":0,"16":0,"17":0,"18":0,"19":0},"f":{"0":0,"1":0,"2":0,"3":0,"4":0,"5":0},"b":{"0":[0,0,0,0,0],"1":[0,0],"2":[0,0],"3":[0,0],"4":[0,0],"5":[0,0],"6":[0,0],"7":[0,0],"8":[0,0]}}
,"/home/zhaoge/temp/booking-frontend/src/components/atoms/RichTextEditor.tsx": {"path":"/home/zhaoge/temp/booking-frontend/src/components/atoms/RichTextEditor.tsx","statementMap":{"0":{"start":{"line":10,"column":19},"end":{"line":10,"column":75}},"1":{"start":{"line":10,"column":33},"end":{"line":10,"column":58}},"2":{"start":{"line":27,"column":54},"end":{"line":162,"column":1}},"3":{"start":{"line":37,"column":20},"end":{"line":37,"column":30}},"4":{"start":{"line":38,"column":34},"end":{"line":38,"column":50}},"5":{"start":{"line":40,"column":2},"end":{"line":44,"column":15}},"6":{"start":{"line":41,"column":4},"end":{"line":43,"column":5}},"7":{"start":{"line":42,"column":6},"end":{"line":42,"column":64}},"8":{"start":{"line":46,"column":16},"end":{"line":46,"column":52}},"9":{"start":{"line":47,"column":21},"end":{"line":47,"column":70}},"10":{"start":{"line":49,"column":18},"end":{"line":57,"column":9}},"11":{"start":{"line":49,"column":39},"end":{"line":57,"column":3}},"12":{"start":{"line":59,"column":18},"end":{"line":64,"column":8}},"13":{"start":{"line":59,"column":38},"end":{"line":64,"column":3}},"14":{"start":{"line":67,"column":26},"end":{"line":90,"column":8}},"15":{"start":{"line":91,"column":29},"end":{"line":130,"column":3}},"16":{"start":{"line":132,"column":2},"end":{"line":161,"column":4}}},"fnMap":{"0":{"name":"(anonymous_0)","decl":{"start":{"line":10,"column":27},"end":{"line":10,"column":28}},"loc":{"start":{"line":10,"column":33},"end":{"line":10,"column":58}},"line":10},"1":{"name":"(anonymous_1)","decl":{"start":{"line":27,"column":54},"end":{"line":27,"column":55}},"loc":{"start":{"line":36,"column":6},"end":{"line":162,"column":1}},"line":36},"2":{"name":"(anonymous_2)","decl":{"start":{"line":40,"column":12},"end":{"line":40,"column":13}},"loc":{"start":{"line":40,"column":18},"end":{"line":44,"column":3}},"line":40},"3":{"name":"(anonymous_3)","decl":{"start":{"line":49,"column":32},"end":{"line":49,"column":33}},"loc":{"start":{"line":49,"column":39},"end":{"line":57,"column":3}},"line":49},"4":{"name":"(anonymous_4)","decl":{"start":{"line":59,"column":32},"end":{"line":59,"column":33}},"loc":{"start":{"line":59,"column":38},"end":{"line":64,"column":3}},"line":59}},"branchMap":{"0":{"loc":{"start":{"line":34,"column":2},"end":{"line":34,"column":19}},"type":"default-arg","locations":[{"start":{"line":34,"column":14},"end":{"line":34,"column":19}}],"line":34},"1":{"loc":{"start":{"line":35,"column":2},"end":{"line":35,"column":36}},"type":"default-arg","locations":[{"start":{"line":35,"column":22},"end":{"line":35,"column":36}}],"line":35},"2":{"loc":{"start":{"line":41,"column":4},"end":{"line":43,"column":5}},"type":"if","locations":[{"start":{"line":41,"column":4},"end":{"line":43,"column":5}},{"start":{},"end":{}}],"line":41},"3":{"loc":{"start":{"line":46,"column":16},"end":{"line":46,"column":52}},"type":"binary-expr","locations":[{"start":{"line":46,"column":16},"end":{"line":46,"column":22}},{"start":{"line":46,"column":26},"end":{"line":46,"column":34}},{"start":{"line":46,"column":38},"end":{"line":46,"column":52}}],"line":46},"4":{"loc":{"start":{"line":67,"column":26},"end":{"line":90,"column":8}},"type":"cond-expr","locations":[{"start":{"line":67,"column":45},"end":{"line":90,"column":3}},{"start":{"line":90,"column":6},"end":{"line":90,"column":8}}],"line":67},"5":{"loc":{"start":{"line":133,"column":42},"end":{"line":133,"column":67}},"type":"cond-expr","locations":[{"start":{"line":133,"column":54},"end":{"line":133,"column":62}},{"start":{"line":133,"column":65},"end":{"line":133,"column":67}}],"line":133},"6":{"loc":{"start":{"line":133,"column":71},"end":{"line":133,"column":119}},"type":"cond-expr","locations":[{"start":{"line":133,"column":84},"end":{"line":133,"column":114}},{"start":{"line":133,"column":117},"end":{"line":133,"column":119}}],"line":133},"7":{"loc":{"start":{"line":135,"column":7},"end":{"line":142,"column":7}},"type":"binary-expr","locations":[{"start":{"line":135,"column":7},"end":{"line":135,"column":12}},{"start":{"line":136,"column":8},"end":{"line":141,"column":16}}],"line":135},"8":{"loc":{"start":{"line":143,"column":50},"end":{"line":143,"column":97}},"type":"cond-expr","locations":[{"start":{"line":143,"column":58},"end":{"line":143,"column":92}},{"start":{"line":143,"column":95},"end":{"line":143,"column":97}}],"line":143},"9":{"loc":{"start":{"line":152,"column":63},"end":{"line":152,"column":90}},"type":"cond-expr","locations":[{"start":{"line":152,"column":76},"end":{"line":152,"column":85}},{"start":{"line":152,"column":88},"end":{"line":152,"column":90}}],"line":152},"10":{"loc":{"start":{"line":155,"column":7},"end":{"line":159,"column":7}},"type":"binary-expr","locations":[{"start":{"line":155,"column":7},"end":{"line":155,"column":12}},{"start":{"line":156,"column":8},"end":{"line":158,"column":12}}],"line":155},"11":{"loc":{"start":{"line":156,"column":38},"end":{"line":156,"column":88}},"type":"cond-expr","locations":[{"start":{"line":156,"column":57},"end":{"line":156,"column":71}},{"start":{"line":156,"column":74},"end":{"line":156,"column":88}}],"line":156}},"s":{"0":0,"1":0,"2":0,"3":0,"4":0,"5":0,"6":0,"7":0,"8":0,"9":0,"10":0,"11":0,"12":0,"13":0,"14":0,"15":0,"16":0},"f":{"0":0,"1":0,"2":0,"3":0,"4":0},"b":{"0":[0],"1":[0],"2":[0,0],"3":[0,0,0],"4":[0,0],"5":[0,0],"6":[0,0],"7":[0,0],"8":[0,0],"9":[0,0],"10":[0,0],"11":[0,0]}}
,"/home/zhaoge/temp/booking-frontend/src/components/atoms/Spinner.tsx": {"path":"/home/zhaoge/temp/booking-frontend/src/components/atoms/Spinner.tsx","statementMap":{"0":{"start":{"line":30,"column":40},"end":{"line":73,"column":1}},"1":{"start":{"line":36,"column":34},"end":{"line":36,"column":44}},"2":{"start":{"line":39,"column":21},"end":{"line":43,"column":3}},"3":{"start":{"line":46,"column":22},"end":{"line":46,"column":69}},"4":{"start":{"line":48,"column":2},"end":{"line":61,"column":3}},"5":{"start":{"line":49,"column":4},"end":{"line":60,"column":6}},"6":{"start":{"line":63,"column":2},"end":{"line":72,"column":4}}},"fnMap":{"0":{"name":"(anonymous_0)","decl":{"start":{"line":30,"column":40},"end":{"line":30,"column":41}},"loc":{"start":{"line":35,"column":6},"end":{"line":73,"column":1}},"line":35}},"branchMap":{"0":{"loc":{"start":{"line":32,"column":2},"end":{"line":32,"column":13}},"type":"default-arg","locations":[{"start":{"line":32,"column":9},"end":{"line":32,"column":13}}],"line":32},"1":{"loc":{"start":{"line":33,"column":2},"end":{"line":33,"column":16}},"type":"default-arg","locations":[{"start":{"line":33,"column":11},"end":{"line":33,"column":16}}],"line":33},"2":{"loc":{"start":{"line":34,"column":2},"end":{"line":34,"column":16}},"type":"default-arg","locations":[{"start":{"line":34,"column":14},"end":{"line":34,"column":16}}],"line":34},"3":{"loc":{"start":{"line":46,"column":22},"end":{"line":46,"column":69}},"type":"cond-expr","locations":[{"start":{"line":46,"column":36},"end":{"line":46,"column":50}},{"start":{"line":46,"column":53},"end":{"line":46,"column":69}}],"line":46},"4":{"loc":{"start":{"line":48,"column":2},"end":{"line":61,"column":3}},"type":"if","locations":[{"start":{"line":48,"column":2},"end":{"line":61,"column":3}},{"start":{},"end":{}}],"line":48},"5":{"loc":{"start":{"line":53,"column":11},"end":{"line":57,"column":11}},"type":"binary-expr","locations":[{"start":{"line":53,"column":11},"end":{"line":53,"column":15}},{"start":{"line":54,"column":12},"end":{"line":56,"column":16}}],"line":53},"6":{"loc":{"start":{"line":54,"column":60},"end":{"line":54,"column":116}},"type":"cond-expr","locations":[{"start":{"line":54,"column":74},"end":{"line":54,"column":98}},{"start":{"line":54,"column":101},"end":{"line":54,"column":116}}],"line":54},"7":{"loc":{"start":{"line":66,"column":7},"end":{"line":70,"column":7}},"type":"binary-expr","locations":[{"start":{"line":66,"column":7},"end":{"line":66,"column":11}},{"start":{"line":67,"column":8},"end":{"line":69,"column":15}}],"line":66},"8":{"loc":{"start":{"line":67,"column":33},"end":{"line":67,"column":89}},"type":"cond-expr","locations":[{"start":{"line":67,"column":47},"end":{"line":67,"column":71}},{"start":{"line":67,"column":74},"end":{"line":67,"column":89}}],"line":67}},"s":{"0":0,"1":0,"2":0,"3":0,"4":0,"5":0,"6":0},"f":{"0":0},"b":{"0":[0],"1":[0],"2":[0],"3":[0,0],"4":[0,0],"5":[0,0],"6":[0,0],"7":[0,0],"8":[0,0]}}
,"/home/zhaoge/temp/booking-frontend/src/components/atoms/Textarea.tsx": {"path":"/home/zhaoge/temp/booking-frontend/src/components/atoms/Textarea.tsx","statementMap":{"0":{"start":{"line":21,"column":17},"end":{"line":88,"column":1}},"1":{"start":{"line":34,"column":36},"end":{"line":34,"column":52}},"2":{"start":{"line":35,"column":22},"end":{"line":35,"column":32}},"3":{"start":{"line":38,"column":4},"end":{"line":42,"column":17}},"4":{"start":{"line":39,"column":6},"end":{"line":41,"column":7}},"5":{"start":{"line":40,"column":8},"end":{"line":40,"column":71}},"6":{"start":{"line":44,"column":23},"end":{"line":44,"column":64}},"7":{"start":{"line":47,"column":24},"end":{"line":49,"column":133}},"8":{"start":{"line":52,"column":25},"end":{"line":56,"column":10}},"9":{"start":{"line":59,"column":23},"end":{"line":59,"column":48}},"10":{"start":{"line":62,"column":20},"end":{"line":62,"column":79}},"11":{"start":{"line":64,"column":4},"end":{"line":86,"column":6}},"12":{"start":{"line":90,"column":0},"end":{"line":90,"column":34}}},"fnMap":{"0":{"name":"(anonymous_0)","decl":{"start":{"line":22,"column":2},"end":{"line":22,"column":3}},"loc":{"start":{"line":32,"column":7},"end":{"line":87,"column":3}},"line":32},"1":{"name":"(anonymous_1)","decl":{"start":{"line":38,"column":14},"end":{"line":38,"column":15}},"loc":{"start":{"line":38,"column":20},"end":{"line":42,"column":5}},"line":38}},"branchMap":{"0":{"loc":{"start":{"line":26,"column":6},"end":{"line":26,"column":23}},"type":"default-arg","locations":[{"start":{"line":26,"column":18},"end":{"line":26,"column":23}}],"line":26},"1":{"loc":{"start":{"line":27,"column":6},"end":{"line":27,"column":20}},"type":"default-arg","locations":[{"start":{"line":27,"column":18},"end":{"line":27,"column":20}}],"line":27},"2":{"loc":{"start":{"line":39,"column":6},"end":{"line":41,"column":7}},"type":"if","locations":[{"start":{"line":39,"column":6},"end":{"line":41,"column":7}},{"start":{},"end":{}}],"line":39},"3":{"loc":{"start":{"line":44,"column":23},"end":{"line":44,"column":64}},"type":"binary-expr","locations":[{"start":{"line":44,"column":23},"end":{"line":44,"column":29}},{"start":{"line":44,"column":33},"end":{"line":44,"column":41}},{"start":{"line":44,"column":45},"end":{"line":44,"column":64}}],"line":44},"4":{"loc":{"start":{"line":47,"column":24},"end":{"line":49,"column":133}},"type":"cond-expr","locations":[{"start":{"line":48,"column":8},"end":{"line":48,"column":155}},{"start":{"line":49,"column":8},"end":{"line":49,"column":133}}],"line":47},"5":{"loc":{"start":{"line":52,"column":25},"end":{"line":56,"column":10}},"type":"cond-expr","locations":[{"start":{"line":53,"column":8},"end":{"line":55,"column":99}},{"start":{"line":56,"column":8},"end":{"line":56,"column":10}}],"line":52},"6":{"loc":{"start":{"line":53,"column":8},"end":{"line":55,"column":99}},"type":"cond-expr","locations":[{"start":{"line":54,"column":10},"end":{"line":54,"column":99}},{"start":{"line":55,"column":10},"end":{"line":55,"column":99}}],"line":53},"7":{"loc":{"start":{"line":59,"column":23},"end":{"line":59,"column":48}},"type":"cond-expr","locations":[{"start":{"line":59,"column":35},"end":{"line":59,"column":43}},{"start":{"line":59,"column":46},"end":{"line":59,"column":48}}],"line":59},"8":{"loc":{"start":{"line":65,"column":46},"end":{"line":65,"column":71}},"type":"cond-expr","locations":[{"start":{"line":65,"column":58},"end":{"line":65,"column":66}},{"start":{"line":65,"column":69},"end":{"line":65,"column":71}}],"line":65},"9":{"loc":{"start":{"line":66,"column":9},"end":{"line":73,"column":9}},"type":"binary-expr","locations":[{"start":{"line":66,"column":9},"end":{"line":66,"column":14}},{"start":{"line":67,"column":10},"end":{"line":72,"column":18}}],"line":66},"10":{"loc":{"start":{"line":80,"column":9},"end":{"line":84,"column":9}},"type":"binary-expr","locations":[{"start":{"line":80,"column":9},"end":{"line":80,"column":14}},{"start":{"line":81,"column":10},"end":{"line":83,"column":14}}],"line":80},"11":{"loc":{"start":{"line":81,"column":40},"end":{"line":81,"column":90}},"type":"cond-expr","locations":[{"start":{"line":81,"column":59},"end":{"line":81,"column":73}},{"start":{"line":81,"column":76},"end":{"line":81,"column":90}}],"line":81}},"s":{"0":0,"1":0,"2":0,"3":0,"4":0,"5":0,"6":0,"7":0,"8":0,"9":0,"10":0,"11":0,"12":0},"f":{"0":0,"1":0},"b":{"0":[0],"1":[0],"2":[0,0],"3":[0,0,0],"4":[0,0],"5":[0,0],"6":[0,0],"7":[0,0],"8":[0,0],"9":[0,0],"10":[0,0],"11":[0,0]}}
,"/home/zhaoge/temp/booking-frontend/src/components/atoms/ThemeToggle.tsx": {"path":"/home/zhaoge/temp/booking-frontend/src/components/atoms/ThemeToggle.tsx","statementMap":{"0":{"start":{"line":12,"column":30},"end":{"line":30,"column":1}},"1":{"start":{"line":13,"column":35},"end":{"line":13,"column":42}},"2":{"start":{"line":15,"column":2},"end":{"line":29,"column":4}}},"fnMap":{"0":{"name":"(anonymous_0)","decl":{"start":{"line":12,"column":30},"end":{"line":12,"column":31}},"loc":{"start":{"line":12,"column":36},"end":{"line":30,"column":1}},"line":12}},"branchMap":{"0":{"loc":{"start":{"line":19,"column":37},"end":{"line":19,"column":175}},"type":"cond-expr","locations":[{"start":{"line":19,"column":64},"end":{"line":19,"column":127}},{"start":{"line":19,"column":130},"end":{"line":19,"column":175}}],"line":19},"1":{"loc":{"start":{"line":23,"column":7},"end":{"line":27,"column":7}},"type":"cond-expr","locations":[{"start":{"line":24,"column":8},"end":{"line":24,"column":35}},{"start":{"line":26,"column":8},"end":{"line":26,"column":36}}],"line":23}},"s":{"0":0,"1":0,"2":0},"f":{"0":0},"b":{"0":[0,0],"1":[0,0]}}
,"/home/zhaoge/temp/booking-frontend/src/components/atoms/index.tsx": {"path":"/home/zhaoge/temp/booking-frontend/src/components/atoms/index.tsx","statementMap":{},"fnMap":{},"branchMap":{},"s":{},"f":{},"b":{}}
,"/home/zhaoge/temp/booking-frontend/src/components/atoms/icons/Icon.tsx": {"path":"/home/zhaoge/temp/booking-frontend/src/components/atoms/icons/Icon.tsx","statementMap":{"0":{"start":{"line":28,"column":34},"end":{"line":89,"column":1}},"1":{"start":{"line":36,"column":22},"end":{"line":40,"column":3}},"2":{"start":{"line":37,"column":4},"end":{"line":39,"column":21}},"3":{"start":{"line":43,"column":27},"end":{"line":67,"column":3}},"4":{"start":{"line":44,"column":4},"end":{"line":66,"column":5}},"5":{"start":{"line":46,"column":28},"end":{"line":46,"column":73}},"6":{"start":{"line":47,"column":6},"end":{"line":49,"column":7}},"7":{"start":{"line":48,"column":8},"end":{"line":48,"column":29}},"8":{"start":{"line":52,"column":28},"end":{"line":52,"column":72}},"9":{"start":{"line":53,"column":6},"end":{"line":53,"column":68}},"10":{"start":{"line":56,"column":28},"end":{"line":56,"column":45}},"11":{"start":{"line":59,"column":27},"end":{"line":59,"column":49}},"12":{"start":{"line":60,"column":33},"end":{"line":63,"column":17}},"13":{"start":{"line":62,"column":21},"end":{"line":62,"column":65}},"14":{"start":{"line":65,"column":6},"end":{"line":65,"column":69}},"15":{"start":{"line":69,"column":24},"end":{"line":69,"column":42}},"16":{"start":{"line":72,"column":2},"end":{"line":75,"column":3}},"17":{"start":{"line":73,"column":4},"end":{"line":73,"column":60}},"18":{"start":{"line":74,"column":4},"end":{"line":74,"column":16}},"19":{"start":{"line":78,"column":23},"end":{"line":78,"column":51}},"20":{"start":{"line":81,"column":26},"end":{"line":81,"column":77}},"21":{"start":{"line":83,"column":2},"end":{"line":88,"column":4}}},"fnMap":{"0":{"name":"(anonymous_0)","decl":{"start":{"line":28,"column":34},"end":{"line":28,"column":35}},"loc":{"start":{"line":34,"column":6},"end":{"line":89,"column":1}},"line":34},"1":{"name":"(anonymous_1)","decl":{"start":{"line":36,"column":22},"end":{"line":36,"column":23}},"loc":{"start":{"line":36,"column":47},"end":{"line":40,"column":3}},"line":36},"2":{"name":"(anonymous_2)","decl":{"start":{"line":43,"column":27},"end":{"line":43,"column":28}},"loc":{"start":{"line":43,"column":33},"end":{"line":67,"column":3}},"line":43},"3":{"name":"(anonymous_3)","decl":{"start":{"line":62,"column":13},"end":{"line":62,"column":14}},"loc":{"start":{"line":62,"column":21},"end":{"line":62,"column":65}},"line":62}},"branchMap":{"0":{"loc":{"start":{"line":30,"column":2},"end":{"line":30,"column":11}},"type":"default-arg","locations":[{"start":{"line":30,"column":9},"end":{"line":30,"column":11}}],"line":30},"1":{"loc":{"start":{"line":31,"column":2},"end":{"line":31,"column":16}},"type":"default-arg","locations":[{"start":{"line":31,"column":14},"end":{"line":31,"column":16}}],"line":31},"2":{"loc":{"start":{"line":32,"column":2},"end":{"line":32,"column":12}},"type":"default-arg","locations":[{"start":{"line":32,"column":10},"end":{"line":32,"column":12}}],"line":32},"3":{"loc":{"start":{"line":33,"column":2},"end":{"line":33,"column":17}},"type":"default-arg","locations":[{"start":{"line":33,"column":9},"end":{"line":33,"column":17}}],"line":33},"4":{"loc":{"start":{"line":44,"column":4},"end":{"line":66,"column":5}},"type":"if","locations":[{"start":{"line":44,"column":4},"end":{"line":66,"column":5}},{"start":{"line":54,"column":11},"end":{"line":66,"column":5}}],"line":44},"5":{"loc":{"start":{"line":47,"column":6},"end":{"line":49,"column":7}},"type":"if","locations":[{"start":{"line":47,"column":6},"end":{"line":49,"column":7}},{"start":{},"end":{}}],"line":47},"6":{"loc":{"start":{"line":72,"column":2},"end":{"line":75,"column":3}},"type":"if","locations":[{"start":{"line":72,"column":2},"end":{"line":75,"column":3}},{"start":{},"end":{}}],"line":72},"7":{"loc":{"start":{"line":78,"column":23},"end":{"line":78,"column":51}},"type":"cond-expr","locations":[{"start":{"line":78,"column":31},"end":{"line":78,"column":46}},{"start":{"line":78,"column":49},"end":{"line":78,"column":51}}],"line":78}},"s":{"0":0,"1":0,"2":0,"3":0,"4":0,"5":0,"6":0,"7":0,"8":0,"9":0,"10":0,"11":0,"12":0,"13":0,"14":0,"15":0,"16":0,"17":0,"18":0,"19":0,"20":0,"21":0},"f":{"0":0,"1":0,"2":0,"3":0},"b":{"0":[0],"1":[0],"2":[0],"3":[0],"4":[0,0],"5":[0,0],"6":[0,0],"7":[0,0]}}
,"/home/zhaoge/temp/booking-frontend/src/components/atoms/motion/AnimatedFooter.tsx": {"path":"/home/zhaoge/temp/booking-frontend/src/components/atoms/motion/AnimatedFooter.tsx","statementMap":{"0":{"start":{"line":41,"column":54},"end":{"line":79,"column":1}},"1":{"start":{"line":49,"column":2},"end":{"line":55,"column":3}},"2":{"start":{"line":50,"column":4},"end":{"line":54,"column":6}},"3":{"start":{"line":58,"column":25},"end":{"line":66,"column":14}},"4":{"start":{"line":68,"column":2},"end":{"line":78,"column":4}}},"fnMap":{"0":{"name":"(anonymous_0)","decl":{"start":{"line":41,"column":54},"end":{"line":41,"column":55}},"loc":{"start":{"line":48,"column":6},"end":{"line":79,"column":1}},"line":48}},"branchMap":{"0":{"loc":{"start":{"line":43,"column":2},"end":{"line":43,"column":16}},"type":"default-arg","locations":[{"start":{"line":43,"column":14},"end":{"line":43,"column":16}}],"line":43},"1":{"loc":{"start":{"line":45,"column":2},"end":{"line":45,"column":16}},"type":"default-arg","locations":[{"start":{"line":45,"column":12},"end":{"line":45,"column":16}}],"line":45},"2":{"loc":{"start":{"line":46,"column":2},"end":{"line":46,"column":27}},"type":"default-arg","locations":[{"start":{"line":46,"column":13},"end":{"line":46,"column":27}}],"line":46},"3":{"loc":{"start":{"line":49,"column":2},"end":{"line":55,"column":3}},"type":"if","locations":[{"start":{"line":49,"column":2},"end":{"line":55,"column":3}},{"start":{},"end":{}}],"line":49},"4":{"loc":{"start":{"line":58,"column":25},"end":{"line":66,"column":14}},"type":"cond-expr","locations":[{"start":{"line":59,"column":6},"end":{"line":65,"column":7}},{"start":{"line":66,"column":6},"end":{"line":66,"column":14}}],"line":58}},"s":{"0":0,"1":0,"2":0,"3":0,"4":0},"f":{"0":0},"b":{"0":[0],"1":[0],"2":[0],"3":[0,0],"4":[0,0]}}
,"/home/zhaoge/temp/booking-frontend/src/components/atoms/motion/AnimatedHeader.tsx": {"path":"/home/zhaoge/temp/booking-frontend/src/components/atoms/motion/AnimatedHeader.tsx","statementMap":{"0":{"start":{"line":48,"column":54},"end":{"line":76,"column":1}},"1":{"start":{"line":57,"column":2},"end":{"line":63,"column":3}},"2":{"start":{"line":58,"column":4},"end":{"line":62,"column":6}},"3":{"start":{"line":65,"column":2},"end":{"line":75,"column":4}}},"fnMap":{"0":{"name":"(anonymous_0)","decl":{"start":{"line":48,"column":54},"end":{"line":48,"column":55}},"loc":{"start":{"line":56,"column":6},"end":{"line":76,"column":1}},"line":56}},"branchMap":{"0":{"loc":{"start":{"line":50,"column":2},"end":{"line":50,"column":16}},"type":"default-arg","locations":[{"start":{"line":50,"column":14},"end":{"line":50,"column":16}}],"line":50},"1":{"loc":{"start":{"line":52,"column":2},"end":{"line":52,"column":16}},"type":"default-arg","locations":[{"start":{"line":52,"column":12},"end":{"line":52,"column":16}}],"line":52},"2":{"loc":{"start":{"line":53,"column":2},"end":{"line":53,"column":27}},"type":"default-arg","locations":[{"start":{"line":53,"column":13},"end":{"line":53,"column":27}}],"line":53},"3":{"loc":{"start":{"line":54,"column":2},"end":{"line":54,"column":20}},"type":"default-arg","locations":[{"start":{"line":54,"column":12},"end":{"line":54,"column":20}}],"line":54},"4":{"loc":{"start":{"line":55,"column":2},"end":{"line":55,"column":26}},"type":"default-arg","locations":[{"start":{"line":55,"column":17},"end":{"line":55,"column":26}}],"line":55},"5":{"loc":{"start":{"line":57,"column":2},"end":{"line":63,"column":3}},"type":"if","locations":[{"start":{"line":57,"column":2},"end":{"line":63,"column":3}},{"start":{},"end":{}}],"line":57}},"s":{"0":0,"1":0,"2":0,"3":0},"f":{"0":0},"b":{"0":[0],"1":[0],"2":[0],"3":[0],"4":[0],"5":[0,0]}}
,"/home/zhaoge/temp/booking-frontend/src/components/atoms/motion/AnimatedPage.tsx": {"path":"/home/zhaoge/temp/booking-frontend/src/components/atoms/motion/AnimatedPage.tsx","statementMap":{"0":{"start":{"line":52,"column":50},"end":{"line":92,"column":1}},"1":{"start":{"line":63,"column":2},"end":{"line":71,"column":3}},"2":{"start":{"line":64,"column":4},"end":{"line":70,"column":6}},"3":{"start":{"line":73,"column":2},"end":{"line":91,"column":4}}},"fnMap":{"0":{"name":"(anonymous_0)","decl":{"start":{"line":52,"column":50},"end":{"line":52,"column":51}},"loc":{"start":{"line":62,"column":6},"end":{"line":92,"column":1}},"line":62}},"branchMap":{"0":{"loc":{"start":{"line":54,"column":2},"end":{"line":54,"column":25}},"type":"default-arg","locations":[{"start":{"line":54,"column":23},"end":{"line":54,"column":25}}],"line":54},"1":{"loc":{"start":{"line":55,"column":2},"end":{"line":55,"column":21}},"type":"default-arg","locations":[{"start":{"line":55,"column":19},"end":{"line":55,"column":21}}],"line":55},"2":{"loc":{"start":{"line":58,"column":2},"end":{"line":58,"column":25}},"type":"default-arg","locations":[{"start":{"line":58,"column":21},"end":{"line":58,"column":25}}],"line":58},"3":{"loc":{"start":{"line":59,"column":2},"end":{"line":59,"column":21}},"type":"default-arg","locations":[{"start":{"line":59,"column":17},"end":{"line":59,"column":21}}],"line":59},"4":{"loc":{"start":{"line":60,"column":2},"end":{"line":60,"column":44}},"type":"default-arg","locations":[{"start":{"line":60,"column":22},"end":{"line":60,"column":44}}],"line":60},"5":{"loc":{"start":{"line":61,"column":2},"end":{"line":61,"column":40}},"type":"default-arg","locations":[{"start":{"line":61,"column":18},"end":{"line":61,"column":40}}],"line":61},"6":{"loc":{"start":{"line":63,"column":2},"end":{"line":71,"column":3}},"type":"if","locations":[{"start":{"line":63,"column":2},"end":{"line":71,"column":3}},{"start":{},"end":{}}],"line":63},"7":{"loc":{"start":{"line":63,"column":6},"end":{"line":63,"column":40}},"type":"binary-expr","locations":[{"start":{"line":63,"column":6},"end":{"line":63,"column":23}},{"start":{"line":63,"column":27},"end":{"line":63,"column":40}}],"line":63},"8":{"loc":{"start":{"line":77,"column":15},"end":{"line":77,"column":50}},"type":"cond-expr","locations":[{"start":{"line":77,"column":34},"end":{"line":77,"column":42}},{"start":{"line":77,"column":45},"end":{"line":77,"column":50}}],"line":77},"9":{"loc":{"start":{"line":78,"column":15},"end":{"line":78,"column":55}},"type":"cond-expr","locations":[{"start":{"line":78,"column":34},"end":{"line":78,"column":43}},{"start":{"line":78,"column":46},"end":{"line":78,"column":55}}],"line":78},"10":{"loc":{"start":{"line":79,"column":16},"end":{"line":79,"column":64}},"type":"cond-expr","locations":[{"start":{"line":79,"column":35},"end":{"line":79,"column":52}},{"start":{"line":79,"column":55},"end":{"line":79,"column":64}}],"line":79},"11":{"loc":{"start":{"line":84,"column":17},"end":{"line":84,"column":48}},"type":"cond-expr","locations":[{"start":{"line":84,"column":32},"end":{"line":84,"column":40}},{"start":{"line":84,"column":43},"end":{"line":84,"column":48}}],"line":84},"12":{"loc":{"start":{"line":85,"column":17},"end":{"line":85,"column":53}},"type":"cond-expr","locations":[{"start":{"line":85,"column":32},"end":{"line":85,"column":41}},{"start":{"line":85,"column":44},"end":{"line":85,"column":53}}],"line":85},"13":{"loc":{"start":{"line":86,"column":18},"end":{"line":86,"column":58}},"type":"cond-expr","locations":[{"start":{"line":86,"column":33},"end":{"line":86,"column":46}},{"start":{"line":86,"column":49},"end":{"line":86,"column":58}}],"line":86}},"s":{"0":0,"1":0,"2":0,"3":0},"f":{"0":0},"b":{"0":[0],"1":[0],"2":[0],"3":[0],"4":[0],"5":[0],"6":[0,0],"7":[0,0],"8":[0,0],"9":[0,0],"10":[0,0],"11":[0,0],"12":[0,0],"13":[0,0]}}
,"/home/zhaoge/temp/booking-frontend/src/components/atoms/motion/index.ts": {"path":"/home/zhaoge/temp/booking-frontend/src/components/atoms/motion/index.ts","statementMap":{},"fnMap":{},"branchMap":{},"s":{},"f":{},"b":{}}
,"/home/zhaoge/temp/booking-frontend/src/components/atoms/motion/variants.ts": {"path":"/home/zhaoge/temp/booking-frontend/src/components/atoms/motion/variants.ts","statementMap":{"0":{"start":{"line":7,"column":38},"end":{"line":13,"column":1}},"1":{"start":{"line":18,"column":38},"end":{"line":25,"column":1}},"2":{"start":{"line":30,"column":30},"end":{"line":37,"column":1}},"3":{"start":{"line":42,"column":30},"end":{"line":48,"column":1}},"4":{"start":{"line":53,"column":28},"end":{"line":60,"column":1}},"5":{"start":{"line":65,"column":30},"end":{"line":68,"column":1}},"6":{"start":{"line":73,"column":38},"end":{"line":79,"column":1}}},"fnMap":{},"branchMap":{},"s":{"0":0,"1":0,"2":0,"3":0,"4":0,"5":0,"6":0},"f":{},"b":{}}
,"/home/zhaoge/temp/booking-frontend/src/components/hoc/withAdmin.tsx": {"path":"/home/zhaoge/temp/booking-frontend/src/components/hoc/withAdmin.tsx","statementMap":{"0":{"start":{"line":14,"column":46},"end":{"line":31,"column":3}},"1":{"start":{"line":15,"column":19},"end":{"line":15,"column":30}},"2":{"start":{"line":16,"column":28},"end":{"line":16,"column":73}},"3":{"start":{"line":16,"column":62},"end":{"line":16,"column":72}},"4":{"start":{"line":18,"column":4},"end":{"line":23,"column":30}},"5":{"start":{"line":20,"column":6},"end":{"line":22,"column":7}},"6":{"start":{"line":21,"column":8},"end":{"line":21,"column":25}},"7":{"start":{"line":26,"column":4},"end":{"line":28,"column":5}},"8":{"start":{"line":27,"column":6},"end":{"line":27,"column":18}},"9":{"start":{"line":30,"column":4},"end":{"line":30,"column":43}},"10":{"start":{"line":34,"column":2},"end":{"line":34,"column":109}},"11":{"start":{"line":36,"column":2},"end":{"line":36,"column":32}}},"fnMap":{"0":{"name":"withAdmin","decl":{"start":{"line":13,"column":16},"end":{"line":13,"column":25}},"loc":{"start":{"line":13,"column":86},"end":{"line":37,"column":1}},"line":13},"1":{"name":"(anonymous_1)","decl":{"start":{"line":14,"column":46},"end":{"line":14,"column":47}},"loc":{"start":{"line":14,"column":57},"end":{"line":31,"column":3}},"line":14},"2":{"name":"(anonymous_2)","decl":{"start":{"line":16,"column":40},"end":{"line":16,"column":41}},"loc":{"start":{"line":16,"column":62},"end":{"line":16,"column":72}},"line":16},"3":{"name":"(anonymous_3)","decl":{"start":{"line":18,"column":14},"end":{"line":18,"column":15}},"loc":{"start":{"line":18,"column":20},"end":{"line":23,"column":5}},"line":18}},"branchMap":{"0":{"loc":{"start":{"line":20,"column":6},"end":{"line":22,"column":7}},"type":"if","locations":[{"start":{"line":20,"column":6},"end":{"line":22,"column":7}},{"start":{},"end":{}}],"line":20},"1":{"loc":{"start":{"line":20,"column":10},"end":{"line":20,"column":57}},"type":"binary-expr","locations":[{"start":{"line":20,"column":10},"end":{"line":20,"column":21}},{"start":{"line":20,"column":25},"end":{"line":20,"column":57}}],"line":20},"2":{"loc":{"start":{"line":26,"column":4},"end":{"line":28,"column":5}},"type":"if","locations":[{"start":{"line":26,"column":4},"end":{"line":28,"column":5}},{"start":{},"end":{}}],"line":26},"3":{"loc":{"start":{"line":26,"column":8},"end":{"line":26,"column":56}},"type":"binary-expr","locations":[{"start":{"line":26,"column":8},"end":{"line":26,"column":20}},{"start":{"line":26,"column":24},"end":{"line":26,"column":56}}],"line":26},"4":{"loc":{"start":{"line":34,"column":52},"end":{"line":34,"column":105}},"type":"binary-expr","locations":[{"start":{"line":34,"column":52},"end":{"line":34,"column":80}},{"start":{"line":34,"column":84},"end":{"line":34,"column":105}}],"line":34}},"s":{"0":0,"1":0,"2":0,"3":0,"4":0,"5":0,"6":0,"7":0,"8":0,"9":0,"10":0,"11":0},"f":{"0":0,"1":0,"2":0,"3":0},"b":{"0":[0,0],"1":[0,0],"2":[0,0],"3":[0,0],"4":[0,0]}}
,"/home/zhaoge/temp/booking-frontend/src/components/hoc/withAuth.tsx": {"path":"/home/zhaoge/temp/booking-frontend/src/components/hoc/withAuth.tsx","statementMap":{"0":{"start":{"line":14,"column":2},"end":{"line":37,"column":4}},"1":{"start":{"line":15,"column":19},"end":{"line":15,"column":30}},"2":{"start":{"line":16,"column":45},"end":{"line":16,"column":90}},"3":{"start":{"line":16,"column":79},"end":{"line":16,"column":89}},"4":{"start":{"line":18,"column":4},"end":{"line":22,"column":47}},"5":{"start":{"line":19,"column":6},"end":{"line":21,"column":7}},"6":{"start":{"line":20,"column":8},"end":{"line":20,"column":30}},"7":{"start":{"line":24,"column":4},"end":{"line":30,"column":5}},"8":{"start":{"line":25,"column":6},"end":{"line":29,"column":8}},"9":{"start":{"line":32,"column":4},"end":{"line":34,"column":5}},"10":{"start":{"line":33,"column":6},"end":{"line":33,"column":18}},"11":{"start":{"line":36,"column":4},"end":{"line":36,"column":43}}},"fnMap":{"0":{"name":"withAuth","decl":{"start":{"line":13,"column":16},"end":{"line":13,"column":24}},"loc":{"start":{"line":13,"column":85},"end":{"line":38,"column":1}},"line":13},"1":{"name":"WithAuthComponent","decl":{"start":{"line":14,"column":18},"end":{"line":14,"column":35}},"loc":{"start":{"line":14,"column":46},"end":{"line":37,"column":3}},"line":14},"2":{"name":"(anonymous_2)","decl":{"start":{"line":16,"column":57},"end":{"line":16,"column":58}},"loc":{"start":{"line":16,"column":79},"end":{"line":16,"column":89}},"line":16},"3":{"name":"(anonymous_3)","decl":{"start":{"line":18,"column":14},"end":{"line":18,"column":15}},"loc":{"start":{"line":18,"column":20},"end":{"line":22,"column":5}},"line":18}},"branchMap":{"0":{"loc":{"start":{"line":19,"column":6},"end":{"line":21,"column":7}},"type":"if","locations":[{"start":{"line":19,"column":6},"end":{"line":21,"column":7}},{"start":{},"end":{}}],"line":19},"1":{"loc":{"start":{"line":19,"column":10},"end":{"line":19,"column":41}},"type":"binary-expr","locations":[{"start":{"line":19,"column":10},"end":{"line":19,"column":25}},{"start":{"line":19,"column":29},"end":{"line":19,"column":41}}],"line":19},"2":{"loc":{"start":{"line":24,"column":4},"end":{"line":30,"column":5}},"type":"if","locations":[{"start":{"line":24,"column":4},"end":{"line":30,"column":5}},{"start":{},"end":{}}],"line":24},"3":{"loc":{"start":{"line":32,"column":4},"end":{"line":34,"column":5}},"type":"if","locations":[{"start":{"line":32,"column":4},"end":{"line":34,"column":5}},{"start":{},"end":{}}],"line":32}},"s":{"0":0,"1":0,"2":0,"3":0,"4":0,"5":0,"6":0,"7":0,"8":0,"9":0,"10":0,"11":0},"f":{"0":0,"1":0,"2":0,"3":0},"b":{"0":[0,0],"1":[0,0],"2":[0,0],"3":[0,0]}}
,"/home/zhaoge/temp/booking-frontend/src/components/hoc/withNextImage.tsx": {"path":"/home/zhaoge/temp/booking-frontend/src/components/hoc/withNextImage.tsx","statementMap":{"0":{"start":{"line":66,"column":6},"end":{"line":66,"column":13}},"1":{"start":{"line":69,"column":45},"end":{"line":111,"column":3}},"2":{"start":{"line":71,"column":72},"end":{"line":71,"column":77}},"3":{"start":{"line":74,"column":21},"end":{"line":74,"column":26}},"4":{"start":{"line":75,"column":22},"end":{"line":75,"column":28}},"5":{"start":{"line":77,"column":4},"end":{"line":86,"column":5}},"6":{"start":{"line":79,"column":6},"end":{"line":85,"column":7}},"7":{"start":{"line":80,"column":8},"end":{"line":84,"column":9}},"8":{"start":{"line":81,"column":10},"end":{"line":81,"column":34}},"9":{"start":{"line":82,"column":10},"end":{"line":82,"column":36}},"10":{"start":{"line":83,"column":10},"end":{"line":83,"column":16}},"11":{"start":{"line":89,"column":4},"end":{"line":91,"column":5}},"12":{"start":{"line":90,"column":6},"end":{"line":90,"column":96}},"13":{"start":{"line":94,"column":4},"end":{"line":94,"column":38}},"14":{"start":{"line":94,"column":21},"end":{"line":94,"column":38}},"15":{"start":{"line":95,"column":4},"end":{"line":95,"column":40}},"16":{"start":{"line":95,"column":22},"end":{"line":95,"column":40}},"17":{"start":{"line":97,"column":4},"end":{"line":110,"column":6}},"18":{"start":{"line":114,"column":2},"end":{"line":114,"column":86}},"19":{"start":{"line":116,"column":2},"end":{"line":116,"column":26}},"20":{"start":{"line":123,"column":2},"end":{"line":125,"column":3}},"21":{"start":{"line":124,"column":4},"end":{"line":124,"column":21}},"22":{"start":{"line":126,"column":2},"end":{"line":126,"column":64}}},"fnMap":{"0":{"name":"withNextImage","decl":{"start":{"line":57,"column":9},"end":{"line":57,"column":22}},"loc":{"start":{"line":60,"column":20},"end":{"line":117,"column":1}},"line":60},"1":{"name":"(anonymous_1)","decl":{"start":{"line":69,"column":45},"end":{"line":69,"column":46}},"loc":{"start":{"line":69,"column":56},"end":{"line":111,"column":3}},"line":69},"2":{"name":"getDisplayName","decl":{"start":{"line":122,"column":9},"end":{"line":122,"column":23}},"loc":{"start":{"line":122,"column":109},"end":{"line":127,"column":1}},"line":122}},"branchMap":{"0":{"loc":{"start":{"line":59,"column":2},"end":{"line":59,"column":36}},"type":"default-arg","locations":[{"start":{"line":59,"column":34},"end":{"line":59,"column":36}}],"line":59},"1":{"loc":{"start":{"line":62,"column":4},"end":{"line":62,"column":25}},"type":"default-arg","locations":[{"start":{"line":62,"column":21},"end":{"line":62,"column":25}}],"line":62},"2
[...]
n":10}},"53":{"start":{"line":205,"column":8},"end":{"line":205,"column":31}},"54":{"start":{"line":206,"column":8},"end":{"line":206,"column":37}},"55":{"start":{"line":207,"column":8},"end":{"line":207,"column":36}},"56":{"start":{"line":210,"column":8},"end":{"line":210,"column":30}},"57":{"start":{"line":211,"column":8},"end":{"line":211,"column":54}},"58":{"start":{"line":215,"column":8},"end":{"line":215,"column":33}},"59":{"start":{"line":216,"column":8},"end":{"line":216,"column":38}},"60":{"start":{"line":217,"column":8},"end":{"line":217,"column":37}},"61":{"start":{"line":220,"column":8},"end":{"line":220,"column":38}},"62":{"start":{"line":221,"column":8},"end":{"line":221,"column":29}},"63":{"start":{"line":222,"column":8},"end":{"line":222,"column":61}},"64":{"start":{"line":225,"column":8},"end":{"line":228,"column":10}},"65":{"start":{"line":229,"column":8},"end":{"line":229,"column":37}},"66":{"start":{"line":230,"column":8},"end":{"line":230,"column":37}},"67":{"start":{"line":231,"column":8},"end":{"line":231,"column":30}},"68":{"start":{"line":232,"column":8},"end":{"line":232,"column":79}},"69":{"start":{"line":235,"column":8},"end":{"line":235,"column":33}},"70":{"start":{"line":236,"column":8},"end":{"line":236,"column":38}},"71":{"start":{"line":237,"column":8},"end":{"line":237,"column":37}},"72":{"start":{"line":238,"column":8},"end":{"line":238,"column":30}},"73":{"start":{"line":239,"column":8},"end":{"line":239,"column":81}},"74":{"start":{"line":243,"column":8},"end":{"line":243,"column":29}},"75":{"start":{"line":244,"column":8},"end":{"line":244,"column":27}},"76":{"start":{"line":247,"column":8},"end":{"line":247,"column":30}},"77":{"start":{"line":249,"column":8},"end":{"line":254,"column":9}},"78":{"start":{"line":250,"column":10},"end":{"line":253,"column":12}},"79":{"start":{"line":257,"column":8},"end":{"line":257,"column":30}},"80":{"start":{"line":258,"column":8},"end":{"line":258,"column":57}},"81":{"start":{"line":263,"column":56},"end":{"line":263,"column":73}}},"fnMap":{"0":{"name":"(anonymous_0)","decl":{"start":{"line":53,"column":2},"end":{"line":53,"column":3}},"loc":{"start":{"line":53,"column":36},"end":{"line":56,"column":3}},"line":53},"1":{"name":"(anonymous_1)","decl":{"start":{"line":64,"column":2},"end":{"line":64,"column":3}},"loc":{"start":{"line":64,"column":88},"end":{"line":67,"column":3}},"line":64},"2":{"name":"(anonymous_2)","decl":{"start":{"line":75,"column":2},"end":{"line":75,"column":3}},"loc":{"start":{"line":75,"column":74},"end":{"line":78,"column":3}},"line":75},"3":{"name":"(anonymous_3)","decl":{"start":{"line":86,"column":2},"end":{"line":86,"column":3}},"loc":{"start":{"line":86,"column":14},"end":{"line":88,"column":3}},"line":86},"4":{"name":"(anonymous_4)","decl":{"start":{"line":93,"column":2},"end":{"line":93,"column":3}},"loc":{"start":{"line":93,"column":36},"end":{"line":113,"column":3}},"line":93},"5":{"name":"(anonymous_5)","decl":{"start":{"line":121,"column":2},"end":{"line":121,"column":3}},"loc":{"start":{"line":121,"column":60},"end":{"line":124,"column":3}},"line":121},"6":{"name":"(anonymous_6)","decl":{"start":{"line":137,"column":22},"end":{"line":137,"column":23}},"loc":{"start":{"line":137,"column":65},"end":{"line":139,"column":5}},"line":137},"7":{"name":"(anonymous_7)","decl":{"start":{"line":143,"column":12},"end":{"line":143,"column":13}},"loc":{"start":{"line":143,"column":23},"end":{"line":147,"column":5}},"line":143},"8":{"name":"(anonymous_8)","decl":{"start":{"line":151,"column":16},"end":{"line":151,"column":17}},"loc":{"start":{"line":151,"column":27},"end":{"line":153,"column":5}},"line":151},"9":{"name":"(anonymous_9)","decl":{"start":{"line":155,"column":17},"end":{"line":155,"column":18}},"loc":{"start":{"line":155,"column":30},"end":{"line":260,"column":3}},"line":155},"10":{"name":"(anonymous_10)","decl":{"start":{"line":158,"column":37},"end":{"line":158,"column":38}},"loc":{"start":{"line":158,"column":48},"end":{"line":161,"column":7}},"line":158},"11":{"name":"(anonymous_11)","decl":{"start":{"line":162,"column":39},"end":{"line":162,"column":40}},"loc":{"start":{"line":162,"column":58},"end":{"line":171,"column":7}},"line":162},"12":{"name":"(anonymous_12)","decl":{"start":{"line":172,"column":38},"end":{"line":172,"column":39}},"loc":{"start":{"line":172,"column":57},"end":{"line":175,"column":7}},"line":172},"13":{"name":"(anonymous_13)","decl":{"start":{"line":177,"column":33},"end":{"line":177,"column":34}},"loc":{"start":{"line":177,"column":44},"end":{"line":180,"column":7}},"line":177},"14":{"name":"(anonymous_14)","decl":{"start":{"line":181,"column":35},"end":{"line":181,"column":36}},"loc":{"start":{"line":181,"column":46},"end":{"line":185,"column":7}},"line":181},"15":{"name":"(anonymous_15)","decl":{"start":{"line":186,"column":34},"end":{"line":186,"column":35}},"loc":{"start":{"line":186,"column":53},"end":{"line":192,"column":7}},"line":186},"16":{"name":"(anonymous_16)","decl":{"start":{"line":194,"column":35},"end":{"line":194,"column":36}},"loc":{"start":{"line":194,"column":46},"end":{"line":197,"column":7}},"line":194},"17":{"name":"(anonymous_17)","decl":{"start":{"line":198,"column":37},"end":{"line":198,"column":38}},"loc":{"start":{"line":198,"column":56},"end":{"line":208,"column":7}},"line":198},"18":{"name":"(anonymous_18)","decl":{"start":{"line":209,"column":36},"end":{"line":209,"column":37}},"loc":{"start":{"line":209,"column":55},"end":{"line":212,"column":7}},"line":209},"19":{"name":"(anonymous_19)","decl":{"start":{"line":214,"column":37},"end":{"line":214,"column":38}},"loc":{"start":{"line":214,"column":48},"end":{"line":218,"column":7}},"line":214},"20":{"name":"(anonymous_20)","decl":{"start":{"line":219,"column":39},"end":{"line":219,"column":40}},"loc":{"start":{"line":219,"column":50},"end":{"line":223,"column":7}},"line":219},"21":{"name":"(anonymous_21)","decl":{"start":{"line":224,"column":41},"end":{"line":224,"column":42}},"loc":{"start":{"line":224,"column":60},"end":{"line":233,"column":7}},"line":224},"22":{"name":"(anonymous_22)","decl":{"start":{"line":234,"column":40},"end":{"line":234,"column":41}},"loc":{"start":{"line":234,"column":51},"end":{"line":240,"column":7}},"line":234},"23":{"name":"(anonymous_23)","decl":{"start":{"line":242,"column":41},"end":{"line":242,"column":42}},"loc":{"start":{"line":242,"column":52},"end":{"line":245,"column":7}},"line":242},"24":{"name":"(anonymous_24)","decl":{"start":{"line":246,"column":43},"end":{"line":246,"column":44}},"loc":{"start":{"line":246,"column":62},"end":{"line":255,"column":7}},"line":246},"25":{"name":"(anonymous_25)","decl":{"start":{"line":256,"column":42},"end":{"line":256,"column":43}},"loc":{"start":{"line":256,"column":61},"end":{"line":259,"column":7}},"line":256}},"branchMap":{"0":{"loc":{"start":{"line":167,"column":20},"end":{"line":167,"column":150}},"type":"cond-expr","locations":[{"start":{"line":167,"column":130},"end":{"line":167,"column":137}},{"start":{"line":167,"column":140},"end":{"line":167,"column":150}}],"line":167},"1":{"loc":{"start":{"line":167,"column":21},"end":{"line":167,"column":126}},"type":"binary-expr","locations":[{"start":{"line":167,"column":21},"end":{"line":167,"column":62}},{"start":{"line":167,"column":66},"end":{"line":167,"column":126}}],"line":167},"2":{"loc":{"start":{"line":174,"column":22},"end":{"line":174,"column":52}},"type":"binary-expr","locations":[{"start":{"line":174,"column":22},"end":{"line":174,"column":42}},{"start":{"line":174,"column":46},"end":{"line":174,"column":52}}],"line":174},"3":{"loc":{"start":{"line":191,"column":22},"end":{"line":191,"column":55}},"type":"binary-expr","locations":[{"start":{"line":191,"column":22},"end":{"line":191,"column":42}},{"start":{"line":191,"column":46},"end":{"line":191,"column":55}}],"line":191},"4":{"loc":{"start":{"line":203,"column":20},"end":{"line":203,"column":150}},"type":"cond-expr","locations":[{"start":{"line":203,"column":130},"end":{"line":203,"column":137}},{"start":{"line":203,"column":140},"end":{"line":203,"column":150}}],"line":203},"5":{"loc":{"start":{"line":203,"column":21},"end":{"line":203,"column":126}},"type":"binary-expr","locations":[{"start":{"line":203,"column":21},"end":{"line":203,"column":62}},{"start":{"line":203,"column":66},"end":{"line":203,"column":126}}],"line":203},"6":{"loc":{"start":{"line":211,"column":22},"end":{"line":211,"column":53}},"type":"binary-expr","locations":[{"start":{"line":211,"column":22},"end":{"line":211,"column":42}},{"start":{"line":211,"column":46},"end":{"line":211,"column":53}}],"line":211},"7":{"loc":{"start":{"line":227,"column":20},"end":{"line":227,"column":132}},"type":"cond-expr","locations":[{"start":{"line":227,"column":112},"end":{"line":227,"column":119}},{"start":{"line":227,"column":122},"end":{"line":227,"column":132}}],"line":227},"8":{"loc":{"start":{"line":227,"column":21},"end":{"line":227,"column":108}},"type":"binary-expr","locations":[{"start":{"line":227,"column":21},"end":{"line":227,"column":53}},{"start":{"line":227,"column":57},"end":{"line":227,"column":108}}],"line":227},"9":{"loc":{"start":{"line":249,"column":8},"end":{"line":254,"column":9}},"type":"if","locations":[{"start":{"line":249,"column":8},"end":{"line":254,"column":9}},{"start":{},"end":{}}],"line":249},"10":{"loc":{"start":{"line":249,"column":12},"end":{"line":249,"column":80}},"type":"binary-expr","locations":[{"start":{"line":249,"column":12},"end":{"line":249,"column":29}},{"start":{"line":249,"column":33},"end":{"line":249,"column":80}}],"line":249},"11":{"loc":{"start":{"line":258,"column":22},"end":{"line":258,"column":56}},"type":"binary-expr","locations":[{"start":{"line":258,"column":22},"end":{"line":258,"column":42}},{"start":{"line":258,"column":46},"end":{"line":258,"column":56}}],"line":258}},"s":{"0":1,"1":1,"2":0,"3":0,"4":1,"5":0,"6":0,"7":1,"8":0,"9":0,"10":1,"11":0,"12":1,"13":0,"14":0,"15":0,"16":0,"17":0,"18":0,"19":0,"20":0,"21":1,"22":0,"23":0,"24":1,"25":1,"26":1,"27":1,"28":1,"29":1,"30":1,"31":0,"32":0,"33":0,"34":0,"35":0,"36":0,"37":0,"38":0,"39":0,"40":1,"41":1,"42":1,"43":1,"44":1,"45":1,"46":1,"47":1,"48":1,"49":1,"50":1,"51":1,"52":1,"53":1,"54":1,"55":1,"56":1,"57":1,"58":0,"59":0,"60":0,"61":0,"62":0,"63":0,"64":0,"65":0,"66":0,"67":0,"68":0,"69":0,"70":0,"71":0,"72":0,"73":0,"74":0,"75":0,"76":0,"77":0,"78":0,"79":0,"80":0,"81":1},"f":{"0":0,"1":0,"2":0,"3":0,"4":0,"5":0,"6":1,"7":1,"8":1,"9":1,"10":0,"11":0,"12":0,"13":1,"14":1,"15":1,"16":1,"17":1,"18":1,"19":0,"20":0,"21":0,"22":0,"23":0,"24":0,"25":0},"b":{"0":[0,0],"1":[0,0],"2":[0,0],"3":[1,0],"4":[0,1],"5":[1,1],"6":[1,0],"7":[0,0],"8":[0,0],"9":[0,0],"10":[0,0],"11":[0,0]},"_coverageSchema":"1a1c01bbd47fc00a2c39e90264f33305004495a9","hash":"7dda9c9973e596d9932ae65cf1a4fc6a6be33531"}
,"/home/zhaoge/temp/booking-frontend/src/utils/dateUtils.ts": {"path":"/home/zhaoge/temp/booking-frontend/src/utils/dateUtils.ts","statementMap":{"0":{"start":{"line":11,"column":26},"end":{"line":23,"column":1}},"1":{"start":{"line":12,"column":21},"end":{"line":12,"column":84}},"2":{"start":{"line":13,"column":29},"end":{"line":13,"column":62}},"3":{"start":{"line":14,"column":21},"end":{"line":16,"column":36}},"4":{"start":{"line":17,"column":2},"end":{"line":22,"column":5}},"5":{"start":{"line":30,"column":31},"end":{"line":32,"column":1}},"6":{"start":{"line":31,"column":2},"end":{"line":31,"column":39}},"7":{"start":{"line":39,"column":26},"end":{"line":42,"column":1}},"8":{"start":{"line":40,"column":27},"end":{"line":40,"column":48}},"9":{"start":{"line":41,"column":2},"end":{"line":41,"column":31}},"10":{"start":{"line":48,"column":33},"end":{"line":54,"column":1}},"11":{"start":{"line":49,"column":14},"end":{"line":49,"column":24}},"12":{"start":{"line":50,"column":15},"end":{"line":50,"column":32}},"13":{"start":{"line":51,"column":16},"end":{"line":51,"column":56}},"14":{"start":{"line":52,"column":14},"end":{"line":52,"column":49}},"15":{"start":{"line":53,"column":2},"end":{"line":53,"column":35}},"16":{"start":{"line":60,"column":26},"end":{"line":67,"column":1}},"17":{"start":{"line":61,"column":14},"end":{"line":61,"column":24}},"18":{"start":{"line":62,"column":2},"end":{"line":62,"column":35}},"19":{"start":{"line":63,"column":15},"end":{"line":63,"column":32}},"20":{"start":{"line":64,"column":16},"end":{"line":64,"column":56}},"21":{"start":{"line":65,"column":14},"end":{"line":65,"column":49}},"22":{"start":{"line":66,"column":2},"end":{"line":66,"column":35}},"23":{"start":{"line":75,"column":32},"end":{"line":81,"column":1}},"24":{"start":{"line":76,"column":27},"end":{"line":76,"column":59}},"25":{"start":{"line":77,"column":23},"end":{"line":77,"column":61}},"26":{"start":{"line":78,"column":19},"end":{"line":78,"column":53}},"27":{"start":{"line":79,"column":21},"end":{"line":79,"column":38}},"28":{"start":{"line":80,"column":2},"end":{"line":80,"column":93}}},"fnMap":{"0":{"name":"(anonymous_0)","decl":{"start":{"line":11,"column":26},"end":{"line":11,"column":27}},"loc":{"start":{"line":11,"column":58},"end":{"line":23,"column":1}},"line":11},"1":{"name":"(anonymous_1)","decl":{"start":{"line":30,"column":31},"end":{"line":30,"column":32}},"loc":{"start":{"line":30,"column":63},"end":{"line":32,"column":1}},"line":30},"2":{"name":"(anonymous_2)","decl":{"start":{"line":39,"column":26},"end":{"line":39,"column":27}},"loc":{"start":{"line":39,"column":58},"end":{"line":42,"column":1}},"line":39},"3":{"name":"(anonymous_3)","decl":{"start":{"line":48,"column":33},"end":{"line":48,"column":34}},"loc":{"start":{"line":48,"column":47},"end":{"line":54,"column":1}},"line":48},"4":{"name":"(anonymous_4)","decl":{"start":{"line":60,"column":26},"end":{"line":60,"column":27}},"loc":{"start":{"line":60,"column":40},"end":{"line":67,"column":1}},"line":60},"5":{"name":"(anonymous_5)","decl":{"start":{"line":75,"column":32},"end":{"line":75,"column":33}},"loc":{"start":{"line":75,"column":88},"end":{"line":81,"column":1}},"line":75}},"branchMap":{"0":{"loc":{"start":{"line":12,"column":21},"end":{"line":12,"column":84}},"type":"cond-expr","locations":[{"start":{"line":12,"column":48},"end":{"line":12,"column":71}},{"start":{"line":12,"column":74},"end":{"line":12,"column":84}}],"line":12},"1":{"loc":{"start":{"line":14,"column":21},"end":{"line":16,"column":36}},"type":"cond-expr","locations":[{"start":{"line":15,"column":6},"end":{"line":15,"column":26}},{"start":{"line":16,"column":6},"end":{"line":16,"column":36}}],"line":14},"2":{"loc":{"start":{"line":14,"column":21},"end":{"line":14,"column":83}},"type":"binary-expr","locations":[{"start":{"line":14,"column":21},"end":{"line":14,"column":39}},{"start":{"line":14,"column":43},"end":{"line":14,"column":62}},{"start":{"line":14,"column":66},"end":{"line":14,"column":83}}],"line":14}},"s":{"0":2,"1":3,"2":3,"3":3,"4":3,"5":2,"6":1,"7":2,"8":2,"9":2,"10":2,"11":2,"12":2,"13":2,"14":2,"15":2,"16":2,"17":1,"18":1,"19":1,"20":1,"21":1,"22":1,"23":2,"24":5,"25":5,"26":5,"27":5,"28":5},"f":{"0":3,"1":1,"2":2,"3":2,"4":1,"5":5},"b":{"0":[1,2],"1":[1,2],"2":[3,2,2]},"_coverageSchema":"1a1c01bbd47fc00a2c39e90264f33305004495a9","hash":"6123d2953d4b15535f0514cbdc77288b80354af1"}
,"/home/zhaoge/temp/booking-frontend/src/utils/htmlUtils.ts": {"path":"/home/zhaoge/temp/booking-frontend/src/utils/htmlUtils.ts","statementMap":{"0":{"start":{"line":8,"column":25},"end":{"line":11,"column":1}},"1":{"start":{"line":9,"column":2},"end":{"line":9,"column":23}},"2":{"start":{"line":9,"column":13},"end":{"line":9,"column":23}},"3":{"start":{"line":10,"column":2},"end":{"line":10,"column":40}},"4":{"start":{"line":19,"column":28},"end":{"line":40,"column":1}},"5":{"start":{"line":20,"column":2},"end":{"line":20,"column":23}},"6":{"start":{"line":20,"column":13},"end":{"line":20,"column":23}},"7":{"start":{"line":25,"column":2},"end":{"line":32,"column":5}},"8":{"start":{"line":27,"column":20},"end":{"line":27,"column":38}},"9":{"start":{"line":28,"column":4},"end":{"line":31,"column":5}},"10":{"start":{"line":29,"column":6},"end":{"line":29,"column":47}},"11":{"start":{"line":30,"column":6},"end":{"line":30,"column":57}},"12":{"start":{"line":34,"column":16},"end":{"line":34,"column":40}},"13":{"start":{"line":37,"column":2},"end":{"line":37,"column":50}},"14":{"start":{"line":39,"column":2},"end":{"line":39,"column":15}}},"fnMap":{"0":{"name":"(anonymous_0)","decl":{"start":{"line":8,"column":25},"end":{"line":8,"column":26}},"loc":{"start":{"line":8,"column":51},"end":{"line":11,"column":1}},"line":8},"1":{"name":"(anonymous_1)","decl":{"start":{"line":19,"column":28},"end":{"line":19,"column":29}},"loc":{"start":{"line":19,"column":54},"end":{"line":40,"column":1}},"line":19},"2":{"name":"(anonymous_2)","decl":{"start":{"line":25,"column":47},"end":{"line":25,"column":48}},"loc":{"start":{"line":25,"column":64},"end":{"line":32,"column":3}},"line":25}},"branchMap":{"0":{"loc":{"start":{"line":9,"column":2},"end":{"line":9,"column":23}},"type":"if","locations":[{"start":{"line":9,"column":2},"end":{"line":9,"column":23}},{"start":{},"end":{}}],"line":9},"1":{"loc":{"start":{"line":20,"column":2},"end":{"line":20,"column":23}},"type":"if","locations":[{"start":{"line":20,"column":2},"end":{"line":20,"column":23}},{"start":{},"end":{}}],"line":20},"2":{"loc":{"start":{"line":28,"column":4},"end":{"line":31,"column":5}},"type":"if","locations":[{"start":{"line":28,"column":4},"end":{"line":31,"column":5}},{"start":{},"end":{}}],"line":28},"3":{"loc":{"start":{"line":28,"column":8},"end":{"line":28,"column":55}},"type":"binary-expr","locations":[{"start":{"line":28,"column":8},"end":{"line":28,"column":28}},{"start":{"line":28,"column":32},"end":{"line":28,"column":55}}],"line":28}},"s":{"0":1,"1":5,"2":3,"3":2,"4":1,"5":4,"6":2,"7":2,"8":4,"9":4,"10":1,"11":1,"12":2,"13":2,"14":2},"f":{"0":5,"1":4,"2":4},"b":{"0":[3,2],"1":[2,2],"2":[1,3],"3":[4,4]},"_coverageSchema":"1a1c01bbd47fc00a2c39e90264f33305004495a9","hash":"56d3f2355274215e10a78acc13651be73bfb5b53"}
,"/home/zhaoge/temp/booking-frontend/src/utils/timeUtils.ts": {"path":"/home/zhaoge/temp/booking-frontend/src/utils/timeUtils.ts","statementMap":{"0":{"start":{"line":1,"column":32},"end":{"line":7,"column":1}},"1":{"start":{"line":2,"column":17},"end":{"line":2,"column":89}},"2":{"start":{"line":3,"column":18},"end":{"line":3,"column":43}},"3":{"start":{"line":4,"column":21},"end":{"line":4,"column":56}},"4":{"start":{"line":5,"column":22},"end":{"line":5,"column":69}},"5":{"start":{"line":6,"column":2},"end":{"line":6,"column":30}},"6":{"start":{"line":9,"column":33},"end":{"line":16,"column":1}},"7":{"start":{"line":10,"column":4},"end":{"line":10,"column":26}},"8":{"start":{"line":10,"column":15},"end":{"line":10,"column":26}},"9":{"start":{"line":11,"column":14},"end":{"line":11,"column":28}},"10":{"start":{"line":12,"column":17},"end":{"line":12,"column":32}},"11":{"start":{"line":13,"column":18},"end":{"line":13,"column":59}},"12":{"start":{"line":14,"column":16},"end":{"line":14,"column":52}},"13":{"start":{"line":15,"column":4},"end":{"line":15,"column":37}}},"fnMap":{"0":{"name":"(anonymous_0)","decl":{"start":{"line":1,"column":32},"end":{"line":1,"column":33}},"loc":{"start":{"line":1,"column":80},"end":{"line":7,"column":1}},"line":1},"1":{"name":"(anonymous_1)","decl":{"start":{"line":9,"column":33},"end":{"line":9,"column":34}},"loc":{"start":{"line":9,"column":71},"end":{"line":16,"column":1}},"line":9}},"branchMap":{"0":{"loc":{"start":{"line":10,"column":4},"end":{"line":10,"column":26}},"type":"if","locations":[{"start":{"line":10,"column":4},"end":{"line":10,"column":26}},{"start":{},"end":{}}],"line":10}},"s":{"0":1,"1":2,"2":2,"3":2,"4":2,"5":2,"6":1,"7":3,"8":1,"9":2,"10":2,"11":2,"12":2,"13":2},"f":{"0":2,"1":3},"b":{"0":[1,2]},"_coverageSchema":"1a1c01bbd47fc00a2c39e90264f33305004495a9","hash":"b1c51ea05c407d60b35d54fdf4a1e763754bf407"}
}
