TN:
SF:src/components/atoms/AuthLoading.tsx
FN:11,(anonymous_0)
FNF:1
FNH:0
FNDA:0,(anonymous_0)
DA:11,0
DA:14,0
LF:2
LH:0
BRDA:12,0,0,0
BRF:1
BRH:0
end_of_record
TN:
SF:src/components/atoms/Button.tsx
FN:36,(anonymous_0)
FN:110,(anonymous_1)
FNF:2
FNH:2
FNDA:13,(anonymous_0)
FNDA:12,(anonymous_1)
DA:35,1
DA:48,13
DA:49,13
DA:52,13
DA:55,13
DA:74,13
DA:83,13
DA:88,13
DA:91,13
DA:94,13
DA:104,13
DA:110,13
DA:111,12
DA:113,0
DA:115,0
DA:116,0
DA:119,0
DA:125,13
DA:149,1
LF:19
LH:15
BRDA:39,0,0,9
BRDA:40,1,0,10
BRDA:41,2,0,12
BRDA:42,3,0,12
BRDA:43,4,0,12
BRDA:44,5,0,13
BRDA:46,6,0,13
BRDA:56,7,0,0
BRDA:56,7,1,13
BRDA:59,8,0,0
BRDA:59,8,1,13
BRDA:62,9,0,0
BRDA:62,9,1,13
BRDA:65,10,0,0
BRDA:65,10,1,13
BRDA:68,11,0,0
BRDA:68,11,1,13
BRDA:83,12,0,2
BRDA:83,12,1,11
BRDA:83,13,0,13
BRDA:83,13,1,12
BRDA:88,14,0,1
BRDA:88,14,1,12
BRDA:91,15,0,0
BRDA:91,15,1,13
BRDA:91,16,0,13
BRDA:91,16,1,0
BRDA:91,17,0,0
BRDA:91,17,1,0
BRDA:106,18,0,13
BRDA:106,18,1,12
BRDA:111,19,0,12
BRDA:111,19,1,0
BRDA:113,20,0,0
BRDA:113,20,1,0
BRDA:120,21,0,0
BRDA:120,21,1,0
BRDA:128,22,0,11
BRDA:128,22,1,2
BRDA:128,23,0,13
BRDA:128,23,1,12
BRDA:129,24,0,11
BRDA:129,24,1,2
BRDA:129,25,0,13
BRDA:129,25,1,12
BRDA:133,26,0,13
BRDA:133,26,1,1
BRDA:141,27,0,13
BRDA:141,27,1,13
BRDA:141,27,2,12
BRDA:143,28,0,13
BRDA:143,28,1,0
BRDA:143,28,2,0
BRF:53
BRH:37
end_of_record
TN:
SF:src/components/atoms/Card.tsx
FN:11,(anonymous_0)
FNF:1
FNH:0
FNDA:0,(anonymous_0)
DA:11,0
DA:17,0
DA:19,0
DA:25,0
DA:27,0
DA:28,0
DA:38,0
LF:7
LH:0
BRDA:13,0,0,0
BRDA:14,1,0,0
BRDA:15,2,0,0
BRDA:27,3,0,0
BRDA:27,3,1,0
BRF:5
BRH:0
end_of_record
TN:
SF:src/components/atoms/ConfirmModal.tsx
FN:23,(anonymous_0)
FNF:1
FNH:0
FNDA:0,(anonymous_0)
DA:23,0
DA:33,0
DA:35,0
LF:3
LH:0
BRDA:27,0,0,0
BRDA:28,1,0,0
BRDA:31,2,0,0
BRDA:50,3,0,0
BRDA:50,3,1,0
BRDA:63,4,0,0
BRDA:63,4,1,0
BRF:7
BRH:0
end_of_record
TN:
SF:src/components/atoms/Dropdown.tsx
FN:40,(anonymous_0)
FN:51,(anonymous_1)
FN:53,(anonymous_2)
FN:63,(anonymous_3)
FN:65,(anonymous_4)
FN:68,(anonymous_5)
FN:76,(anonymous_6)
FN:84,(anonymous_7)
FN:125,(anonymous_8)
FN:127,(anonymous_9)
FN:129,(anonymous_10)
FNF:11
FNH:0
FNDA:0,(anonymous_0)
FNDA:0,(anonymous_1)
FNDA:0,(anonymous_2)
FNDA:0,(anonymous_3)
FNDA:0,(anonymous_4)
FNDA:0,(anonymous_5)
FNDA:0,(anonymous_6)
FNDA:0,(anonymous_7)
FNDA:0,(anonymous_8)
FNDA:0,(anonymous_9)
FNDA:0,(anonymous_10)
DA:40,0
DA:47,0
DA:48,0
DA:49,0
DA:51,0
DA:53,0
DA:54,0
DA:55,0
DA:56,0
DA:63,0
DA:64,0
DA:65,0
DA:66,0
DA:67,0
DA:68,0
DA:69,0
DA:70,0
DA:74,0
DA:77,0
DA:79,0
DA:84,0
DA:126,0
DA:128,0
DA:129,0
LF:24
LH:0
BRDA:45,0,0,0
BRDA:51,1,0,0
BRDA:51,1,1,0
BRDA:54,2,0,0
BRDA:54,2,1,0
BRDA:64,3,0,0
BRDA:64,3,1,0
BRDA:77,4,0,0
BRDA:77,4,1,0
BRDA:86,5,0,0
BRDA:86,5,1,0
BRDA:98,6,0,0
BRDA:98,6,1,0
BRDA:98,6,2,0
BRDA:119,7,0,0
BRDA:119,7,1,0
BRDA:129,8,0,0
BRDA:129,8,1,0
BRDA:131,9,0,0
BRDA:131,9,1,0
BRDA:132,10,0,0
BRDA:132,10,1,0
BRDA:133,11,0,0
BRDA:133,11,1,0
BRDA:135,12,0,0
BRDA:135,12,1,0
BRDA:136,13,0,0
BRDA:136,13,1,0
BRF:28
BRH:0
end_of_record
TN:
SF:src/components/atoms/Image.tsx
FN:58,(anonymous_0)
FN:114,(anonymous_1)
FNF:2
FNH:0
FNDA:0,(anonymous_0)
FNDA:0,(anonymous_1)
DA:58,0
DA:72,0
DA:78,0
DA:79,0
DA:83,0
DA:84,0
DA:97,0
DA:103,0
DA:114,0
LF:9
LH:0
BRDA:65,0,0,0
BRDA:66,1,0,0
BRDA:78,2,0,0
BRDA:78,2,1,0
BRDA:78,3,0,0
BRDA:78,3,1,0
BRDA:83,4,0,0
BRDA:83,4,1,0
BRDA:86,5,0,0
BRDA:86,5,1,0
BRDA:97,6,0,0
BRDA:97,6,1,0
BRDA:98,7,0,0
BRDA:98,7,1,0
BRDA:98,7,2,0
BRDA:111,8,0,0
BRDA:111,8,1,0
BRF:17
BRH:0
end_of_record
TN:
SF:src/components/atoms/Input.tsx
FN:22,(anonymous_0)
FN:37,(anonymous_1)
FNF:2
FNH:0
FNDA:0,(anonymous_0)
FNDA:0,(anonymous_1)
DA:21,0
DA:33,0
DA:34,0
DA:37,0
DA:38,0
DA:40,0
DA:44,0
DA:47,0
DA:52,0
DA:59,0
DA:62,0
DA:64,0
DA:90,0
LF:13
LH:0
BRDA:25,0,0,0
BRDA:26,1,0,0
BRDA:38,2,0,0
BRDA:38,2,1,0
BRDA:44,3,0,0
BRDA:44,3,1,0
BRDA:44,3,2,0
BRDA:47,4,0,0
BRDA:47,4,1,0
BRDA:52,5,0,0
BRDA:52,5,1,0
BRDA:53,6,0,0
BRDA:53,6,1,0
BRDA:59,7,0,0
BRDA:59,7,1,0
BRDA:65,8,0,0
BRDA:65,8,1,0
BRDA:66,9,0,0
BRDA:66,9,1,0
BRDA:80,10,0,0
BRDA:80,10,1,0
BRF:21
BRH:0
end_of_record
TN:
SF:src/components/atoms/Link.tsx
FN:48,(anonymous_0)
FN:59,(anonymous_1)
FN:72,(anonymous_2)
FNF:3
FNH:0
FNDA:0,(anonymous_0)
FNDA:0,(anonymous_1)
FNDA:0,(anonymous_2)
DA:48,0
DA:56,0
DA:59,0
DA:60,0
DA:62,0
DA:63,0
DA:65,0
DA:66,0
DA:68,0
DA:72,0
DA:73,0
DA:74,0
DA:79,0
DA:81,0
LF:14
LH:0
BRDA:51,0,0,0
BRDA:52,1,0,0
BRDA:60,2,0,0
BRDA:60,2,1,0
BRDA:62,3,0,0
BRDA:62,3,1,0
BRDA:63,4,0,0
BRDA:63,4,1,0
BRDA:63,5,0,0
BRDA:63,5,1,0
BRDA:65,6,0,0
BRDA:65,6,1,0
BRDA:73,7,0,0
BRDA:73,7,1,0
BRDA:79,8,0,0
BRDA:79,8,1,0
BRF:16
BRH:0
end_of_record
TN:
SF:src/components/atoms/Modal.tsx
FN:20,(anonymous_0)
FN:35,(anonymous_1)
FN:39,(anonymous_2)
FN:45,(anonymous_3)
FNF:4
FNH:0
FNDA:0,(anonymous_0)
FNDA:0,(anonymous_1)
FNDA:0,(anonymous_2)
FNDA:0,(anonymous_3)
DA:20,0
DA:33,0
DA:35,0
DA:36,0
DA:37,0
DA:38,0
DA:39,0
DA:40,0
DA:41,0
DA:44,0
DA:45,0
DA:46,0
DA:47,0
DA:51,0
DA:54,0
DA:64,0
LF:16
LH:0
BRDA:26,0,0,0
BRDA:27,1,0,0
BRDA:29,2,0,0
BRDA:30,3,0,0
BRDA:31,4,0,0
BRDA:36,5,0,0
BRDA:36,5,1,0
BRDA:40,6,0,0
BRDA:40,6,1,0
BRDA:51,7,0,0
BRDA:51,7,1,0
BRDA:54,8,0,0
BRDA:54,8,1,0
BRDA:56,9,0,0
BRDA:56,9,1,0
BRDA:58,10,0,0
BRDA:58,10,1,0
BRDA:60,11,0,0
BRDA:60,11,1,0
BRDA:66,12,0,0
BRDA:66,12,1,0
BRDA:68,13,0,0
BRDA:68,13,1,0
BRDA:71,14,0,0
BRDA:71,14,1,0
BRDA:71,14,2,0
BRDA:74,15,0,0
BRDA:74,15,1,0
BRDA:85,16,0,0
BRDA:85,16,1,0
BRF:30
BRH:0
end_of_record
TN:
SF:src/components/atoms/NotificationItem.tsx
FN:22,(anonymous_0)
FN:29,(anonymous_1)
FN:73,(anonymous_2)
FN:75,(anonymous_3)
FN:79,(anonymous_4)
FN:84,(anonymous_5)
FNF:6
FNH:0
FNDA:0,(anonymous_0)
FNDA:0,(anonymous_1)
FNDA:0,(anonymous_2)
FNDA:0,(anonymous_3)
FNDA:0,(anonymous_4)
FNDA:0,(anonymous_5)
DA:22,0
DA:26,0
DA:29,0
DA:30,0
DA:32,0
DA:38,0
DA:44,0
DA:51,0
DA:60,0
DA:64,0
DA:68,0
DA:73,0
DA:74,0
DA:75,0
DA:76,0
DA:79,0
DA:84,0
DA:85,0
DA:88,0
LF:19
LH:0
BRDA:30,0,0,0
BRDA:30,0,1,0
BRDA:30,0,2,0
BRDA:30,0,3,0
BRDA:30,0,4,0
BRDA:60,1,0,0
BRDA:60,1,1,0
BRDA:64,2,0,0
BRDA:64,2,1,0
BRDA:68,3,0,0
BRDA:68,3,1,0
BRDA:74,4,0,0
BRDA:74,4,1,0
BRDA:74,5,0,0
BRDA:74,5,1,0
BRDA:109,6,0,0
BRDA:109,6,1,0
BRDA:114,7,0,0
BRDA:114,7,1,0
BRDA:127,8,0,0
BRDA:127,8,1,0
BRF:21
BRH:0
end_of_record
TN:
SF:src/components/atoms/RichTextEditor.tsx
FN:10,(anonymous_0)
FN:27,(anonymous_1)
FN:40,(anonymous_2)
FN:49,(anonymous_3)
FN:59,(anonymous_4)
FNF:5
FNH:0
FNDA:0,(anonymous_0)
FNDA:0,(anonymous_1)
FNDA:0,(anonymous_2)
FNDA:0,(anonymous_3)
FNDA:0,(anonymous_4)
DA:10,0
DA:27,0
DA:37,0
DA:38,0
DA:40,0
DA:41,0
DA:42,0
DA:46,0
DA:47,0
DA:49,0
DA:59,0
DA:67,0
DA:91,0
DA:132,0
LF:14
LH:0
BRDA:34,0,0,0
BRDA:35,1,0,0
BRDA:41,2,0,0
BRDA:41,2,1,0
BRDA:46,3,0,0
BRDA:46,3,1,0
BRDA:46,3,2,0
BRDA:67,4,0,0
BRDA:67,4,1,0
BRDA:133,5,0,0
BRDA:133,5,1,0
BRDA:133,6,0,0
BRDA:133,6,1,0
BRDA:135,7,0,0
BRDA:135,7,1,0
BRDA:143,8,0,0
BRDA:143,8,1,0
BRDA:152,9,0,0
BRDA:152,9,1,0
BRDA:155,10,0,0
BRDA:155,10,1,0
BRDA:156,11,0,0
BRDA:156,11,1,0
BRF:23
BRH:0
end_of_record
TN:
SF:src/components/atoms/Spinner.tsx
FN:30,(anonymous_0)
FNF:1
FNH:0
FNDA:0,(anonymous_0)
DA:30,0
DA:36,0
DA:39,0
DA:46,0
DA:48,0
DA:49,0
DA:63,0
LF:7
LH:0
BRDA:32,0,0,0
BRDA:33,1,0,0
BRDA:34,2,0,0
BRDA:46,3,0,0
BRDA:46,3,1,0
BRDA:48,4,0,0
BRDA:48,4,1,0
BRDA:53,5,0,0
BRDA:53,5,1,0
BRDA:54,6,0,0
BRDA:54,6,1,0
BRDA:66,7,0,0
BRDA:66,7,1,0
BRDA:67,8,0,0
BRDA:67,8,1,0
BRF:15
BRH:0
end_of_record
TN:
SF:src/components/atoms/Textarea.tsx
FN:22,(anonymous_0)
FN:38,(anonymous_1)
FNF:2
FNH:0
FNDA:0,(anonymous_0)
FNDA:0,(anonymous_1)
DA:21,0
DA:34,0
DA:35,0
DA:38,0
DA:39,0
DA:40,0
DA:44,0
DA:47,0
DA:52,0
DA:59,0
DA:62,0
DA:64,0
DA:90,0
LF:13
LH:0
BRDA:26,0,0,0
BRDA:27,1,0,0
BRDA:39,2,0,0
BRDA:39,2,1,0
BRDA:44,3,0,0
BRDA:44,3,1,0
BRDA:44,3,2,0
BRDA:47,4,0,0
BRDA:47,4,1,0
BRDA:52,5,0,0
BRDA:52,5,1,0
BRDA:53,6,0,0
BRDA:53,6,1,0
BRDA:59,7,0,0
BRDA:59,7,1,0
BRDA:65,8,0,0
BRDA:65,8,1,0
BRDA:66,9,0,0
BRDA:66,9,1,0
BRDA:80,10,0,0
BRDA:80,10,1,0
BRDA:81,11,0,0
BRDA:81,11,1,0
BRF:23
BRH:0
end_of_record
TN:
SF:src/components/atoms/ThemeToggle.tsx
FN:12,(anonymous_0)
FNF:1
FNH:0
FNDA:0,(anonymous_0)
DA:12,0
DA:13,0
DA:15,0
LF:3
LH:0
BRDA:19,0,0,0
BRDA:19,0,1,0
BRDA:23,1,0,0
BRDA:23,1,1,0
BRF:4
BRH:0
end_of_record
TN:
SF:src/components/atoms/index.tsx
FNF:0
FNH:0
LF:0
LH:0
BRF:0
BRH:0
end_of_record
TN:
SF:src/components/atoms/icons/Icon.tsx
FN:28,(anonymous_0)
FN:36,(anonymous_1)
FN:43,(anonymous_2)
FN:62,(anonymous_3)
FNF:4
FNH:0
FNDA:0,(anonymous_0)
FNDA:0,(anonymous_1)
FNDA:0,(anonymous_2)
FNDA:0,(anonymous_3)
DA:28,0
DA:36,0
DA:37,0
DA:43,0
DA:44,0
DA:46,0
DA:47,0
DA:48,0
DA:52,0
DA:53,0
DA:56,0
DA:59,0
DA:60,0
DA:62,0
DA:65,0
DA:69,0
DA:72,0
DA:73,0
DA:74,0
DA:78,0
DA:81,0
DA:83,0
LF:22
LH:0
BRDA:30,0,0,0
BRDA:31,1,0,0
BRDA:32,2,0,0
BRDA:33,3,0,0
BRDA:44,4,0,0
BRDA:44,4,1,0
BRDA:47,5,0,0
BRDA:47,5,1,0
BRDA:72,6,0,0
BRDA:72,6,1,0
BRDA:78,7,0,0
BRDA:78,7,1,0
BRF:12
BRH:0
end_of_record
TN:
SF:src/components/atoms/motion/AnimatedFooter.tsx
FN:41,(anonymous_0)
FNF:1
FNH:0
FNDA:0,(anonymous_0)
DA:41,0
DA:49,0
DA:50,0
DA:58,0
DA:68,0
LF:5
LH:0
BRDA:43,0,0,0
BRDA:45,1,0,0
BRDA:46,2,0,0
BRDA:49,3,0,0
BRDA:49,3,1,0
BRDA:58,4,0,0
BRDA:58,4,1,0
BRF:7
BRH:0
end_of_record
TN:
SF:src/components/atoms/motion/AnimatedHeader.tsx
FN:48,(anonymous_0)
FNF:1
FNH:0
FNDA:0,(anonymous_0)
DA:48,0
DA:57,0
DA:58,0
DA:65,0
LF:4
LH:0
BRDA:50,0,0,0
BRDA:52,1,0,0
BRDA:53,2,0,0
BRDA:54,3,0,0
BRDA:55,4,0,0
BRDA:57,5,0,0
BRDA:57,5,1,0
BRF:7
BRH:0
end_of_record
TN:
SF:src/components/atoms/motion/AnimatedPage.tsx
FN:52,(anonymous_0)
FNF:1
FNH:0
FNDA:0,(anonymous_0)
DA:52,0
DA:63,0
DA:64,0
DA:73,0
LF:4
LH:0
BRDA:54,0,0,0
BRDA:55,1,0,0
BRDA:58,2,0,0
BRDA:59,3,0,0
BRDA:60,4,0,0
BRDA:61,5,0,0
BRDA:63,6,0,0
BRDA:63,6,1,0
BRDA:63,7,0,0
BRDA:63,7,1,0
BRDA:77,8,0,0
BRDA:77,8,1,0
BRDA:78,9,0,0
BRDA:78,9,1,0
BRDA:79,10,0,0
BRDA:79,10,1,0
BRDA:84,11,0,0
BRDA:84,11,1,0
BRDA:85,12,0,0
BRDA:85,12,1,0
BRDA:86,13,0,0
BRDA:86,13,1,0
BRF:22
BRH:0
end_of_record
TN:
SF:src/components/atoms/motion/index.ts
FNF:0
FNH:0
LF:0
LH:0
BRF:0
BRH:0
end_of_record
TN:
SF:src/components/atoms/motion/variants.ts
FNF:0
FNH:0
DA:7,0
DA:18,0
DA:30,0
DA:42,0
DA:53,0
DA:65,0
DA:73,0
LF:7
LH:0
BRF:0
BRH:0
end_of_record
TN:
SF:src/components/hoc/withAdmin.tsx
FN:13,withAdmin
FN:14,(anonymous_1)
FN:16,(anonymous_2)
FN:18,(anonymous_3)
FNF:4
FNH:0
FNDA:0,withAdmin
FNDA:0,(anonymous_1)
FNDA:0,(anonymous_2)
FNDA:0,(anonymous_3)
DA:14,0
DA:15,0
DA:16,0
DA:18,0
DA:20,0
DA:21,0
DA:26,0
DA:27,0
DA:30,0
DA:34,0
DA:36,0
LF:11
LH:0
BRDA:20,0,0,0
BRDA:20,0,1,0
BRDA:20,1,0,0
BRDA:20,1,1,0
BRDA:26,2,0,0
BRDA:26,2,1,0
BRDA:26,3,0,0
BRDA:26,3,1,0
BRDA:34,4,0,0
BRDA:34,4,1,0
BRF:10
BRH:0
end_of_record
TN:
SF:src/components/hoc/withAuth.tsx
FN:13,withAuth
FN:14,WithAuthComponent
FN:16,(anonymous_2)
FN:18,(anonymous_3)
FNF:4
FNH:0
FNDA:0,withAuth
FNDA:0,WithAuthComponent
FNDA:0,(anonymous_2)
FNDA:0,(anonymous_3)
DA:14,0
DA:15,0
DA:16,0
DA:18,0
DA:19,0
DA:20,0
DA:24,0
DA:25,0
DA:32,0
DA:33,0
DA:36,0
LF:11
LH:0
BRDA:19,0,0,0
BRDA:19,0,1,0
BRDA:19,1,0,0
BRDA:19,1,1,0
BRDA:24,2,0,0
BRDA:24,2,1,0
BRDA:32,3,0,0
BRDA:32,3,1,0
BRF:8
BRH:0
end_of_record
TN:
SF:src/components/hoc/withNextImage.tsx
FN:57,withNextImage
FN:69,(anonymous_1)
FN:122,getDisplayName
FNF:3
FNH:0
FNDA:0,withNextImage
FNDA:0,(anonymous_1)
FNDA:0,getDisplayName
DA:66,0
DA:69,0
DA:71,0
DA:74,0
DA:75,0
DA:77,0
DA:79,0
DA:80,0
DA:81,0
DA:82,0
DA:83,0
DA:89,0
DA:90,0
DA:94,0
DA:95,0
DA:97,0
DA:114,0
DA:116,0
DA:123,0
DA:124,0
DA:126,0
LF:21
LH:0
BRDA:59,0,0,0
BRDA:62,1,0,0
BRDA:63,2,0,0
BRDA:65,3,0,0
BRDA:77,4,0,0
BRDA:77,4,1,0
BRDA:77,5,0,0
BRDA:77,5,1,0
BRDA:77,5,2,0
BRDA:77,5,3,0
BRDA:80,6,0,0
BRDA:80,6,1,0
BRDA:89,7,0,0
BRDA:89,7,1,0
BRDA:89,8,0,0
BRDA:89,8,1,0
BRDA:94,9,0,0
BRDA:94,9,1,0
BRDA:95,10,0,0
BRDA:95,10,1,0
BRDA:99,11,0,0
BRDA:99,11,1,0
BRDA:100,12,0,0
BRDA:100,12,1,0
BRDA:101,13,0,0
BRDA:101,13,1,0
BRDA:102,14,0,0
BRDA:102,14,1,0
BRDA:106,15,0,0
BRDA:106,15,1,0
BRDA:123,16,0,0
BRDA:123,16,1,0
BRDA:126,17,0,0
BRDA:126,17,1,0
BRDA:126,17,2,0
BRF:35
BRH:0
end_of_record
TN:
SF:src/components/molecules/AlternativeSlotsModal.tsx
FN:22,(anonymous_0)
FN:52,(anonymous_1)
FN:55,(anonymous_2)
FNF:3
FNH:0
FNDA:0,(anonymous_0)
FNDA:0,(anonymous_1)
FNDA:0,(anonymous_2)
DA:22,0
DA:29,0
DA:31,0
DA:53,0
DA:55,0
LF:5
LH:0
BRDA:34,0,0,0
BRDA:34,0,1,0
BRDA:46,1,0,0
BRDA:46,1,1,0
BRDA:51,2,0,0
BRDA:51,2,1,0
BRDA:63,3,0,0
BRDA:63,3,1,0
BRF:8
BRH:0
end_of_record
TN:
SF:src/components/molecules/BookingCard.tsx
FN:15,(anonymous_0)
FN:30,(anonymous_1)
FN:45,(anonymous_2)
FN:55,(anonymous_3)
FN:90,(anonymous_4)
FN:98,(anonymous_5)
FN:106,(anonymous_6)
FNF:7
FNH:0
FNDA:0,(anonymous_0)
FNDA:0,(anonymous_1)
FNDA:0,(anonymous_2)
FNDA:0,(anonymous_3)
FNDA:0,(anonymous_4)
FNDA:0,(anonymous_5)
FNDA:0,(anonymous_6)
DA:15,0
DA:16,0
DA:18,0
DA:20,0
DA:22,0
DA:24,0
DA:26,0
DA:30,0
DA:31,0
DA:33,0
DA:35,0
DA:37,0
DA:39,0
DA:41,0
DA:45,0
DA:46,0
DA:55,0
DA:61,0
DA:63,0
DA:90,0
DA:98,0
DA:106,0
LF:22
LH:0
BRDA:16,0,0,0
BRDA:16,0,1,0
BRDA:16,0,2,0
BRDA:16,0,3,0
BRDA:16,0,4,0
BRDA:31,1,0,0
BRDA:31,1,1,0
BRDA:31,1,2,0
BRDA:31,1,3,0
BRDA:31,1,4,0
BRDA:64,2,0,0
BRDA:64,2,1,0
BRDA:65,3,0,0
BRDA:65,3,1,0
BRDA:69,4,0,0
BRDA:69,4,1,0
BRDA:73,5,0,0
BRDA:73,5,1,0
BRDA:76,6,0,0
BRDA:76,6,1,0
BRDA:82,7,0,0
BRDA:82,7,1,0
BRDA:86,8,0,0
BRDA:86,8,1,0
BRDA:94,9,0,0
BRDA:94,9,1,0
BRDA:103,10,0,0
BRDA:103,10,1,0
BRF:28
BRH:0
end_of_record
TN:
SF:src/components/molecules/BookingCreateModal.tsx
FN:50,(anonymous_0)
FN:93,(anonymous_1)
FN:103,(anonymous_2)
FN:112,(anonymous_3)
FN:117,(anonymous_4)
FN:159,(anonymous_5)
FN:171,(anonymous_6)
FN:183,(anonymous_7)
FN:195,(anonymous_8)
FN:205,(anonymous_9)
FN:212,(anonymous_10)
FNF:11
FNH:0
FNDA:0,(anonymous_0)
FNDA:0,(anonymous_1)
FNDA:0,(anonymous_2)
FNDA:0,(anonymous_3)
FNDA:0,(anonymous_4)
FNDA:0,(anonymous_5)
FNDA:0,(anonymous_6)
FNDA:0,(anonymous_7)
FNDA:0,(anonymous_8)
FNDA:0,(anonymous_9)
FNDA:0,(anonymous_10)
DA:37,0
DA:50,0
DA:72,0
DA:73,0
DA:81,0
DA:93,0
DA:94,0
DA:95,0
DA:96,0
DA:97,0
DA:98,0
DA:99,0
DA:103,0
DA:104,0
DA:105,0
DA:106,0
DA:107,0
DA:108,0
DA:109,0
DA:112,0
DA:113,0
DA:114,0
DA:117,0
DA:118,0
DA:121,0
DA:160,0
DA:161,0
DA:172,0
DA:173,0
DA:184,0
DA:185,0
DA:196,0
DA:197,0
DA:206,0
DA:213,0
DA:214,0
LF:36
LH:0
BRDA:85,0,0,0
BRDA:85,0,1,0
BRDA:86,1,0,0
BRDA:86,1,1,0
BRDA:87,2,0,0
BRDA:87,2,1,0
BRDA:88,3,0,0
BRDA:88,3,1,0
BRDA:89,4,0,0
BRDA:89,4,1,0
BRDA:94,5,0,0
BRDA:94,5,1,0
BRDA:95,6,0,0
BRDA:95,6,1,0
BRDA:96,7,0,0
BRDA:96,7,1,0
BRDA:97,8,0,0
BRDA:97,8,1,0
BRDA:98,9,0,0
BRDA:98,9,1,0
BRDA:99,10,0,0
BRDA:99,10,1,0
BRDA:106,11,0,0
BRDA:106,11,1,0
BRDA:107,12,0,0
BRDA:107,12,1,0
BRDA:108,13,0,0
BRDA:108,13,1,0
BRDA:127,14,0,0
BRDA:127,14,1,0
BRDA:133,15,0,0
BRDA:133,15,1,0
BRDA:133,15,2,0
BRDA:135,16,0,0
BRDA:135,16,1,0
BRDA:135,17,0,0
BRDA:135,17,1,0
BRDA:140,18,0,0
BRDA:140,18,1,0
BRDA:141,19,0,0
BRDA:141,19,1,0
BRDA:142,20,0,0
BRDA:142,20,1,0
BRDA:147,21,0,0
BRDA:147,21,1,0
BRDA:148,22,0,0
BRDA:148,22,1,0
BRDA:148,23,0,0
BRDA:148,23,1,0
BRDA:211,24,0,0
BRDA:211,24,1,0
BRDA:223,25,0,0
BRDA:223,25,1,0
BRDA:223,25,2,0
BRDA:224,26,0,0
BRDA:224,26,1,0
BRDA:225,27,0,0
BRDA:225,27,1,0
BRDA:232,28,0,0
BRDA:232,28,1,0
BRF:60
BRH:0
end_of_record
TN:
SF:src/components/molecules/BookingDetailModal.tsx
FN:16,(anonymous_0)
FN:29,(anonymous_1)
FN:44,(anonymous_2)
FN:65,(anonymous_3)
FNF:4
FNH:0
FNDA:0,(anonymous_0)
FNDA:0,(anonymous_1)
FNDA:0,(anonymous_2)
FNDA:0,(anonymous_3)
DA:16,0
DA:23,0
DA:25,0
DA:27,0
DA:29,0
DA:30,0
DA:32,0
DA:34,0
DA:36,0
DA:38,0
DA:40,0
DA:44,0
DA:45,0
DA:48,0
DA:49,0
DA:57,0
DA:65,0
LF:17
LH:0
BRDA:21,0,0,0
BRDA:25,1,0,0
BRDA:25,1,1,0
BRDA:27,2,0,0
BRDA:27,2,1,0
BRDA:30,3,0,0
BRDA:30,3,1,0
BRDA:30,3,2,0
BRDA:30,3,3,0
BRDA:30,3,4,0
BRDA:45,4,0,0
BRDA:45,4,1,0
BRDA:62,5,0,0
BRDA:62,5,1,0
BRDA:64,6,0,0
BRDA:64,6,1,0
BRDA:73,7,0,0
BRDA:73,7,1,0
BRDA:74,8,0,0
BRDA:74,8,1,0
BRDA:77,9,0,0
BRDA:77,9,1,0
BRDA:78,10,0,0
BRDA:78,10,1,0
BRDA:78,11,0,0
BRDA:78,11,1,0
BRDA:78,11,2,0
BRDA:81,12,0,0
BRDA:81,12,1,0
BRDA:82,13,0,0
BRDA:82,13,1,0
BRDA:85,14,0,0
BRDA:85,14,1,0
BRDA:86,15,0,0
BRDA:86,15,1,0
BRDA:90,16,0,0
BRDA:90,16,1,0
BRDA:94,17,0,0
BRDA:94,17,1,0
BRDA:95,18,0,0
BRDA:95,18,1,0
BRDA:95,19,0,0
BRDA:95,19,1,0
BRDA:98,20,0,0
BRDA:98,20,1,0
BRDA:99,21,0,0
BRDA:99,21,1,0
BRDA:99,22,0,0
BRDA:99,22,1,0
BRDA:102,23,0,0
BRDA:102,23,1,0
BRDA:103,24,0,0
BRDA:103,24,1,0
BRDA:103,25,0,0
BRDA:103,25,1,0
BRDA:106,26,0,0
BRDA:106,26,1,0
BRDA:107,27,0,0
BRDA:107,27,1,0
BRDA:107,28,0,0
BRDA:107,28,1,0
BRDA:112,29,0,0
BRDA:112,29,1,0
BRDA:113,30,0,0
BRDA:113,30,1,0
BRDA:114,31,0,0
BRDA:114,31,1,0
BRF:67
BRH:0
end_of_record
TN:
SF:src/components/molecules/BookingFilters.tsx
FN:27,(anonymous_0)
FN:42,(anonymous_1)
FN:46,(anonymous_2)
FN:57,(anonymous_3)
FN:72,(anonymous_4)
FN:88,(anonymous_5)
FN:89,(anonymous_6)
FN:90,(anonymous_7)
FN:108,(anonymous_8)
FN:109,(anonymous_9)
FN:110,(anonymous_10)
FN:135,(anonymous_11)
FN:136,(anonymous_12)
FN:137,(anonymous_13)
FN:155,(anonymous_14)
FN:156,(anonymous_15)
FN:157,(anonymous_16)
FNF:17
FNH:0
FNDA:0,(anonymous_0)
FNDA:0,(anonymous_1)
FNDA:0,(anonymous_2)
FNDA:0,(anonymous_3)
FNDA:0,(anonymous_4)
FNDA:0,(anonymous_5)
FNDA:0,(anonymous_6)
FNDA:0,(anonymous_7)
FNDA:0,(anonymous_8)
FNDA:0,(anonymous_9)
FNDA:0,(anonymous_10)
FNDA:0,(anonymous_11)
FNDA:0,(anonymous_12)
FNDA:0,(anonymous_13)
FNDA:0,(anonymous_14)
FNDA:0,(anonymous_15)
FNDA:0,(anonymous_16)
DA:27,0
DA:40,0
DA:42,0
DA:43,0
DA:46,0
DA:47,0
DA:50,0
DA:57,0
DA:72,0
DA:88,0
DA:89,0
DA:90,0
DA:108,0
DA:109,0
DA:110,0
DA:135,0
DA:136,0
DA:137,0
DA:155,0
DA:156,0
DA:157,0
LF:21
LH:0
BRDA:78,0,0,0
BRDA:78,0,1,0
BRDA:92,1,0,0
BRDA:92,1,1,0
BRDA:99,2,0,0
BRDA:99,2,1,0
BRDA:112,3,0,0
BRDA:112,3,1,0
BRDA:114,4,0,0
BRDA:114,4,1,0
BRDA:120,5,0,0
BRDA:120,5,1,0
BRDA:139,6,0,0
BRDA:139,6,1,0
BRDA:146,7,0,0
BRDA:146,7,1,0
BRDA:159,8,0,0
BRDA:159,8,1,0
BRDA:161,9,0,0
BRDA:161,9,1,0
BRDA:167,10,0,0
BRDA:167,10,1,0
BRF:22
BRH:0
end_of_record
TN:
SF:src/components/molecules/BookingForm.tsx
FN:62,(anonymous_0)
FN:102,(anonymous_1)
FN:111,(anonymous_2)
FN:144,(anonymous_3)
FN:158,(anonymous_4)
FN:172,(anonymous_5)
FN:186,(anonymous_6)
FN:200,(anonymous_7)
FNF:8
FNH:0
FNDA:0,(anonymous_0)
FNDA:0,(anonymous_1)
FNDA:0,(anonymous_2)
FNDA:0,(anonymous_3)
FNDA:0,(anonymous_4)
FNDA:0,(anonymous_5)
FNDA:0,(anonymous_6)
FNDA:0,(anonymous_7)
DA:38,0
DA:62,0
DA:81,0
DA:89,0
DA:102,0
DA:103,0
DA:104,0
DA:105,0
DA:106,0
DA:107,0
DA:111,0
DA:112,0
DA:113,0
DA:114,0
DA:115,0
DA:116,0
DA:117,0
DA:120,0
DA:145,0
DA:146,0
DA:159,0
DA:160,0
DA:173,0
DA:174,0
DA:187,0
DA:188,0
DA:201,0
DA:202,0
LF:28
LH:0
BRDA:93,0,0,0
BRDA:93,0,1,0
BRDA:94,1,0,0
BRDA:94,1,1,0
BRDA:95,2,0,0
BRDA:95,2,1,0
BRDA:96,3,0,0
BRDA:96,3,1,0
BRDA:97,4,0,0
BRDA:97,4,1,0
BRDA:103,5,0,0
BRDA:103,5,1,0
BRDA:104,6,0,0
BRDA:104,6,1,0
BRDA:105,7,0,0
BRDA:105,7,1,0
BRDA:106,8,0,0
BRDA:106,8,1,0
BRDA:107,9,0,0
BRDA:107,9,1,0
BRDA:114,10,0,0
BRDA:114,10,1,0
BRDA:115,11,0,0
BRDA:115,11,1,0
BRDA:116,12,0,0
BRDA:116,12,1,0
BRDA:121,13,0,0
BRDA:121,13,1,0
BRDA:122,14,0,0
BRDA:122,14,1,0
BRDA:123,15,0,0
BRDA:123,15,1,0
BRDA:124,16,0,0
BRDA:124,16,1,0
BRDA:125,17,0,0
BRDA:125,17,1,0
BRDA:129,18,0,0
BRDA:129,18,1,0
BRDA:130,19,0,0
BRDA:130,19,1,0
BRDA:213,20,0,0
BRDA:213,20,1,0
BRF:42
BRH:0
end_of_record
TN:
SF:src/components/molecules/BookingModalBase.tsx
FN:25,(anonymous_0)
FNF:1
FNH:0
FNDA:0,(anonymous_0)
DA:25,0
DA:38,0
DA:40,0
DA:41,0
DA:43,0
LF:5
LH:0
BRDA:32,0,0,0
BRDA:33,1,0,0
BRDA:35,2,0,0
BRDA:40,3,0,0
BRDA:40,3,1,0
BRDA:41,4,0,0
BRDA:41,4,1,0
BRDA:48,5,0,0
BRDA:48,5,1,0
BRDA:49,6,0,0
BRDA:49,6,1,0
BRF:11
BRH:0
end_of_record
TN:
SF:src/components/molecules/BookingUpdateModal.tsx
FN:54,(anonymous_0)
FN:66,(anonymous_1)
FN:67,(anonymous_2)
FN:68,(anonymous_3)
FN:69,(anonymous_4)
FN:102,(anonymous_5)
FN:106,(anonymous_6)
FN:125,(anonymous_7)
FN:132,(anonymous_8)
FN:135,(anonymous_9)
FN:151,(anonymous_10)
FN:161,(anonymous_11)
FN:170,(anonymous_12)
FN:171,(anonymous_13)
FN:172,(anonymous_14)
FN:174,(anonymous_15)
FN:199,(anonymous_16)
FN:212,(anonymous_17)
FN:224,(anonymous_18)
FN:234,(anonymous_19)
FN:239,(anonymous_20)
FN:264,(anonymous_21)
FN:303,(anonymous_22)
FN:305,(anonymous_23)
FN:306,(anonymous_24)
FN:307,(anonymous_25)
FN:325,(anonymous_26)
FN:325,(anonymous_27)
FN:345,(anonymous_28)
FN:351,(anonymous_29)
FN:425,(anonymous_30)
FNF:31
FNH:0
FNDA:0,(anonymous_0)
FNDA:0,(anonymous_1)
FNDA:0,(anonymous_2)
FNDA:0,(anonymous_3)
FNDA:0,(anonymous_4)
FNDA:0,(anonymous_5)
FNDA:0,(anonymous_6)
FNDA:0,(anonymous_7)
FNDA:0,(anonymous_8)
FNDA:0,(anonymous_9)
FNDA:0,(anonymous_10)
FNDA:0,(anonymous_11)
FNDA:0,(anonymous_12)
FNDA:0,(anonymous_13)
FNDA:0,(anonymous_14)
FNDA:0,(anonymous_15)
FNDA:0,(anonymous_16)
FNDA:0,(anonymous_17)
FNDA:0,(anonymous_18)
FNDA:0,(anonymous_19)
FNDA:0,(anonymous_20)
FNDA:0,(anonymous_21)
FNDA:0,(anonymous_22)
FNDA:0,(anonymous_23)
FNDA:0,(anonymous_24)
FNDA:0,(anonymous_25)
FNDA:0,(anonymous_26)
FNDA:0,(anonymous_27)
FNDA:0,(anonymous_28)
FNDA:0,(anonymous_29)
FNDA:0,(anonymous_30)
DA:46,0
DA:54,0
DA:63,0
DA:64,0
DA:66,0
DA:67,0
DA:68,0
DA:69,0
DA:73,0
DA:74,0
DA:75,0
DA:76,0
DA:77,0
DA:78,0
DA:79,0
DA:80,0
DA:81,0
DA:90,0
DA:102,0
DA:103,0
DA:106,0
DA:107,0
DA:108,0
DA:109,0
DA:116,0
DA:117,0
DA:118,0
DA:119,0
DA:120,0
DA:121,0
DA:124,0
DA:125,0
DA:126,0
DA:127,0
DA:132,0
DA:133,0
DA:134,0
DA:135,0
DA:136,0
DA:137,0
DA:139,0
DA:144,0
DA:145,0
DA:146,0
DA:147,0
DA:150,0
DA:151,0
DA:152,0
DA:161,0
DA:162,0
DA:163,0
DA:164,0
DA:165,0
DA:166,0
DA:168,0
DA:170,0
DA:171,0
DA:172,0
DA:174,0
DA:175,0
DA:176,0
DA:177,0
DA:178,0
DA:179,0
DA:180,0
DA:182,0
DA:183,0
DA:184,0
DA:192,0
DA:195,0
DA:197,0
DA:199,0
DA:200,0
DA:201,0
DA:202,0
DA:204,0
DA:205,0
DA:207,0
DA:208,0
DA:212,0
DA:213,0
DA:214,0
DA:215,0
DA:217,0
DA:220,0
DA:221,0
DA:224,0
DA:225,0
DA:226,0
DA:227,0
DA:228,0
DA:229,0
DA:231,0
DA:234,0
DA:235,0
DA:236,0
DA:239,0
DA:240,0
DA:241,0
DA:243,0
DA:244,0
DA:245,0
DA:246,0
DA:260,0
DA:264,0
DA:265,0
DA:268,0
DA:303,0
DA:305,0
DA:306,0
DA:307,0
DA:325,0
DA:346,0
DA:347,0
DA:348,0
DA:351,0
DA:426,0
LF:117
LH:0
BRDA:60,0,0,0
BRDA:61,1,0,0
BRDA:103,2,0,0
BRDA:103,2,1,0
BRDA:107,3,0,0
BRDA:107,3,1,0
BRDA:107,4,0,0
BRDA:107,4,1,0
BRDA:110,5,0,0
BRDA:110,5,1,0
BRDA:111,6,0,0
BRDA:111,6,1,0
BRDA:112,7,0,0
BRDA:112,7,1,0
BRDA:113,8,0,0
BRDA:113,8,1,0
BRDA:114,9,0,0
BRDA:114,9,1,0
BRDA:117,10,0,0
BRDA:117,10,1,0
BRDA:124,11,0,0
BRDA:124,11,1,0
BRDA:126,12,0,0
BRDA:126,12,1,0
BRDA:126,13,0,0
BRDA:126,13,1,0
BRDA:133,14,0,0
BRDA:133,14,1,0
BRDA:133,15,0,0
BRDA:133,15,1,0
BRDA:133,15,2,0
BRDA:144,16,0,0
BRDA:144,16,1,0
BRDA:145,17,0,0
BRDA:145,17,1,0
BRDA:162,18,0,0
BRDA:162,18,1,0
BRDA:162,19,0,0
BRDA:162,19,1,0
BRDA:162,19,2,0
BRDA:176,20,0,0
BRDA:176,20,1,0
BRDA:182,21,0,0
BRDA:182,21,1,0
BRDA:183,22,0,0
BRDA:183,22,1,0
BRDA:195,23,0,0
BRDA:195,23,1,0
BRDA:201,24,0,0
BRDA:201,24,1,0
BRDA:204,25,0,0
BRDA:204,25,1,0
BRDA:207,26,0,0
BRDA:207,26,1,0
BRDA:213,27,0,0
BRDA:213,27,1,0
BRDA:213,28,0,0
BRDA:213,28,1,0
BRDA:226,29,0,0
BRDA:226,29,1,0
BRDA:227,30,0,0
BRDA:227,30,1,0
BRDA:235,31,0,0
BRDA:235,31,1,0
BRDA:241,32,0,0
BRDA:241,32,1,0
BRDA:241,33,0,0
BRDA:241,33,1,0
BRDA:253,34,0,0
BRDA:253,34,1,0
BRDA:254,35,0,0
BRDA:254,35,1,0
BRDA:255,36,0,0
BRDA:255,36,1,0
BRDA:275,37,0,0
BRDA:275,37,1,0
BRDA:287,38,0,0
BRDA:287,38,1,0
BRDA:287,38,2,0
BRDA:289,39,0,0
BRDA:289,39,1,0
BRDA:296,40,0,0
BRDA:296,40,1,0
BRDA:311,41,0,0
BRDA:311,41,1,0
BRDA:316,42,0,0
BRDA:316,42,1,0
BRDA:319,43,0,0
BRDA:319,43,1,0
BRDA:332,44,0,0
BRDA:332,44,1,0
BRDA:337,45,0,0
BRDA:337,45,1,0
BRDA:338,46,0,0
BRDA:338,46,1,0
BRDA:338,47,0,0
BRDA:338,47,1,0
BRDA:339,48,0,0
BRDA:339,48,1,0
BRDA:340,49,0,0
BRDA:340,49,1,0
BRDA:346,50,0,0
BRDA:346,50,1,0
BRDA:346,50,2,0
BRDA:354,51,0,0
BRDA:354,51,1,0
BRDA:356,52,0,0
BRDA:356,52,1,0
BRDA:358,53,0,0
BRDA:358,53,1,0
BRDA:360,54,0,0
BRDA:360,54,1,0
BRDA:365,55,0,0
BRDA:365,55,1,0
BRDA:365,56,0,0
BRDA:365,56,1,0
BRDA:365,56,2,0
BRDA:366,57,0,0
BRDA:366,57,1,0
BRDA:374,58,0,0
BRDA:374,58,1,0
BRDA:377,59,0,0
BRDA:377,59,1,0
BRDA:377,59,2,0
BRDA:380,60,0,0
BRDA:380,60,1,0
BRDA:380,60,2,0
BRDA:389,61,0,0
BRDA:389,61,1,0
BRDA:392,62,0,0
BRDA:392,62,1,0
BRDA:431,63,0,0
BRDA:431,63,1,0
BRF:133
BRH:0
end_of_record
TN:
SF:src/components/molecules/ConfirmModal.tsx
FNF:0
FNH:0
LF:0
LH:0
BRF:0
BRH:0
end_of_record
TN:
SF:src/components/molecules/DateSelector.tsx
FN:18,(anonymous_0)
FN:29,(anonymous_1)
FN:35,(anonymous_2)
FN:54,(anonymous_3)
FN:55,(anonymous_4)
FN:56,(anonymous_5)
FNF:6
FNH:0
FNDA:0,(anonymous_0)
FNDA:0,(anonymous_1)
FNDA:0,(anonymous_2)
FNDA:0,(anonymous_3)
FNDA:0,(anonymous_4)
FNDA:0,(anonymous_5)
DA:18,0
DA:23,0
DA:24,0
DA:29,0
DA:30,0
DA:31,0
DA:32,0
DA:35,0
DA:36,0
DA:37,0
DA:38,0
DA:39,0
DA:40,0
DA:42,0
DA:45,0
DA:54,0
DA:55,0
DA:56,0
LF:18
LH:0
BRDA:37,0,0,0
BRDA:37,0,1,0
BRDA:38,1,0,0
BRDA:38,1,1,0
BRDA:46,2,0,0
BRDA:46,2,1,0
BRDA:47,3,0,0
BRDA:47,3,1,0
BRDA:47,4,0,0
BRDA:47,4,1,0
BRDA:61,5,0,0
BRDA:61,5,1,0
BRF:12
BRH:0
end_of_record
TN:
SF:src/components/molecules/EntityList.tsx
FN:66,(anonymous_0)
FN:90,(anonymous_1)
FN:105,(anonymous_2)
FN:115,(anonymous_3)
FN:154,(anonymous_4)
FNF:5
FNH:0
FNDA:0,(anonymous_0)
FNDA:0,(anonymous_1)
FNDA:0,(anonymous_2)
FNDA:0,(anonymous_3)
FNDA:0,(anonymous_4)
DA:66,0
DA:83,0
DA:84,0
DA:90,0
DA:91,0
DA:93,0
DA:94,0
DA:95,0
DA:97,0
DA:105,0
DA:106,0
DA:107,0
DA:115,0
DA:116,0
DA:117,0
DA:121,0
DA:154,0
DA:170,0
LF:18
LH:0
BRDA:68,0,0,0
BRDA:69,1,0,0
BRDA:80,2,0,0
BRDA:81,3,0,0
BRDA:91,4,0,0
BRDA:91,4,1,0
BRDA:97,5,0,0
BRDA:97,5,1,0
BRDA:106,6,0,0
BRDA:106,6,1,0
BRDA:116,7,0,0
BRDA:116,7,1,0
BRDA:133,8,0,0
BRDA:133,8,1,0
BRDA:155,9,0,0
BRDA:155,9,1,0
BRDA:157,10,0,0
BRDA:157,10,1,0
BRDA:159,11,0,0
BRDA:159,11,1,0
BRF:20
BRH:0
end_of_record
TN:
SF:src/components/molecules/LoginForm.tsx
FN:46,(anonymous_0)
FN:69,(anonymous_1)
FN:82,(anonymous_2)
FN:89,(anonymous_3)
FN:97,(anonymous_4)
FN:159,(anonymous_5)
FN:174,(anonymous_6)
FNF:7
FNH:0
FNDA:0,(anonymous_0)
FNDA:0,(anonymous_1)
FNDA:0,(anonymous_2)
FNDA:0,(anonymous_3)
FNDA:0,(anonymous_4)
FNDA:0,(anonymous_5)
FNDA:0,(anonymous_6)
DA:20,0
DA:25,0
DA:30,0
DA:46,0
DA:55,0
DA:60,0
DA:62,0
DA:63,0
DA:66,0
DA:69,0
DA:71,0
DA:72,0
DA:73,0
DA:76,0
DA:77,0
DA:78,0
DA:82,0
DA:83,0
DA:84,0
DA:85,0
DA:89,0
DA:90,0
DA:91,0
DA:93,0
DA:97,0
DA:98,0
DA:99,0
DA:100,0
DA:104,0
DA:160,0
DA:161,0
DA:162,0
DA:164,0
DA:175,0
DA:176,0
DA:177,0
DA:178,0
DA:179,0
LF:38
LH:0
BRDA:49,0,0,0
BRDA:50,1,0,0
BRDA:51,2,0,0
BRDA:52,3,0,0
BRDA:72,4,0,0
BRDA:72,4,1,0
BRDA:84,5,0,0
BRDA:84,5,1,0
BRDA:90,6,0,0
BRDA:90,6,1,0
BRDA:91,7,0,0
BRDA:91,7,1,0
BRDA:98,8,0,0
BRDA:98,8,1,0
BRDA:105,9,0,0
BRDA:105,9,1,0
BRDA:106,10,0,0
BRDA:106,10,1,0
BRDA:107,11,0,0
BRDA:107,11,1,0
BRDA:108,12,0,0
BRDA:108,12,1,0
BRDA:109,13,0,0
BRDA:109,13,1,0
BRDA:114,14,0,0
BRDA:114,14,1,0
BRDA:133,15,0,0
BRDA:133,15,1,0
BRDA:143,16,0,0
BRDA:143,16,1,0
BRDA:146,17,0,0
BRDA:146,17,1,0
BRDA:153,18,0,0
BRDA:153,18,1,0
BRDA:161,19,0,0
BRDA:161,19,1,0
BRDA:172,20,0,0
BRDA:172,20,1,0
BRDA:173,21,0,0
BRDA:173,21,1,0
BRDA:173,21,2,0
BRDA:176,22,0,0
BRDA:176,22,1,0
BRDA:185,23,0,0
BRDA:185,23,1,0
BRDA:197,24,0,0
BRDA:197,24,1,0
BRDA:197,24,2,0
BRDA:197,24,3,0
BRF:49
BRH:0
end_of_record
TN:
SF:src/components/molecules/NotificationContainer.tsx
FN:15,(anonymous_0)
FN:72,(anonymous_1)
FNF:2
FNH:0
FNDA:0,(anonymous_0)
FNDA:0,(anonymous_1)
DA:15,0
DA:16,0
DA:17,0
DA:21,0
DA:24,0
DA:26,0
DA:73,0
LF:7
LH:0
BRDA:21,0,0,0
BRDA:21,0,1,0
BRDA:21,1,0,0
BRDA:21,1,1,0
BRF:4
BRH:0
end_of_record
TN:
SF:src/components/molecules/Pagination.tsx
FN:11,(anonymous_0)
FN:25,(anonymous_1)
FN:37,(anonymous_2)
FNF:3
FNH:0
FNDA:0,(anonymous_0)
FNDA:0,(anonymous_1)
FNDA:0,(anonymous_2)
DA:11,0
DA:16,0
DA:18,0
DA:20,0
DA:25,0
DA:37,0
LF:6
LH:0
BRDA:18,0,0,0
BRDA:18,0,1,0
BRDA:27,1,0,0
BRDA:27,1,1,0
BRDA:29,2,0,0
BRDA:29,2,1,0
BRDA:31,3,0,0
BRDA:31,3,1,0
BRDA:39,4,0,0
BRDA:39,4,1,0
BRDA:41,5,0,0
BRDA:41,5,1,0
BRF:12
BRH:0
end_of_record
TN:
SF:src/components/molecules/RegisterForm.tsx
FN:67,(anonymous_0)
FN:102,(anonymous_1)
FN:116,(anonymous_2)
FN:123,(anonymous_3)
FN:129,(anonymous_4)
FN:198,(anonymous_5)
FN:210,(anonymous_6)
FN:231,(anonymous_7)
FNF:8
FNH:0
FNDA:0,(anonymous_0)
FNDA:0,(anonymous_1)
FNDA:0,(anonymous_2)
FNDA:0,(anonymous_3)
FNDA:0,(anonymous_4)
FNDA:0,(anonymous_5)
FNDA:0,(anonymous_6)
FNDA:0,(anonymous_7)
DA:27,0
DA:31,0
DA:36,0
DA:41,0
DA:46,0
DA:67,0
DA:81,0
DA:92,0
DA:93,0
DA:94,0
DA:96,0
DA:99,0
DA:102,0
DA:104,0
DA:105,0
DA:106,0
DA:110,0
DA:111,0
DA:112,0
DA:116,0
DA:117,0
DA:118,0
DA:119,0
DA:123,0
DA:124,0
DA:125,0
DA:129,0
DA:130,0
DA:132,0
DA:133,0
DA:137,0
DA:199,0
DA:200,0
DA:202,0
DA:211,0
DA:212,0
DA:213,0
DA:214,0
DA:215,0
DA:232,0
DA:233,0
DA:234,0
LF:42
LH:0
BRDA:70,0,0,0
BRDA:71,1,0,0
BRDA:72,2,0,0
BRDA:73,3,0,0
BRDA:105,4,0,0
BRDA:105,4,1,0
BRDA:118,5,0,0
BRDA:118,5,1,0
BRDA:124,6,0,0
BRDA:124,6,1,0
BRDA:130,7,0,0
BRDA:130,7,1,0
BRDA:138,8,0,0
BRDA:138,8,1,0
BRDA:139,9,0,0
BRDA:139,9,1,0
BRDA:140,10,0,0
BRDA:140,10,1,0
BRDA:141,11,0,0
BRDA:141,11,1,0
BRDA:142,12,0,0
BRDA:142,12,1,0
BRDA:187,13,0,0
BRDA:187,13,1,0
BRDA:189,14,0,0
BRDA:189,14,1,0
BRDA:194,15,0,0
BRDA:194,15,1,0
BRDA:199,16,0,0
BRDA:199,16,1,0
BRDA:208,17,0,0
BRDA:208,17,1,0
BRDA:209,18,0,0
BRDA:209,18,1,0
BRDA:209,18,2,0
BRDA:209,18,3,0
BRDA:212,19,0,0
BRDA:212,19,1,0
BRDA:221,20,0,0
BRDA:221,20,1,0
BRDA:230,21,0,0
BRDA:230,21,1,0
BRDA:230,21,2,0
BRDA:230,21,3,0
BRDA:230,21,4,0
BRDA:230,21,5,0
BRDA:233,22,0,0
BRDA:233,22,1,0
BRDA:243,23,0,0
BRDA:243,23,1,0
BRDA:249,24,0,0
BRDA:249,24,1,0
BRDA:249,24,2,0
BRDA:249,24,3,0
BRDA:249,24,4,0
BRF:55
BRH:0
end_of_record
TN:
SF:src/components/molecules/ServiceSelector.tsx
FN:20,(anonymous_0)
FN:36,(anonymous_1)
FN:36,(anonymous_2)
FN:39,(anonymous_3)
FNF:4
FNH:0
FNDA:0,(anonymous_0)
FNDA:0,(anonymous_1)
FNDA:0,(anonymous_2)
FNDA:0,(anonymous_3)
DA:20,0
DA:26,0
DA:28,0
DA:36,0
DA:39,0
LF:5
LH:0
BRDA:29,0,0,0
BRDA:29,0,1,0
BRDA:30,1,0,0
BRDA:30,1,1,0
BRDA:30,2,0,0
BRDA:30,2,1,0
BRDA:43,3,0,0
BRDA:43,3,1,0
BRDA:44,4,0,0
BRDA:44,4,1,0
BRF:10
BRH:0
end_of_record
TN:
SF:src/components/molecules/SuccessModal.tsx
FN:19,(anonymous_0)
FNF:1
FNH:0
FNDA:0,(anonymous_0)
DA:19,0
DA:25,0
DA:27,0
LF:3
LH:0
BRDA:44,0,0,0
BRDA:44,0,1,0
BRDA:45,1,0,0
BRDA:45,1,1,0
BRF:4
BRH:0
end_of_record
TN:
SF:src/components/molecules/TimeSlotGrid.tsx
FN:27,(anonymous_0)
FN:46,(anonymous_1)
FN:49,(anonymous_2)
FNF:3
FNH:0
FNDA:0,(anonymous_0)
FNDA:0,(anonymous_1)
FNDA:0,(anonymous_2)
DA:27,0
DA:33,0
DA:35,0
DA:36,0
DA:44,0
DA:47,0
DA:49,0
LF:7
LH:0
BRDA:35,0,0,0
BRDA:35,0,1,0
BRDA:39,1,0,0
BRDA:39,1,1,0
BRDA:45,2,0,0
BRDA:45,2,1,0
BRDA:50,3,0,0
BRDA:50,3,1,0
BRDA:50,3,2,0
BRDA:50,3,3,0
BRDA:52,4,0,0
BRDA:52,4,1,0
BRDA:54,5,0,0
BRDA:54,5,1,0
BRDA:56,6,0,0
BRDA:56,6,1,0
BRDA:62,7,0,0
BRDA:62,7,1,0
BRDA:62,8,0,0
BRDA:62,8,1,0
BRDA:63,9,0,0
BRDA:63,9,1,0
BRDA:71,10,0,0
BRDA:71,10,1,0
BRDA:74,11,0,0
BRDA:74,11,1,0
BRF:26
BRH:0
end_of_record
TN:
SF:src/components/molecules/TimeSlotSection.tsx
FN:29,(anonymous_0)
FN:47,(anonymous_1)
FNF:2
FNH:0
FNDA:0,(anonymous_0)
FNDA:0,(anonymous_1)
DA:29,0
DA:36,0
DA:38,0
DA:47,0
LF:4
LH:0
BRDA:39,0,0,0
BRDA:39,0,1,0
BRDA:40,1,0,0
BRDA:40,1,1,0
BRDA:40,2,0,0
BRDA:40,2,1,0
BRF:6
BRH:0
end_of_record
TN:
SF:src/components/molecules/UserEditPopover.tsx
FN:23,(anonymous_0)
FN:38,(anonymous_1)
FN:67,(anonymous_2)
FN:75,(anonymous_3)
FN:105,(anonymous_4)
FNF:5
FNH:0
FNDA:0,(anonymous_0)
FNDA:0,(anonymous_1)
FNDA:0,(anonymous_2)
FNDA:0,(anonymous_3)
FNDA:0,(anonymous_4)
DA:23,0
DA:28,0
DA:29,0
DA:30,0
DA:31,0
DA:33,0
DA:38,0
DA:39,0
DA:40,0
DA:41,0
DA:42,0
DA:45,0
DA:46,0
DA:47,0
DA:48,0
DA:52,0
DA:54,0
DA:55,0
DA:60,0
DA:67,0
DA:68,0
DA:69,0
DA:75,0
DA:76,0
DA:77,0
DA:79,0
DA:83,0
DA:91,0
DA:105,0
LF:29
LH:0
BRDA:39,0,0,0
BRDA:39,0,1,0
BRDA:50,1,0,0
BRDA:50,1,1,0
BRDA:57,2,0,0
BRDA:57,2,1,0
BRDA:76,3,0,0
BRDA:76,3,1,0
BRDA:85,4,0,0
BRDA:85,4,1,0
BRDA:100,5,0,0
BRDA:100,5,1,0
BRF:12
BRH:0
end_of_record
TN:
SF:src/components/organisms/AdminBookingList.tsx
FN:37,(anonymous_0)
FN:59,(anonymous_1)
FN:62,(anonymous_2)
FN:74,(anonymous_3)
FN:82,(anonymous_4)
FN:95,(anonymous_5)
FN:96,(anonymous_6)
FN:130,(anonymous_7)
FN:141,(anonymous_8)
FN:142,(anonymous_9)
FN:148,(anonymous_10)
FN:163,(anonymous_11)
FN:164,(anonymous_12)
FN:171,(anonymous_13)
FN:176,(anonymous_14)
FN:191,(anonymous_15)
FN:206,(anonymous_16)
FN:235,(anonymous_17)
FN:239,(anonymous_18)
FN:243,(anonymous_19)
FN:263,(anonymous_20)
FNF:21
FNH:0
FNDA:0,(anonymous_0)
FNDA:0,(anonymous_1)
FNDA:0,(anonymous_2)
FNDA:0,(anonymous_3)
FNDA:0,(anonymous_4)
FNDA:0,(anonymous_5)
FNDA:0,(anonymous_6)
FNDA:0,(anonymous_7)
FNDA:0,(anonymous_8)
FNDA:0,(anonymous_9)
FNDA:0,(anonymous_10)
FNDA:0,(anonymous_11)
FNDA:0,(anonymous_12)
FNDA:0,(anonymous_13)
FNDA:0,(anonymous_14)
FNDA:0,(anonymous_15)
FNDA:0,(anonymous_16)
FNDA:0,(anonymous_17)
FNDA:0,(anonymous_18)
FNDA:0,(anonymous_19)
FNDA:0,(anonymous_20)
DA:37,0
DA:51,0
DA:60,0
DA:62,0
DA:74,0
DA:82,0
DA:95,0
DA:98,0
DA:106,0
DA:113,0
DA:131,0
DA:132,0
DA:133,0
DA:141,0
DA:142,0
DA:149,0
DA:150,0
DA:152,0
DA:153,0
DA:155,0
DA:163,0
DA:164,0
DA:172,0
DA:176,0
DA:191,0
DA:206,0
DA:222,0
DA:223,0
DA:224,0
DA:226,0
DA:232,0
DA:233,0
DA:235,0
DA:236,0
DA:239,0
DA:240,0
DA:243,0
DA:244,0
DA:251,0
DA:263,0
DA:270,0
LF:41
LH:0
BRDA:44,0,0,0
BRDA:131,1,0,0
BRDA:131,1,1,0
BRDA:132,2,0,0
BRDA:132,2,1,0
BRDA:149,3,0,0
BRDA:149,3,1,0
BRDA:149,4,0,0
BRDA:149,4,1,0
BRDA:152,5,0,0
BRDA:152,5,1,0
BRDA:181,6,0,0
BRDA:181,6,1,0
BRDA:183,7,0,0
BRDA:183,7,1,0
BRDA:196,8,0,0
BRDA:196,8,1,0
BRDA:198,9,0,0
BRDA:198,9,1,0
BRDA:211,10,0,0
BRDA:211,10,1,0
BRDA:213,11,0,0
BRDA:213,11,1,0
BRDA:232,12,0,0
BRDA:232,12,1,0
BRDA:233,13,0,0
BRDA:233,13,1,0
BRDA:236,14,0,0
BRDA:236,14,1,0
BRDA:245,15,0,0
BRDA:245,15,1,0
BRDA:246,16,0,0
BRDA:246,16,1,0
BRDA:247,17,0,0
BRDA:247,17,1,0
BRF:35
BRH:0
end_of_record
TN:
SF:src/components/organisms/AdminServiceList.tsx
FN:45,(anonymous_0)
FN:67,(anonymous_1)
FN:82,(anonymous_2)
FN:90,(anonymous_3)
FN:91,(anonymous_4)
FN:100,(anonymous_5)
FN:101,(anonymous_6)
FN:110,(anonymous_7)
FN:115,(anonymous_8)
FN:128,(anonymous_9)
FN:129,(anonymous_10)
FN:142,(anonymous_11)
FN:146,(anonymous_12)
FN:164,(anonymous_13)
FN:169,(anonymous_14)
FN:184,(anonymous_15)
FN:199,(anonymous_16)
FN:222,(anonymous_17)
FNF:18
FNH:0
FNDA:0,(anonymous_0)
FNDA:0,(anonymous_1)
FNDA:0,(anonymous_2)
FNDA:0,(anonymous_3)
FNDA:0,(anonymous_4)
FNDA:0,(anonymous_5)
FNDA:0,(anonymous_6)
FNDA:0,(anonymous_7)
FNDA:0,(anonymous_8)
FNDA:0,(anonymous_9)
FNDA:0,(anonymous_10)
FNDA:0,(anonymous_11)
FNDA:0,(anonymous_12)
FNDA:0,(anonymous_13)
FNDA:0,(anonymous_14)
FNDA:0,(anonymous_15)
FNDA:0,(anonymous_16)
FNDA:0,(anonymous_17)
DA:45,0
DA:59,0
DA:60,0
DA:67,0
DA:68,0
DA:69,0
DA:73,0
DA:81,0
DA:82,0
DA:90,0
DA:92,0
DA:100,0
DA:102,0
DA:111,0
DA:112,0
DA:113,0
DA:116,0
DA:128,0
DA:130,0
DA:143,0
DA:144,0
DA:147,0
DA:148,0
DA:149,0
DA:150,0
DA:165,0
DA:169,0
DA:184,0
DA:199,0
DA:210,0
DA:222,0
DA:230,0
LF:32
LH:0
BRDA:50,0,0,0
BRDA:51,1,0,0
BRDA:52,2,0,0
BRDA:68,3,0,0
BRDA:68,3,1,0
BRDA:69,4,0,0
BRDA:69,4,1,0
BRDA:73,5,0,0
BRDA:73,5,1,0
BRDA:100,6,0,0
BRDA:100,6,1,0
BRDA:100,7,0,0
BRDA:100,7,1,0
BRDA:111,8,0,0
BRDA:111,8,1,0
BRDA:112,9,0,0
BRDA:112,9,1,0
BRDA:116,10,0,0
BRDA:116,10,1,0
BRDA:133,11,0,0
BRDA:133,11,1,0
BRDA:143,12,0,0
BRDA:143,12,1,0
BRDA:143,13,0,0
BRDA:143,13,1,0
BRDA:147,14,0,0
BRDA:147,14,1,0
BRDA:149,15,0,0
BRDA:149,15,1,0
BRDA:175,16,0,0
BRDA:175,16,1,0
BRDA:190,17,0,0
BRDA:190,17,1,0
BRF:33
BRH:0
end_of_record
TN:
SF:src/components/organisms/AdminUserList.tsx
FN:51,(anonymous_0)
FN:73,(anonymous_1)
FN:85,(anonymous_2)
FN:116,(anonymous_3)
FN:127,(anonymous_4)
FN:135,(anonymous_5)
FN:136,(anonymous_6)
FN:149,(anonymous_7)
FN:158,(anonymous_8)
FN:159,(anonymous_9)
FN:172,(anonymous_10)
FN:173,(anonymous_11)
FN:174,(anonymous_12)
FN:186,(anonymous_13)
FN:187,(anonymous_14)
FN:188,(anonymous_15)
FN:205,(anonymous_16)
FN:206,(anonymous_17)
FN:207,(anonymous_18)
FN:216,(anonymous_19)
FN:217,(anonymous_20)
FN:233,(anonymous_21)
FN:234,(anonymous_22)
FN:250,(anonymous_23)
FN:255,(anonymous_24)
FN:270,(anonymous_25)
FN:285,(anonymous_26)
FN:330,(anonymous_27)
FNF:28
FNH:0
FNDA:0,(anonymous_0)
FNDA:0,(anonymous_1)
FNDA:0,(anonymous_2)
FNDA:0,(anonymous_3)
FNDA:0,(anonymous_4)
FNDA:0,(anonymous_5)
FNDA:0,(anonymous_6)
FNDA:0,(anonymous_7)
FNDA:0,(anonymous_8)
FNDA:0,(anonymous_9)
FNDA:0,(anonymous_10)
FNDA:0,(anonymous_11)
FNDA:0,(anonymous_12)
FNDA:0,(anonymous_13)
FNDA:0,(anonymous_14)
FNDA:0,(anonymous_15)
FNDA:0,(anonymous_16)
FNDA:0,(anonymous_17)
FNDA:0,(anonymous_18)
FNDA:0,(anonymous_19)
FNDA:0,(anonymous_20)
FNDA:0,(anonymous_21)
FNDA:0,(anonymous_22)
FNDA:0,(anonymous_23)
FNDA:0,(anonymous_24)
FNDA:0,(anonymous_25)
FNDA:0,(anonymous_26)
FNDA:0,(anonymous_27)
DA:51,0
DA:65,0
DA:66,0
DA:73,0
DA:74,0
DA:75,0
DA:77,0
DA:85,0
DA:86,0
DA:87,0
DA:88,0
DA:90,0
DA:92,0
DA:94,0
DA:96,0
DA:99,0
DA:101,0
DA:103,0
DA:105,0
DA:107,0
DA:116,0
DA:117,0
DA:118,0
DA:120,0
DA:126,0
DA:127,0
DA:135,0
DA:137,0
DA:150,0
DA:158,0
DA:160,0
DA:172,0
DA:173,0
DA:174,0
DA:186,0
DA:187,0
DA:189,0
DA:205,0
DA:206,0
DA:208,0
DA:216,0
DA:218,0
DA:219,0
DA:233,0
DA:235,0
DA:236,0
DA:251,0
DA:255,0
DA:270,0
DA:285,0
DA:317,0
DA:330,0
DA:337,0
LF:53
LH:0
BRDA:56,0,0,0
BRDA:57,1,0,0
BRDA:63,2,0,0
BRDA:74,3,0,0
BRDA:74,3,1,0
BRDA:74,4,0,0
BRDA:74,4,1,0
BRDA:87,5,0,0
BRDA:87,5,1,0
BRDA:88,6,0,0
BRDA:88,6,1,0
BRDA:88,6,2,0
BRDA:88,6,3,0
BRDA:99,7,0,0
BRDA:99,7,1,0
BRDA:99,7,2,0
BRDA:99,7,3,0
BRDA:117,8,0,0
BRDA:117,8,1,0
BRDA:117,9,0,0
BRDA:117,9,1,0
BRDA:158,10,0,0
BRDA:158,10,1,0
BRDA:158,11,0,0
BRDA:158,11,1,0
BRDA:208,12,0,0
BRDA:208,12,1,0
BRDA:261,13,0,0
BRDA:261,13,1,0
BRDA:276,14,0,0
BRDA:276,14,1,0
BRDA:291,15,0,0
BRDA:291,15,1,0
BRDA:297,16,0,0
BRDA:297,16,1,0
BRF:35
BRH:0
end_of_record
TN:
SF:src/components/organisms/BookingLeftPanel.tsx
FN:34,(anonymous_0)
FNF:1
FNH:0
FNDA:0,(anonymous_0)
DA:34,0
DA:47,0
LF:2
LH:0
BRF:0
BRH:0
end_of_record
TN:
SF:src/components/organisms/BookingPage.tsx
FN:86,(anonymous_0)
FN:156,(anonymous_1)
FN:161,(anonymous_2)
FN:163,(anonymous_3)
FN:172,(anonymous_4)
FN:175,(anonymous_5)
FN:189,(anonymous_6)
FN:204,(anonymous_7)
FN:207,(anonymous_8)
FN:218,(anonymous_9)
FNF:10
FNH:0
FNDA:0,(anonymous_0)
FNDA:0,(anonymous_1)
FNDA:0,(anonymous_2)
FNDA:0,(anonymous_3)
FNDA:0,(anonymous_4)
FNDA:0,(anonymous_5)
FNDA:0,(anonymous_6)
FNDA:0,(anonymous_7)
FNDA:0,(anonymous_8)
FNDA:0,(anonymous_9)
DA:86,0
DA:124,0
DA:125,0
DA:126,0
DA:135,0
DA:154,0
DA:156,0
DA:157,0
DA:161,0
DA:162,0
DA:163,0
DA:164,0
DA:172,0
DA:175,0
DA:176,0
DA:177,0
DA:178,0
DA:179,0
DA:180,0
DA:181,0
DA:182,0
DA:186,0
DA:189,0
DA:190,0
DA:191,0
DA:192,0
DA:193,0
DA:194,0
DA:195,0
DA:196,0
DA:200,0
DA:204,0
DA:205,0
DA:206,0
DA:207,0
DA:209,0
DA:211,0
DA:216,0
DA:218,0
DA:219,0
DA:220,0
DA:222,0
DA:223,0
DA:224,0
DA:225,0
DA:226,0
DA:232,0
DA:234,0
DA:238,0
LF:49
LH:0
BRDA:162,0,0,0
BRDA:162,0,1,0
BRDA:166,1,0,0
BRDA:166,1,1,0
BRDA:167,2,0,0
BRDA:167,2,1,0
BRDA:168,3,0,0
BRDA:168,3,1,0
BRDA:177,4,0,0
BRDA:177,4,1,0
BRDA:178,5,0,0
BRDA:178,5,1,0
BRDA:178,6,0,0
BRDA:178,6,1,0
BRDA:179,7,0,0
BRDA:179,7,1,0
BRDA:191,8,0,0
BRDA:191,8,1,0
BRDA:192,9,0,0
BRDA:192,9,1,0
BRDA:192,10,0,0
BRDA:192,10,1,0
BRDA:193,11,0,0
BRDA:193,11,1,0
BRDA:205,12,0,0
BRDA:205,12,1,0
BRDA:207,13,0,0
BRDA:207,13,1,0
BRDA:207,13,2,0
BRDA:223,14,0,0
BRDA:223,14,1,0
BRDA:239,15,0,0
BRDA:239,15,1,0
BRDA:241,16,0,0
BRDA:241,16,1,0
BRDA:241,17,0,0
BRDA:241,17,1,0
BRDA:243,18,0,0
BRDA:243,18,1,0
BRDA:244,19,0,0
BRDA:244,19,1,0
BRDA:245,20,0,0
BRDA:245,20,1,0
BRDA:250,21,0,0
BRDA:250,21,1,0
BRDA:306,22,0,0
BRDA:306,22,1,0
BRF:47
BRH:0
end_of_record
TN:
SF:src/components/organisms/BookingRightPanel.tsx
FN:41,(anonymous_0)
FN:106,(anonymous_1)
FNF:2
FNH:0
FNDA:0,(anonymous_0)
FNDA:0,(anonymous_1)
DA:41,0
DA:61,0
DA:63,0
DA:107,0
LF:4
LH:0
BRDA:65,0,0,0
BRDA:65,0,1,0
BRDA:66,1,0,0
BRDA:66,1,1,0
BRDA:66,2,0,0
BRDA:66,2,1,0
BRDA:82,3,0,0
BRDA:82,3,1,0
BRDA:84,4,0,0
BRDA:84,4,1,0
BRDA:87,5,0,0
BRDA:87,5,1,0
BRDA:97,6,0,0
BRDA:97,6,1,0
BRDA:100,7,0,0
BRDA:100,7,1,0
BRDA:102,8,0,0
BRDA:102,8,1,0
BRDA:103,9,0,0
BRDA:103,9,1,0
BRF:20
BRH:0
end_of_record
TN:
SF:src/components/organisms/LoginPage.tsx
FN:29,(anonymous_0)
FNF:1
FNH:0
FNDA:0,(anonymous_0)
DA:29,0
DA:37,0
DA:38,0
DA:41,0
LF:4
LH:0
BRDA:32,0,0,0
BRDA:33,1,0,0
BRDA:34,2,0,0
BRDA:35,3,0,0
BRDA:44,4,0,0
BRDA:44,4,1,0
BRDA:46,5,0,0
BRDA:46,5,1,0
BRDA:53,6,0,0
BRDA:53,6,1,0
BRDA:54,7,0,0
BRDA:54,7,1,0
BRDA:69,8,0,0
BRDA:69,8,1,0
BRF:14
BRH:0
end_of_record
TN:
SF:src/components/organisms/MyBookingsPage.tsx
FN:33,(anonymous_0)
FN:53,(anonymous_1)
FN:66,(anonymous_2)
FN:74,(anonymous_3)
FN:107,(anonymous_4)
FN:128,(anonymous_5)
FN:130,(anonymous_6)
FN:135,(anonymous_7)
FN:141,(anonymous_8)
FN:181,(anonymous_9)
FN:205,(anonymous_10)
FN:213,(anonymous_11)
FN:222,(anonymous_12)
FN:237,(anonymous_13)
FN:247,(anonymous_14)
FN:258,(anonymous_15)
FN:262,(anonymous_16)
FNF:17
FNH:0
FNDA:0,(anonymous_0)
FNDA:0,(anonymous_1)
FNDA:0,(anonymous_2)
FNDA:0,(anonymous_3)
FNDA:0,(anonymous_4)
FNDA:0,(anonymous_5)
FNDA:0,(anonymous_6)
FNDA:0,(anonymous_7)
FNDA:0,(anonymous_8)
FNDA:0,(anonymous_9)
FNDA:0,(anonymous_10)
FNDA:0,(anonymous_11)
FNDA:0,(anonymous_12)
FNDA:0,(anonymous_13)
FNDA:0,(anonymous_14)
FNDA:0,(anonymous_15)
FNDA:0,(anonymous_16)
DA:33,0
DA:41,0
DA:42,0
DA:43,0
DA:45,0
DA:46,0
DA:47,0
DA:48,0
DA:53,0
DA:54,0
DA:55,0
DA:66,0
DA:67,0
DA:68,0
DA:74,0
DA:75,0
DA:76,0
DA:78,0
DA:80,0
DA:82,0
DA:84,0
DA:86,0
DA:90,0
DA:92,0
DA:94,0
DA:96,0
DA:98,0
DA:100,0
DA:107,0
DA:108,0
DA:110,0
DA:112,0
DA:114,0
DA:116,0
DA:118,0
DA:123,0
DA:124,0
DA:125,0
DA:126,0
DA:128,0
DA:130,0
DA:131,0
DA:135,0
DA:136,0
DA:137,0
DA:141,0
DA:142,0
DA:143,0
DA:144,0
DA:145,0
DA:146,0
DA:147,0
DA:148,0
DA:154,0
DA:158,0
DA:182,0
DA:205,0
DA:213,0
DA:222,0
DA:239,0
DA:248,0
DA:249,0
DA:258,0
DA:262,0
LF:64
LH:0
BRDA:75,0,0,0
BRDA:75,0,1,0
BRDA:76,1,0,0
BRDA:76,1,1,0
BRDA:76,1,2,0
BRDA:76,1,3,0
BRDA:76,1,4,0
BRDA:90,2,0,0
BRDA:90,2,1,0
BRDA:90,2,2,0
BRDA:90,2,3,0
BRDA:90,2,4,0
BRDA:108,3,0,0
BRDA:108,3,1,0
BRDA:108,3,2,0
BRDA:108,3,3,0
BRDA:108,3,4,0
BRDA:123,4,0,0
BRDA:123,4,1,0
BRDA:124,5,0,0
BRDA:124,5,1,0
BRDA:125,6,0,0
BRDA:125,6,1,0
BRDA:126,7,0,0
BRDA:126,7,1,0
BRDA:163,8,0,0
BRDA:163,8,1,0
BRDA:164,9,0,0
BRDA:164,9,1,0
BRDA:165,10,0,0
BRDA:165,10,1,0
BRDA:172,11,0,0
BRDA:172,11,1,0
BRDA:175,12,0,0
BRDA:175,12,1,0
BRDA:177,13,0,0
BRDA:177,13,1,0
BRDA:178,14,0,0
BRDA:178,14,1,0
BRDA:182,15,0,0
BRDA:182,15,1,0
BRDA:188,16,0,0
BRDA:188,16,1,0
BRDA:191,17,0,0
BRDA:191,17,1,0
BRDA:209,18,0,0
BRDA:209,18,1,0
BRDA:218,19,0,0
BRDA:218,19,1,0
BRDA:267,20,0,0
BRDA:267,20,1,0
BRF:51
BRH:0
end_of_record
TN:
SF:src/components/organisms/RegisterPage.tsx
FN:29,(anonymous_0)
FNF:1
FNH:0
FNDA:0,(anonymous_0)
DA:29,0
DA:37,0
DA:38,0
DA:42,0
LF:4
LH:0
BRDA:32,0,0,0
BRDA:33,1,0,0
BRDA:34,2,0,0
BRDA:35,3,0,0
BRDA:45,4,0,0
BRDA:45,4,1,0
BRDA:47,5,0,0
BRDA:47,5,1,0
BRDA:56,6,0,0
BRDA:56,6,1,0
BRDA:72,7,0,0
BRDA:72,7,1,0
BRF:12
BRH:0
end_of_record
TN:
SF:src/components/pages/AdminPage.tsx
FN:42,(anonymous_0)
FN:57,(anonymous_1)
FN:62,(anonymous_2)
FN:63,(anonymous_3)
FN:75,(anonymous_4)
FN:84,(anonymous_5)
FN:93,(anonymous_6)
FN:105,(anonymous_7)
FN:113,(anonymous_8)
FN:123,(anonymous_9)
FN:131,(anonymous_10)
FN:148,(anonymous_11)
FN:159,(anonymous_12)
FN:204,(anonymous_13)
FN:231,(anonymous_14)
FN:265,(anonymous_15)
FN:266,(anonymous_16)
FN:266,(anonymous_17)
FN:267,(anonymous_18)
FN:272,(anonymous_19)
FN:295,(anonymous_20)
FN:297,(anonymous_21)
FN:310,(anonymous_22)
FN:313,(anonymous_23)
FN:350,(anonymous_24)
FN:376,(anonymous_25)
FN:386,(anonymous_26)
FN:414,(anonymous_27)
FN:423,(anonymous_28)
FN:432,(anonymous_29)
FN:439,(anonymous_30)
FN:456,(anonymous_31)
FN:473,(anonymous_32)
FN:509,(anonymous_33)
FN:513,(anonymous_34)
FN:556,(anonymous_35)
FN:562,(anonymous_36)
FN:570,(anonymous_37)
FN:577,(anonymous_38)
FN:585,(anonymous_39)
FN:592,(anonymous_40)
FN:649,(anonymous_41)
FNF:42
FNH:0
FNDA:0,(anonymous_0)
FNDA:0,(anonymous_1)
FNDA:0,(anonymous_2)
FNDA:0,(anonymous_3)
FNDA:0,(anonymous_4)
FNDA:0,(anonymous_5)
FNDA:0,(anonymous_6)
FNDA:0,(anonymous_7)
FNDA:0,(anonymous_8)
FNDA:0,(anonymous_9)
FNDA:0,(anonymous_10)
FNDA:0,(anonymous_11)
FNDA:0,(anonymous_12)
FNDA:0,(anonymous_13)
FNDA:0,(anonymous_14)
FNDA:0,(anonymous_15)
FNDA:0,(anonymous_16)
FNDA:0,(anonymous_17)
FNDA:0,(anonymous_18)
FNDA:0,(anonymous_19)
FNDA:0,(anonymous_20)
FNDA:0,(anonymous_21)
FNDA:0,(anonymous_22)
FNDA:0,(anonymous_23)
FNDA:0,(anonymous_24)
FNDA:0,(anonymous_25)
FNDA:0,(anonymous_26)
FNDA:0,(anonymous_27)
FNDA:0,(anonymous_28)
FNDA:0,(anonymous_29)
FNDA:0,(anonymous_30)
FNDA:0,(anonymous_31)
FNDA:0,(anonymous_32)
FNDA:0,(anonymous_33)
FNDA:0,(anonymous_34)
FNDA:0,(anonymous_35)
FNDA:0,(anonymous_36)
FNDA:0,(anonymous_37)
FNDA:0,(anonymous_38)
FNDA:0,(anonymous_39)
FNDA:0,(anonymous_40)
FNDA:0,(anonymous_41)
DA:42,0
DA:43,0
DA:44,0
DA:45,0
DA:47,0
DA:57,0
DA:58,0
DA:59,0
DA:60,0
DA:62,0
DA:63,0
DA:75,0
DA:84,0
DA:86,0
DA:87,0
DA:88,0
DA:89,0
DA:90,0
DA:93,0
DA:94,0
DA:95,0
DA:96,0
DA:105,0
DA:106,0
DA:107,0
DA:113,0
DA:114,0
DA:115,0
DA:116,0
DA:123,0
DA:124,0
DA:131,0
DA:132,0
DA:133,0
DA:148,0
DA:149,0
DA:150,0
DA:152,0
DA:159,0
DA:160,0
DA:161,0
DA:163,0
DA:164,0
DA:166,0
DA:167,0
DA:170,0
DA:171,0
DA:172,0
DA:181,0
DA:182,0
DA:184,0
DA:190,0
DA:192,0
DA:193,0
DA:195,0
DA:196,0
DA:204,0
DA:205,0
DA:206,0
DA:209,0
DA:210,0
DA:213,0
DA:217,0
DA:223,0
DA:224,0
DA:229,0
DA:231,0
DA:233,0
DA:235,0
DA:237,0
DA:239,0
DA:242,0
DA:243,0
DA:244,0
DA:245,0
DA:248,0
DA:251,0
DA:254,0
DA:255,0
DA:259,0
DA:260,0
DA:261,0
DA:262,0
DA:263,0
DA:265,0
DA:266,0
DA:267,0
DA:272,0
DA:274,0
DA:275,0
DA:277,0
DA:283,0
DA:284,0
DA:287,0
DA:295,0
DA:297,0
DA:298,0
DA:299,0
DA:300,0
DA:302,0
DA:310,0
DA:311,0
DA:313,0
DA:314,0
DA:315,0
DA:317,0
DA:318,0
DA:319,0
DA:320,0
DA:323,0
DA:325,0
DA:328,0
DA:329,0
DA:332,0
DA:333,0
DA:337,0
DA:340,0
DA:342,0
DA:345,0
DA:350,0
DA:351,0
DA:352,0
DA:354,0
DA:357,0
DA:362,0
DA:365,0
DA:366,0
DA:368,0
DA:376,0
DA:377,0
DA:378,0
DA:386,0
DA:387,0
DA:388,0
DA:390,0
DA:393,0
DA:398,0
DA:399,0
DA:403,0
DA:405,0
DA:414,0
DA:415,0
DA:423,0
DA:424,0
DA:432,0
DA:433,0
DA:439,0
DA:440,0
DA:441,0
DA:443,0
DA:444,0
DA:446,0
DA:447,0
DA:449,0
DA:456,0
DA:457,0
DA:458,0
DA:460,0
DA:461,0
DA:463,0
DA:464,0
DA:466,0
DA:473,0
DA:474,0
DA:475,0
DA:477,0
DA:478,0
DA:480,0
DA:481,0
DA:483,0
DA:488,0
DA:489,0
DA:492,0
DA:510,0
DA:513,0
DA:556,0
DA:562,0
DA:570,0
DA:577,0
DA:585,0
DA:592,0
DA:649,0
LF:182
LH:0
BRDA:114,0,0,0
BRDA:114,0,1,0
BRDA:135,1,0,0
BRDA:135,1,1,0
BRDA:136,2,0,0
BRDA:136,2,1,0
BRDA:137,3,0,0
BRDA:137,3,1,0
BRDA:149,4,0,0
BRDA:149,4,1,0
BRDA:160,5,0,0
BRDA:160,5,1,0
BRDA:163,6,0,0
BRDA:163,6,1,0
BRDA:166,7,0,0
BRDA:166,7,1,0
BRDA:171,8,0,0
BRDA:171,8,1,0
BRDA:209,9,0,0
BRDA:209,9,1,0
BRDA:233,10,0,0
BRDA:233,10,1,0
BRDA:235,11,0,0
BRDA:235,11,1,0
BRDA:237,12,0,0
BRDA:237,12,1,0
BRDA:259,13,0,0
BRDA:259,13,1,0
BRDA:260,14,0,0
BRDA:260,14,1,0
BRDA:261,15,0,0
BRDA:261,15,1,0
BRDA:262,16,0,0
BRDA:262,16,1,0
BRDA:263,17,0,0
BRDA:263,17,1,0
BRDA:297,18,0,0
BRDA:297,18,1,0
BRDA:298,19,0,0
BRDA:298,19,1,0
BRDA:313,20,0,0
BRDA:313,20,1,0
BRDA:315,21,0,0
BRDA:315,21,1,0
BRDA:317,22,0,0
BRDA:317,22,1,0
BRDA:329,23,0,0
BRDA:329,23,1,0
BRDA:332,24,0,0
BRDA:332,24,1,0
BRDA:333,25,0,0
BRDA:333,25,1,0
BRDA:333,26,0,0
BRDA:333,26,1,0
BRDA:333,26,2,0
BRDA:337,27,0,0
BRDA:337,27,1,0
BRDA:340,28,0,0
BRDA:340,28,1,0
BRDA:362,29,0,0
BRDA:362,29,1,0
BRDA:401,30,0,0
BRDA:401,30,1,0
BRDA:488,31,0,0
BRDA:488,31,1,0
BRDA:494,32,0,0
BRDA:494,32,1,0
BRDA:507,33,0,0
BRDA:507,33,1,0
BRDA:512,34,0,0
BRDA:512,34,1,0
BRDA:523,35,0,0
BRDA:523,35,1,0
BRDA:523,35,2,0
BRDA:523,35,3,0
BRDA:525,36,0,0
BRDA:525,36,1,0
BRDA:525,37,0,0
BRDA:525,37,1,0
BRDA:526,38,0,0
BRDA:526,38,1,0
BRDA:526,39,0,0
BRDA:526,39,1,0
BRDA:527,40,0,0
BRDA:527,40,1,0
BRDA:527,41,0,0
BRDA:527,41,1,0
BRDA:532,42,0,0
BRDA:532,42,1,0
BRDA:550,43,0,0
BRDA:550,43,1,0
BRDA:558,44,0,0
BRDA:558,44,1,0
BRDA:564,45,0,0
BRDA:564,45,1,0
BRDA:572,46,0,0
BRDA:572,46,1,0
BRDA:579,47,0,0
BRDA:579,47,1,0
BRDA:581,48,0,0
BRDA:581,48,1,0
BRDA:594,49,0,0
BRDA:594,49,1,0
BRDA:597,50,0,0
BRDA:597,50,1,0
BRDA:598,51,0,0
BRDA:598,51,1,0
BRDA:600,52,0,0
BRDA:600,52,1,0
BRDA:613,53,0,0
BRDA:613,53,1,0
BRDA:624,54,0,0
BRDA:624,54,1,0
BRF:113
BRH:0
end_of_record
TN:
SF:src/components/pages/BookingPage.tsx
FN:53,(anonymous_0)
FN:56,(anonymous_1)
FN:71,(anonymous_2)
FN:72,(anonymous_3)
FN:98,(anonymous_4)
FN:110,(anonymous_5)
FN:115,(anonymous_6)
FN:120,(anonymous_7)
FN:127,(anonymous_8)
FN:132,(anonymous_9)
FN:137,(anonymous_10)
FN:142,(anonymous_11)
FN:144,(anonymous_12)
FN:146,(anonymous_13)
FN:189,(anonymous_14)
FN:196,(anonymous_15)
FN:205,(anonymous_16)
FN:213,(anonymous_17)
FN:226,(anonymous_18)
FN:254,(anonymous_19)
FN:275,(anonymous_20)
FN:281,(anonymous_21)
FN:310,(anonymous_22)
FN:314,(anonymous_23)
FN:344,(anonymous_24)
FN:344,(anonymous_25)
FN:371,(anonymous_26)
FN:378,(anonymous_27)
FN:419,(anonymous_28)
FN:424,(anonymous_29)
FN:464,(anonymous_30)
FN:471,(anonymous_31)
FN:478,(anonymous_32)
FN:485,(anonymous_33)
FN:492,(anonymous_34)
FN:494,(anonymous_35)
FN:507,(anonymous_36)
FN:565,(anonymous_37)
FNF:38
FNH:0
FNDA:0,(anonymous_0)
FNDA:0,(anonymous_1)
FNDA:0,(anonymous_2)
FNDA:0,(anonymous_3)
FNDA:0,(anonymous_4)
FNDA:0,(anonymous_5)
FNDA:0,(anonymous_6)
FNDA:0,(anonymous_7)
FNDA:0,(anonymous_8)
FNDA:0,(anonymous_9)
FNDA:0,(anonymous_10)
FNDA:0,(anonymous_11)
FNDA:0,(anonymous_12)
FNDA:0,(anonymous_13)
FNDA:0,(anonymous_14)
FNDA:0,(anonymous_15)
FNDA:0,(anonymous_16)
FNDA:0,(anonymous_17)
FNDA:0,(anonymous_18)
FNDA:0,(anonymous_19)
FNDA:0,(anonymous_20)
FNDA:0,(anonymous_21)
FNDA:0,(anonymous_22)
FNDA:0,(anonymous_23)
FNDA:0,(anonymous_24)
FNDA:0,(anonymous_25)
FNDA:0,(anonymous_26)
FNDA:0,(anonymous_27)
FNDA:0,(anonymous_28)
FNDA:0,(anonymous_29)
FNDA:0,(anonymous_30)
FNDA:0,(anonymous_31)
FNDA:0,(anonymous_32)
FNDA:0,(anonymous_33)
FNDA:0,(anonymous_34)
FNDA:0,(anonymous_35)
FNDA:0,(anonymous_36)
FNDA:0,(anonymous_37)
DA:53,0
DA:54,0
DA:55,0
DA:56,0
DA:71,0
DA:72,0
DA:75,0
DA:76,0
DA:77,0
DA:78,0
DA:79,0
DA:80,0
DA:81,0
DA:82,0
DA:83,0
DA:84,0
DA:85,0
DA:86,0
DA:87,0
DA:88,0
DA:89,0
DA:92,0
DA:93,0
DA:94,0
DA:95,0
DA:98,0
DA:100,0
DA:101,0
DA:102,0
DA:104,0
DA:110,0
DA:111,0
DA:115,0
DA:116,0
DA:120,0
DA:121,0
DA:122,0
DA:127,0
DA:128,0
DA:129,0
DA:132,0
DA:134,0
DA:137,0
DA:138,0
DA:142,0
DA:143,0
DA:144,0
DA:146,0
DA:147,0
DA:154,0
DA:157,0
DA:158,0
DA:159,0
DA:160,0
DA:161,0
DA:163,0
DA:165,0
DA:166,0
DA:167,0
DA:168,0
DA:170,0
DA:171,0
DA:175,0
DA:189,0
DA:190,0
DA:196,0
DA:197,0
DA:198,0
DA:199,0
DA:205,0
DA:206,0
DA:213,0
DA:214,0
DA:215,0
DA:216,0
DA:217,0
DA:218,0
DA:219,0
DA:221,0
DA:222,0
DA:226,0
DA:227,0
DA:229,0
DA:230,0
DA:233,0
DA:234,0
DA:235,0
DA:236,0
DA:239,0
DA:240,0
DA:241,0
DA:242,0
DA:245,0
DA:246,0
DA:249,0
DA:250,0
DA:251,0
DA:254,0
DA:255,0
DA:256,0
DA:260,0
DA:261,0
DA:262,0
DA:263,0
DA:266,0
DA:267,0
DA:268,0
DA:275,0
DA:277,0
DA:278,0
DA:281,0
DA:282,0
DA:283,0
DA:284,0
DA:287,0
DA:289,0
DA:290,0
DA:291,0
DA:293,0
DA:306,0
DA:308,0
DA:310,0
DA:312,0
DA:314,0
DA:316,0
DA:317,0
DA:318,0
DA:319,0
DA:320,0
DA:321,0
DA:322,0
DA:323,0
DA:324,0
DA:325,0
DA:326,0
DA:327,0
DA:328,0
DA:330,0
DA:331,0
DA:332,0
DA:333,0
DA:334,0
DA:339,0
DA:342,0
DA:343,0
DA:344,0
DA:345,0
DA:346,0
DA:353,0
DA:356,0
DA:357,0
DA:358,0
DA:359,0
DA:360,0
DA:362,0
DA:363,0
DA:364,0
DA:365,0
DA:371,0
DA:372,0
DA:378,0
DA:379,0
DA:381,0
DA:382,0
DA:384,0
DA:385,0
DA:387,0
DA:388,0
DA:389,0
DA:390,0
DA:391,0
DA:392,0
DA:393,0
DA:394,0
DA:395,0
DA:397,0
DA:398,0
DA:399,0
DA:400,0
DA:401,0
DA:402,0
DA:407,0
DA:408,0
DA:411,0
DA:412,0
DA:413,0
DA:419,0
DA:420,0
DA:421,0
DA:424,0
DA:435,0
DA:436,0
DA:438,0
DA:439,0
DA:440,0
DA:441,0
DA:442,0
DA:444,0
DA:445,0
DA:446,0
DA:450,0
DA:454,0
DA:455,0
DA:456,0
DA:458,0
DA:464,0
DA:465,0
DA:471,0
DA:472,0
DA:478,0
DA:479,0
DA:485,0
DA:486,0
DA:492,0
DA:493,0
DA:494,0
DA:495,0
DA:496,0
DA:497,0
DA:498,0
DA:500,0
DA:507,0
DA:508,0
DA:509,0
DA:510,0
DA:513,0
DA:566,0
DA:567,0
LF:228
LH:0
BRDA:53,0,0,0
BRDA:53,1,0,0
BRDA:95,2,0,0
BRDA:95,2,1,0
BRDA:95,2,2,0
BRDA:100,3,0,0
BRDA:100,3,1,0
BRDA:100,4,0,0
BRDA:100,4,1,0
BRDA:100,4,2,0
BRDA:100,4,3,0
BRDA:102,5,0,0
BRDA:102,5,1,0
BRDA:121,6,0,0
BRDA:121,6,1,0
BRDA:121,7,0,0
BRDA:121,7,1,0
BRDA:143,8,0,0
BRDA:143,8,1,0
BRDA:147,9,0,0
BRDA:147,9,1,0
BRDA:147,9,2,0
BRDA:154,10,0,0
BRDA:154,10,1,0
BRDA:165,11,0,0
BRDA:165,11,1,0
BRDA:170,12,0,0
BRDA:170,12,1,0
BRDA:179,13,0,0
BRDA:179,13,1,0
BRDA:214,14,0,0
BRDA:214,14,1,0
BRDA:229,15,0,0
BRDA:229,15,1,0
BRDA:233,16,0,0
BRDA:233,16,1,0
BRDA:235,17,0,0
BRDA:235,17,1,0
BRDA:239,18,0,0
BRDA:239,18,1,0
BRDA:241,19,0,0
BRDA:241,19,1,0
BRDA:245,20,0,0
BRDA:245,20,1,0
BRDA:245,21,0,0
BRDA:245,21,1,0
BRDA:260,22,0,0
BRDA:260,22,1,0
BRDA:260,23,0,0
BRDA:260,23,1,0
BRDA:266,24,0,0
BRDA:266,24,1,0
BRDA:266,25,0,0
BRDA:266,25,1,0
BRDA:277,26,0,0
BRDA:277,26,1,0
BRDA:278,27,0,0
BRDA:278,27,1,0
BRDA:278,28,0,0
BRDA:278,28,1,0
BRDA:278,28,2,0
BRDA:282,29,0,0
BRDA:282,29,1,0
BRDA:282,30,0,0
BRDA:282,30,1,0
BRDA:287,31,0,0
BRDA:287,31,1,0
BRDA:295,32,0,0
BRDA:295,32,1,0
BRDA:297,33,0,0
BRDA:297,33,1,0
BRDA:300,34,0,0
BRDA:300,34,1,0
BRDA:301,35,0,0
BRDA:301,35,1,0
BRDA:306,36,0,0
BRDA:306,36,1,0
BRDA:342,37,0,0
BRDA:342,37,1,0
BRDA:343,38,0,0
BRDA:343,38,1,0
BRDA:345,39,0,0
BRDA:345,39,1,0
BRDA:362,40,0,0
BRDA:362,40,1,0
BRDA:379,41,0,0
BRDA:379,41,1,0
BRDA:385,42,0,0
BRDA:385,42,1,0
BRDA:411,43,0,0
BRDA:411,43,1,0
BRDA:439,44,0,0
BRDA:439,44,1,0
BRDA:450,45,0,0
BRDA:450,45,1,0
BRDA:450,45,2,0
BRDA:495,46,0,0
BRDA:495,46,1,0
BRDA:497,47,0,0
BRDA:497,47,1,0
BRDA:519,48,0,0
BRDA:519,48,1,0
BRDA:520,49,0,0
BRDA:520,49,1,0
BRDA:521,50,0,0
BRDA:521,50,1,0
BRDA:522,51,0,0
BRDA:522,51,1,0
BRDA:525,52,0,0
BRDA:525,52,1,0
BRDA:526,53,0,0
BRDA:526,53,1,0
BRDA:527,54,0,0
BRDA:527,54,1,0
BRDA:528,55,0,0
BRDA:528,55,1,0
BRDA:529,56,0,0
BRDA:529,56,1,0
BRDA:531,57,0,0
BRDA:531,57,1,0
BRDA:532,58,0,0
BRDA:532,58,1,0
BRF:122
BRH:0
end_of_record
TN:
SF:src/components/pages/ImageGalleryDemoPage.tsx
FN:9,(anonymous_0)
FNF:1
FNH:0
FNDA:0,(anonymous_0)
DA:9,0
DA:11,0
DA:20,0
DA:22,0
LF:4
LH:0
BRF:0
BRH:0
end_of_record
TN:
SF:src/components/pages/LoginPage.tsx
FN:15,(anonymous_0)
FN:18,(anonymous_1)
FN:24,(anonymous_2)
FN:25,(anonymous_3)
FN:32,(anonymous_4)
FN:35,(anonymous_5)
FN:37,(anonymous_6)
FN:41,(anonymous_7)
FN:50,(anonymous_8)
FN:58,(anonymous_9)
FN:60,(anonymous_10)
FNF:11
FNH:0
FNDA:0,(anonymous_0)
FNDA:0,(anonymous_1)
FNDA:0,(anonymous_2)
FNDA:0,(anonymous_3)
FNDA:0,(anonymous_4)
FNDA:0,(anonymous_5)
FNDA:0,(anonymous_6)
FNDA:0,(anonymous_7)
FNDA:0,(anonymous_8)
FNDA:0,(anonymous_9)
FNDA:0,(anonymous_10)
DA:15,0
DA:16,0
DA:17,0
DA:18,0
DA:19,0
DA:21,0
DA:24,0
DA:25,0
DA:26,0
DA:27,0
DA:32,0
DA:34,0
DA:35,0
DA:37,0
DA:41,0
DA:42,0
DA:43,0
DA:50,0
DA:51,0
DA:52,0
DA:58,0
DA:59,0
DA:60,0
DA:61,0
DA:65,0
LF:25
LH:0
BRDA:34,0,0,0
BRDA:34,0,1,0
BRDA:42,1,0,0
BRDA:42,1,1,0
BRDA:43,2,0,0
BRDA:43,2,1,0
BRDA:72,3,0,0
BRDA:72,3,1,0
BRF:8
BRH:0
end_of_record
TN:
SF:src/components/pages/MyBookingsPage.tsx
FN:14,(anonymous_0)
FN:16,(anonymous_1)
FN:17,(anonymous_2)
FN:20,(anonymous_3)
FN:30,(anonymous_4)
FN:34,(anonymous_5)
FNF:6
FNH:0
FNDA:0,(anonymous_0)
FNDA:0,(anonymous_1)
FNDA:0,(anonymous_2)
FNDA:0,(anonymous_3)
FNDA:0,(anonymous_4)
FNDA:0,(anonymous_5)
DA:14,0
DA:15,0
DA:16,0
DA:17,0
DA:20,0
DA:21,0
DA:23,0
DA:24,0
DA:30,0
DA:31,0
DA:34,0
DA:45,0
DA:46,0
DA:47,0
DA:48,0
DA:50,0
DA:53,0
LF:17
LH:0
BRDA:46,0,0,0
BRDA:46,0,1,0
BRDA:50,1,0,0
BRDA:50,1,1,0
BRDA:57,2,0,0
BRDA:57,2,1,0
BRDA:58,3,0,0
BRDA:58,3,1,0
BRDA:58,3,2,0
BRF:9
BRH:0
end_of_record
TN:
SF:src/components/pages/RegisterPage.tsx
FN:13,(anonymous_0)
FN:19,(anonymous_1)
FN:20,(anonymous_2)
FN:26,(anonymous_3)
FN:30,(anonymous_4)
FN:33,(anonymous_5)
FN:35,(anonymous_6)
FN:39,(anonymous_7)
FN:48,(anonymous_8)
FN:50,(anonymous_9)
FN:58,(anonymous_10)
FNF:11
FNH:0
FNDA:0,(anonymous_0)
FNDA:0,(anonymous_1)
FNDA:0,(anonymous_2)
FNDA:0,(anonymous_3)
FNDA:0,(anonymous_4)
FNDA:0,(anonymous_5)
FNDA:0,(anonymous_6)
FNDA:0,(anonymous_7)
FNDA:0,(anonymous_8)
FNDA:0,(anonymous_9)
FNDA:0,(anonymous_10)
DA:13,0
DA:14,0
DA:15,0
DA:16,0
DA:19,0
DA:20,0
DA:21,0
DA:22,0
DA:26,0
DA:27,0
DA:30,0
DA:32,0
DA:33,0
DA:35,0
DA:39,0
DA:40,0
DA:41,0
DA:48,0
DA:49,0
DA:50,0
DA:51,0
DA:58,0
DA:59,0
DA:60,0
DA:63,0
LF:25
LH:0
BRDA:32,0,0,0
BRDA:32,0,1,0
BRDA:40,1,0,0
BRDA:40,1,1,0
BRDA:70,2,0,0
BRDA:70,2,1,0
BRF:6
BRH:0
end_of_record
TN:
SF:src/components/templates/AppLayout.tsx
FN:31,(anonymous_0)
FN:72,(anonymous_1)
FNF:2
FNH:0
FNDA:0,(anonymous_0)
FNDA:0,(anonymous_1)
DA:31,0
DA:38,0
DA:39,0
DA:42,0
DA:50,0
DA:56,0
DA:59,0
DA:61,0
DA:73,0
LF:9
LH:0
BRDA:56,0,0,0
BRDA:56,0,1,0
BRDA:59,1,0,0
BRDA:59,1,1,0
BRDA:64,2,0,0
BRDA:64,2,1,0
BRDA:69,3,0,0
BRDA:69,3,1,0
BRDA:77,4,0,0
BRDA:77,4,1,0
BRDA:78,5,0,0
BRDA:78,5,1,0
BRDA:81,6,0,0
BRDA:81,6,1,0
BRDA:96,7,0,0
BRDA:96,7,1,0
BRDA:98,8,0,0
BRDA:98,8,1,0
BRDA:133,9,0,0
BRDA:133,9,1,0
BRDA:133,10,0,0
BRDA:133,10,1,0
BRDA:133,11,0,0
BRDA:133,11,1,0
BRDA:139,12,0,0
BRDA:139,12,1,0
BRF:26
BRH:0
end_of_record
TN:
SF:src/components/wrappers/PageWrapper.tsx
FN:11,(anonymous_0)
FN:15,(anonymous_1)
FN:26,PageWrapper
FN:30,(anonymous_3)
FN:45,(anonymous_4)
FNF:5
FNH:0
FNDA:0,(anonymous_0)
FNDA:0,(anonymous_1)
FNDA:0,PageWrapper
FNDA:0,(anonymous_3)
FNDA:0,(anonymous_4)
DA:11,0
DA:12,0
DA:13,0
DA:15,0
DA:29,0
DA:30,0
DA:34,0
DA:35,0
DA:45,0
DA:46,0
DA:48,0
DA:49,0
DA:51,0
DA:53,0
DA:57,0
DA:58,0
DA:60,0
DA:61,0
DA:62,0
DA:66,0
DA:72,0
LF:21
LH:0
BRDA:12,0,0,0
BRDA:12,0,1,0
BRDA:34,1,0,0
BRDA:34,1,1,0
BRDA:34,2,0,0
BRDA:34,2,1,0
BRDA:34,2,2,0
BRDA:34,2,3,0
BRDA:57,3,0,0
BRDA:57,3,1,0
BRDA:74,4,0,0
BRDA:74,4,1,0
BRF:12
BRH:0
end_of_record
TN:
SF:src/constants/index.ts
FNF:0
FNH:0
DA:9,0
DA:18,0
DA:31,0
DA:39,0
LF:4
LH:0
BRF:0
BRH:0
end_of_record
TN:
SF:src/contexts/BookingContext.tsx
FN:51,BookingUIProvider
FN:57,(anonymous_1)
FN:58,(anonymous_2)
FN:64,(anonymous_3)
FN:65,(anonymous_4)
FN:71,(anonymous_5)
FN:72,(anonymous_6)
FN:78,(anonymous_7)
FN:79,(anonymous_8)
FN:85,(anonymous_9)
FN:86,(anonymous_10)
FN:124,useBookingUI
FN:136,useBookingUISafe
FN:147,(anonymous_13)
FN:148,(anonymous_14)
FN:149,(anonymous_15)
FN:150,(anonymous_16)
FN:151,(anonymous_17)
FNF:18
FNH:0
FNDA:0,BookingUIProvider
FNDA:0,(anonymous_1)
FNDA:0,(anonymous_2)
FNDA:0,(anonymous_3)
FNDA:0,(anonymous_4)
FNDA:0,(anonymous_5)
FNDA:0,(anonymous_6)
FNDA:0,(anonymous_7)
FNDA:0,(anonymous_8)
FNDA:0,(anonymous_9)
FNDA:0,(anonymous_10)
FNDA:0,useBookingUI
FNDA:0,useBookingUISafe
FNDA:0,(anonymous_13)
FNDA:0,(anonymous_14)
FNDA:0,(anonymous_15)
FNDA:0,(anonymous_16)
FNDA:0,(anonymous_17)
DA:35,0
DA:45,0
DA:52,0
DA:57,0
DA:58,0
DA:64,0
DA:65,0
DA:71,0
DA:72,0
DA:78,0
DA:79,0
DA:85,0
DA:86,0
DA:98,0
DA:102,0
DA:112,0
DA:125,0
DA:126,0
DA:127,0
DA:129,0
DA:137,0
DA:138,0
DA:139,0
DA:145,0
DA:155,0
LF:25
LH:0
BRDA:98,0,0,0
BRDA:98,0,1,0
BRDA:98,0,2,0
BRDA:126,1,0,0
BRDA:126,1,1,0
BRDA:138,2,0,0
BRDA:138,2,1,0
BRF:7
BRH:0
end_of_record
TN:
SF:src/contexts/UIContext.tsx
FN:39,UIProvider
FN:46,(anonymous_1)
FN:54,(anonymous_2)
FN:81,(anonymous_3)
FN:85,(anonymous_4)
FN:92,(anonymous_5)
FN:98,(anonymous_6)
FN:101,(anonymous_7)
FN:103,(anonymous_8)
FN:111,(anonymous_9)
FN:117,(anonymous_10)
FN:118,(anonymous_11)
FN:125,(anonymous_12)
FN:141,(anonymous_13)
FN:150,(anonymous_14)
FN:151,(anonymous_15)
FN:157,(anonymous_16)
FN:158,(anonymous_17)
FN:164,(anonymous_18)
FN:165,(anonymous_19)
FN:167,(anonymous_20)
FN:174,(anonymous_21)
FN:175,(anonymous_22)
FN:184,(anonymous_23)
FN:192,(anonymous_24)
FN:199,(anonymous_25)
FN:214,(anonymous_26)
FN:230,(anonymous_27)
FN:246,(anonymous_28)
FN:262,(anonymous_29)
FN:274,(anonymous_30)
FN:275,(anonymous_31)
FN:284,(anonymous_32)
FN:291,(anonymous_33)
FN:298,(anonymous_34)
FN:299,(anonymous_35)
FN:305,(anonymous_36)
FN:306,(anonymous_37)
FN:323,(anonymous_38)
FN:324,(anonymous_39)
FN:330,(anonymous_40)
FN:331,(anonymous_41)
FN:338,(anonymous_42)
FN:376,useUI
FN:388,useUISafe
FN:394,(anonymous_45)
FN:395,(anonymous_46)
FN:396,(anonymous_47)
FN:397,(anonymous_48)
FN:398,(anonymous_49)
FN:399,(anonymous_50)
FN:400,(anonymous_51)
FN:401,(anonymous_52)
FN:402,(anonymous_53)
FN:403,(anonymous_54)
FN:404,(anonymous_55)
FN:405,(anonymous_56)
FN:406,(anonymous_57)
FN:407,(anonymous_58)
FN:408,(anonymous_59)
FN:409,(anonymous_60)
FN:410,(anonymous_61)
FN:411,(anonymous_62)
FNF:63
FNH:0
FNDA:0,UIProvider
FNDA:0,(anonymous_1)
FNDA:0,(anonymous_2)
FNDA:0,(anonymous_3)
FNDA:0,(anonymous_4)
FNDA:0,(anonymous_5)
FNDA:0,(anonymous_6)
FNDA:0,(anonymous_7)
FNDA:0,(anonymous_8)
FNDA:0,(anonymous_9)
FNDA:0,(anonymous_10)
FNDA:0,(anonymous_11)
FNDA:0,(anonymous_12)
FNDA:0,(anonymous_13)
FNDA:0,(anonymous_14)
FNDA:0,(anonymous_15)
FNDA:0,(anonymous_16)
FNDA:0,(anonymous_17)
FNDA:0,(anonymous_18)
FNDA:0,(anonymous_19)
FNDA:0,(anonymous_20)
FNDA:0,(anonymous_21)
FNDA:0,(anonymous_22)
FNDA:0,(anonymous_23)
FNDA:0,(anonymous_24)
FNDA:0,(anonymous_25)
FNDA:0,(anonymous_26)
FNDA:0,(anonymous_27)
FNDA:0,(anonymous_28)
FNDA:0,(anonymous_29)
FNDA:0,(anonymous_30)
FNDA:0,(anonymous_31)
FNDA:0,(anonymous_32)
FNDA:0,(anonymous_33)
FNDA:0,(anonymous_34)
FNDA:0,(anonymous_35)
FNDA:0,(anonymous_36)
FNDA:0,(anonymous_37)
FNDA:0,(anonymous_38)
FNDA:0,(anonymous_39)
FNDA:0,(anonymous_40)
FNDA:0,(anonymous_41)
FNDA:0,(anonymous_42)
FNDA:0,useUI
FNDA:0,useUISafe
FNDA:0,(anonymous_45)
FNDA:0,(anonymous_46)
FNDA:0,(anonymous_47)
FNDA:0,(anonymous_48)
FNDA:0,(anonymous_49)
FNDA:0,(anonymous_50)
FNDA:0,(anonymous_51)
FNDA:0,(anonymous_52)
FNDA:0,(anonymous_53)
FNDA:0,(anonymous_54)
FNDA:0,(anonymous_55)
FNDA:0,(anonymous_56)
FNDA:0,(anonymous_57)
FNDA:0,(anonymous_58)
FNDA:0,(anonymous_59)
FNDA:0,(anonymous_60)
FNDA:0,(anonymous_61)
FNDA:0,(anonymous_62)
DA:12,0
DA:33,0
DA:40,0
DA:41,0
DA:46,0
DA:47,0
DA:48,0
DA:54,0
DA:55,0
DA:58,0
DA:59,0
DA:62,0
DA:65,0
DA:66,0
DA:68,0
DA:71,0
DA:72,0
DA:74,0
DA:81,0
DA:82,0
DA:84,0
DA:85,0
DA:86,0
DA:87,0
DA:91,0
DA:92,0
DA:98,0
DA:99,0
DA:101,0
DA:102,0
DA:103,0
DA:110,0
DA:111,0
DA:117,0
DA:118,0
DA:119,0
DA:125,0
DA:126,0
DA:128,0
DA:129,0
DA:130,0
DA:131,0
DA:134,0
DA:141,0
DA:143,0
DA:144,0
DA:150,0
DA:151,0
DA:157,0
DA:158,0
DA:164,0
DA:165,0
DA:167,0
DA:174,0
DA:175,0
DA:184,0
DA:185,0
DA:192,0
DA:198,0
DA:199,0
DA:200,0
DA:204,0
DA:214,0
DA:215,0
DA:230,0
DA:231,0
DA:246,0
DA:247,0
DA:262,0
DA:263,0
DA:274,0
DA:275,0
DA:284,0
DA:285,0
DA:291,0
DA:292,0
DA:298,0
DA:299,0
DA:305,0
DA:306,0
DA:308,0
DA:309,0
DA:311,0
DA:314,0
DA:323,0
DA:324,0
DA:330,0
DA:331,0
DA:338,0
DA:339,0
DA:342,0
DA:364,0
DA:377,0
DA:378,0
DA:379,0
DA:381,0
DA:389,0
DA:390,0
DA:392,0
DA:398,0
DA:408,0
DA:409,0
DA:410,0
DA:411,0
DA:414,0
LF:105
LH:0
BRDA:26,0,0,0
BRDA:26,0,1,0
BRDA:27,1,0,0
BRDA:27,1,1,0
BRDA:47,2,0,0
BRDA:47,2,1,0
BRDA:48,3,0,0
BRDA:48,3,1,0
BRDA:55,4,0,0
BRDA:55,4,1,0
BRDA:62,5,0,0
BRDA:62,5,1,0
BRDA:65,6,0,0
BRDA:65,6,1,0
BRDA:82,7,0,0
BRDA:82,7,1,0
BRDA:86,8,0,0
BRDA:86,8,1,0
BRDA:99,9,0,0
BRDA:99,9,1,0
BRDA:126,10,0,0
BRDA:126,10,1,0
BRDA:130,11,0,0
BRDA:130,11,1,0
BRDA:143,12,0,0
BRDA:143,12,1,0
BRDA:143,13,0,0
BRDA:143,13,1,0
BRDA:189,14,0,0
BRDA:189,14,1,0
BRDA:198,15,0,0
BRDA:198,15,1,0
BRDA:198,16,0,0
BRDA:198,16,1,0
BRDA:214,17,0,0
BRDA:230,18,0,0
BRDA:246,19,0,0
BRDA:262,20,0,0
BRDA:314,21,0,0
BRDA:314,21,1,0
BRDA:314,22,0,0
BRDA:314,22,1,0
BRDA:378,23,0,0
BRDA:378,23,1,0
BRDA:390,24,0,0
BRDA:390,24,1,0
BRF:46
BRH:0
end_of_record
TN:
SF:src/hooks/index.ts
FNF:0
FNH:0
LF:0
LH:0
BRF:0
BRH:0
end_of_record
TN:
SF:src/hooks/useAuthInitialization.ts
FN:12,(anonymous_0)
FN:14,(anonymous_1)
FN:16,(anonymous_2)
FNF:3
FNH:0
FNDA:0,(anonymous_0)
FNDA:0,(anonymous_1)
FNDA:0,(anonymous_2)
DA:12,0
DA:13,0
DA:14,0
DA:16,0
DA:18,0
DA:19,0
DA:23,0
DA:30,0
DA:33,0
LF:9
LH:0
BRDA:12,0,0,0
BRDA:18,1,0,0
BRDA:18,1,1,0
BRDA:18,2,0,0
BRDA:18,2,1,0
BRF:5
BRH:0
end_of_record
TN:
SF:src/hooks/useBookingModals.ts
FN:34,(anonymous_0)
FN:49,(anonymous_1)
FN:54,(anonymous_2)
FN:59,(anonymous_3)
FN:65,(anonymous_4)
FN:70,(anonymous_5)
FN:76,(anonymous_6)
FN:82,(anonymous_7)
FNF:8
FNH:0
FNDA:0,(anonymous_0)
FNDA:0,(anonymous_1)
FNDA:0,(anonymous_2)
FNDA:0,(anonymous_3)
FNDA:0,(anonymous_4)
FNDA:0,(anonymous_5)
FNDA:0,(anonymous_6)
FNDA:0,(anonymous_7)
DA:34,0
DA:36,0
DA:37,0
DA:40,0
DA:41,0
DA:42,0
DA:45,0
DA:46,0
DA:47,0
DA:49,0
DA:50,0
DA:51,0
DA:54,0
DA:55,0
DA:56,0
DA:59,0
DA:60,0
DA:61,0
DA:62,0
DA:65,0
DA:66,0
DA:67,0
DA:70,0
DA:71,0
DA:72,0
DA:73,0
DA:76,0
DA:77,0
DA:78,0
DA:79,0
DA:82,0
DA:83,0
DA:84,0
DA:87,0
LF:34
LH:0
BRF:0
BRH:0
end_of_record
TN:
SF:src/hooks/useTheme.ts
FN:14,(anonymous_0)
FNF:1
FNH:1
FNDA:13,(anonymous_0)
DA:14,1
DA:15,13
DA:17,13
LF:3
LH:3
BRF:0
BRH:0
end_of_record
TN:
SF:src/services/adminApi.ts
FN:9,(anonymous_0)
FN:73,(anonymous_1)
FN:108,(anonymous_2)
FN:118,(anonymous_3)
FN:158,(anonymous_4)
FN:199,(anonymous_5)
FN:210,(anonymous_6)
FNF:7
FNH:0
FNDA:0,(anonymous_0)
FNDA:0,(anonymous_1)
FNDA:0,(anonymous_2)
FNDA:0,(anonymous_3)
FNDA:0,(anonymous_4)
FNDA:0,(anonymous_5)
FNDA:0,(anonymous_6)
DA:9,0
DA:10,0
DA:11,0
DA:67,0
DA:80,0
DA:87,0
DA:89,0
DA:90,0
DA:91,0
DA:92,0
DA:93,0
DA:95,0
DA:109,0
DA:110,0
DA:125,0
DA:126,0
DA:134,0
DA:135,0
DA:144,0
DA:165,0
DA:166,0
DA:174,0
DA:175,0
DA:184,0
DA:200,0
DA:201,0
DA:211,0
DA:212,0
LF:28
LH:0
BRDA:89,0,0,0
BRDA:89,0,1,0
BRDA:90,1,0,0
BRDA:90,1,1,0
BRDA:91,2,0,0
BRDA:91,2,1,0
BRDA:92,3,0,0
BRDA:92,3,1,0
BRDA:134,4,0,0
BRDA:134,4,1,0
BRDA:145,5,0,0
BRDA:145,5,1,0
BRDA:146,6,0,0
BRDA:146,6,1,0
BRDA:147,7,0,0
BRDA:147,7,1,0
BRDA:148,8,0,0
BRDA:148,8,1,0
BRDA:149,9,0,0
BRDA:149,9,1,0
BRDA:149,10,0,0
BRDA:149,10,1,0
BRDA:149,11,0,0
BRDA:149,11,1,0
BRDA:174,12,0,0
BRDA:174,12,1,0
BRDA:185,13,0,0
BRDA:185,13,1,0
BRDA:186,14,0,0
BRDA:186,14,1,0
BRDA:187,15,0,0
BRDA:187,15,1,0
BRDA:188,16,0,0
BRDA:188,16,1,0
BRDA:189,17,0,0
BRDA:189,17,1,0
BRDA:189,18,0,0
BRDA:189,18,1,0
BRDA:189,19,0,0
BRDA:189,19,1,0
BRF:40
BRH:0
end_of_record
TN:
SF:src/services/api.ts
FN:20,(anonymous_0)
FN:26,(anonymous_1)
FN:39,(anonymous_2)
FN:40,(anonymous_3)
FN:57,(anonymous_4)
FN:61,(anonymous_5)
FN:77,(anonymous_6)
FN:99,(anonymous_7)
FN:102,(anonymous_8)
FN:228,(anonymous_9)
FN:229,(anonymous_10)
FN:231,(anonymous_11)
FN:234,(anonymous_12)
FNF:13
FNH:0
FNDA:0,(anonymous_0)
FNDA:0,(anonymous_1)
FNDA:0,(anonymous_2)
FNDA:0,(anonymous_3)
FNDA:0,(anonymous_4)
FNDA:0,(anonymous_5)
FNDA:0,(anonymous_6)
FNDA:0,(anonymous_7)
FNDA:0,(anonymous_8)
FNDA:0,(anonymous_9)
FNDA:0,(anonymous_10)
FNDA:0,(anonymous_11)
FNDA:0,(anonymous_12)
DA:6,4
DA:11,4
DA:20,4
DA:21,0
DA:22,0
DA:24,0
DA:26,0
DA:28,0
DA:32,4
DA:33,4
DA:39,4
DA:40,0
DA:41,0
DA:42,0
DA:44,0
DA:48,0
DA:57,4
DA:58,0
DA:61,0
DA:62,0
DA:63,0
DA:67,0
DA:71,0
DA:72,0
DA:73,0
DA:77,4
DA:78,0
DA:79,0
DA:80,0
DA:81,0
DA:82,0
DA:83,0
DA:85,0
DA:92,0
DA:98,4
DA:100,0
DA:103,0
DA:104,0
DA:105,0
DA:110,0
DA:114,0
DA:116,0
DA:117,0
DA:120,0
DA:122,0
DA:125,0
DA:127,0
DA:129,0
DA:130,0
DA:132,0
DA:137,0
DA:139,0
DA:142,0
DA:144,0
DA:149,0
DA:152,0
DA:155,0
DA:157,0
DA:162,0
DA:163,0
DA:164,0
DA:165,0
DA:166,0
DA:167,0
DA:169,0
DA:174,0
DA:175,0
DA:176,0
DA:177,0
DA:178,0
DA:179,0
DA:181,0
DA:186,0
DA:188,0
DA:191,0
DA:192,0
DA:195,0
DA:198,0
DA:200,0
DA:204,0
DA:205,0
DA:206,0
DA:208,0
DA:213,0
DA:219,0
DA:222,0
DA:225,0
DA:226,0
DA:228,0
DA:229,0
DA:230,0
DA:232,0
DA:235,0
DA:241,0
DA:242,0
DA:244,0
DA:247,0
DA:250,0
DA:253,0
DA:256,0
DA:259,0
DA:260,0
DA:262,0
DA:264,0
DA:269,0
DA:270,0
DA:271,0
DA:275,0
LF:108
LH:9
BRDA:6,0,0,4
BRDA:6,0,1,4
BRDA:21,1,0,0
BRDA:21,1,1,0
BRDA:28,2,0,0
BRDA:28,2,1,0
BRDA:39,3,0,0
BRDA:41,4,0,0
BRDA:41,4,1,0
BRDA:58,5,0,0
BRDA:58,5,1,0
BRDA:79,6,0,0
BRDA:79,6,1,0
BRDA:79,7,0,0
BRDA:79,7,1,0
BRDA:81,8,0,0
BRDA:81,8,1,0
BRDA:82,9,0,0
BRDA:82,9,1,0
BRDA:82,10,0,0
BRDA:82,10,1,0
BRDA:86,11,0,0
BRDA:86,11,1,0
BRDA:104,12,0,0
BRDA:104,12,1,0
BRDA:110,13,0,0
BRDA:110,13,1,0
BRDA:110,13,2,0
BRDA:120,14,0,0
BRDA:120,14,1,0
BRDA:120,15,0,0
BRDA:120,15,1,0
BRDA:125,16,0,0
BRDA:125,16,1,0
BRDA:137,17,0,0
BRDA:137,17,1,0
BRDA:142,18,0,0
BRDA:142,18,1,0
BRDA:144,19,0,0
BRDA:144,19,1,0
BRDA:144,19,2,0
BRDA:162,20,0,0
BRDA:162,20,1,0
BRDA:164,21,0,0
BRDA:164,21,1,0
BRDA:174,22,0,0
BRDA:174,22,1,0
BRDA:176,23,0,0
BRDA:176,23,1,0
BRDA:186,24,0,0
BRDA:186,24,1,0
BRDA:186,25,0,0
BRDA:186,25,1,0
BRDA:191,26,0,0
BRDA:191,26,1,0
BRDA:204,27,0,0
BRDA:204,27,1,0
BRDA:205,28,0,0
BRDA:205,28,1,0
BRDA:213,29,0,0
BRDA:213,29,1,0
BRDA:214,30,0,0
BRDA:214,30,1,0
BRDA:214,30,2,0
BRDA:214,30,3,0
BRDA:225,31,0,0
BRDA:225,31,1,0
BRDA:225,32,0,0
BRDA:225,32,1,0
BRDA:225,32,2,0
BRDA:226,33,0,0
BRDA:226,33,1,0
BRDA:259,34,0,0
BRDA:259,34,1,0
BRDA:269,35,0,0
BRDA:269,35,1,0
BRDA:269,36,0,0
BRDA:269,36,1,0
BRDA:269,36,2,0
BRDA:270,37,0,0
BRDA:270,37,1,0
BRF:81
BRH:2
end_of_record
TN:
SF:src/services/bookingApi.ts
FN:8,(anonymous_0)
FN:21,(anonymous_1)
FN:30,(anonymous_2)
FN:40,(anonymous_3)
FN:45,(anonymous_4)
FN:61,(anonymous_5)
FN:74,(anonymous_6)
FN:81,(anonymous_7)
FN:97,(anonymous_8)
FN:110,(anonymous_9)
FN:115,(anonymous_10)
FN:128,(anonymous_11)
FN:142,(anonymous_12)
FN:153,(anonymous_13)
FN:184,(anonymous_14)
FN:194,(anonymous_15)
FN:205,(anonymous_16)
FNF:17
FNH:0
FNDA:0,(anonymous_0)
FNDA:0,(anonymous_1)
FNDA:0,(anonymous_2)
FNDA:0,(anonymous_3)
FNDA:0,(anonymous_4)
FNDA:0,(anonymous_5)
FNDA:0,(anonymous_6)
FNDA:0,(anonymous_7)
FNDA:0,(anonymous_8)
FNDA:0,(anonymous_9)
FNDA:0,(anonymous_10)
FNDA:0,(anonymous_11)
FNDA:0,(anonymous_12)
FNDA:0,(anonymous_13)
FNDA:0,(anonymous_14)
FNDA:0,(anonymous_15)
FNDA:0,(anonymous_16)
DA:8,1
DA:9,0
DA:10,0
DA:11,0
DA:12,0
DA:13,0
DA:16,1
DA:22,0
DA:23,0
DA:31,0
DA:32,0
DA:41,0
DA:42,0
DA:44,0
DA:45,0
DA:50,0
DA:59,0
DA:61,0
DA:75,0
DA:78,0
DA:80,0
DA:81,0
DA:86,0
DA:95,0
DA:97,0
DA:111,0
DA:114,0
DA:115,0
DA:129,0
DA:130,0
DA:143,0
DA:144,0
DA:167,0
DA:168,0
DA:169,0
DA:185,0
DA:186,0
DA:195,0
DA:196,0
DA:206,0
DA:207,0
LF:41
LH:2
BRDA:40,0,0,0
BRDA:42,1,0,0
BRDA:42,1,1,0
BRDA:44,2,0,0
BRDA:44,2,1,0
BRDA:47,3,0,0
BRDA:47,3,1,0
BRDA:48,4,0,0
BRDA:48,4,1,0
BRDA:63,5,0,0
BRDA:63,5,1,0
BRDA:64,6,0,0
BRDA:64,6,1,0
BRDA:78,7,0,0
BRDA:78,7,1,0
BRDA:80,8,0,0
BRDA:80,8,1,0
BRDA:83,9,0,0
BRDA:83,9,1,0
BRDA:84,10,0,0
BRDA:84,10,1,0
BRDA:99,11,0,0
BRDA:99,11,1,0
BRDA:100,12,0,0
BRDA:100,12,1,0
BRDA:114,13,0,0
BRDA:114,13,1,0
BRDA:114,13,2,0
BRDA:168,14,0,0
BRDA:168,14,1,0
BRDA:171,15,0,0
BRDA:171,15,1,0
BRDA:172,16,0,0
BRDA:172,16,1,0
BRDA:173,17,0,0
BRDA:173,17,1,0
BRDA:186,18,0,0
BRDA:186,18,1,0
BRF:38
BRH:0
end_of_record
TN:
SF:src/services/bookingService.ts
FN:21,(anonymous_0)
FN:30,(anonymous_1)
FN:41,(anonymous_2)
FN:47,(anonymous_3)
FN:61,(anonymous_4)
FN:74,(anonymous_5)
FN:87,(anonymous_6)
FN:92,(anonymous_7)
FN:122,(anonymous_8)
FNF:9
FNH:7
FNDA:0,(anonymous_0)
FNDA:2,(anonymous_1)
FNDA:2,(anonymous_2)
FNDA:2,(anonymous_3)
FNDA:6,(anonymous_4)
FNDA:2,(anonymous_5)
FNDA:2,(anonymous_6)
FNDA:0,(anonymous_7)
FNDA:2,(anonymous_8)
DA:16,1
DA:22,0
DA:23,0
DA:31,2
DA:32,1
DA:42,2
DA:46,1
DA:47,2
DA:62,6
DA:63,6
DA:64,6
DA:65,6
DA:66,6
DA:75,2
DA:76,1
DA:88,2
DA:89,1
DA:105,0
DA:106,0
DA:107,0
DA:123,2
DA:124,1
LF:22
LH:17
BRDA:46,0,0,1
BRDA:46,0,1,1
BRDA:46,0,2,0
BRDA:106,1,0,0
BRDA:106,1,1,0
BRDA:109,2,0,0
BRDA:109,2,1,0
BRDA:110,3,0,0
BRDA:110,3,1,0
BRDA:111,4,0,0
BRDA:111,4,1,0
BRDA:124,5,0,1
BRDA:124,5,1,0
BRF:13
BRH:3
end_of_record
TN:
SF:src/services/notificationApi.ts
FN:8,(anonymous_0)
FN:58,(anonymous_1)
FN:67,(anonymous_2)
FN:78,(anonymous_3)
FN:87,(anonymous_4)
FN:97,(anonymous_5)
FN:107,(anonymous_6)
FN:117,(anonymous_7)
FNF:8
FNH:0
FNDA:0,(anonymous_0)
FNDA:0,(anonymous_1)
FNDA:0,(anonymous_2)
FNDA:0,(anonymous_3)
FNDA:0,(anonymous_4)
FNDA:0,(anonymous_5)
FNDA:0,(anonymous_6)
FNDA:0,(anonymous_7)
DA:8,0
DA:9,0
DA:10,0
DA:52,0
DA:59,0
DA:60,0
DA:68,0
DA:69,0
DA:70,0
DA:79,0
DA:80,0
DA:88,0
DA:89,0
DA:98,0
DA:99,0
DA:108,0
DA:109,0
DA:118,0
DA:119,0
LF:19
LH:0
BRDA:58,0,0,0
BRDA:60,1,0,0
BRDA:60,1,1,0
BRDA:70,2,0,0
BRDA:70,2,1,0
BRF:5
BRH:0
end_of_record
TN:
SF:src/services/serviceApi.ts
FN:8,(anonymous_0)
FN:13,(anonymous_1)
FN:42,(anonymous_2)
FN:51,(anonymous_3)
FN:62,(anonymous_4)
FN:73,(anonymous_5)
FN:84,(anonymous_6)
FNF:7
FNH:0
FNDA:0,(anonymous_0)
FNDA:0,(anonymous_1)
FNDA:0,(anonymous_2)
FNDA:0,(anonymous_3)
FNDA:0,(anonymous_4)
FNDA:0,(anonymous_5)
FNDA:0,(anonymous_6)
DA:8,0
DA:9,0
DA:10,0
DA:13,0
DA:14,0
DA:15,0
DA:16,0
DA:37,0
DA:43,0
DA:44,0
DA:52,0
DA:53,0
DA:54,0
DA:63,0
DA:64,0
DA:74,0
DA:75,0
DA:85,0
DA:86,0
DA:88,0
DA:89,0
DA:90,0
DA:93,0
LF:23
LH:0
BRDA:14,0,0,0
BRDA:14,0,1,0
BRDA:14,1,0,0
BRDA:14,1,1,0
BRDA:16,2,0,0
BRDA:16,2,1,0
BRDA:16,2,2,0
BRDA:42,3,0,0
BRDA:44,4,0,0
BRDA:44,4,1,0
BRDA:51,5,0,0
BRDA:53,6,0,0
BRDA:53,6,1,0
BRDA:88,7,0,0
BRDA:88,7,1,0
BRF:15
BRH:0
end_of_record
TN:
SF:src/services/slotTimeApi.ts
FN:8,(anonymous_0)
FN:38,(anonymous_1)
FN:48,(anonymous_2)
FN:59,(anonymous_3)
FN:69,(anonymous_4)
FN:79,(anonymous_5)
FN:89,(anonymous_6)
FNF:7
FNH:0
FNDA:0,(anonymous_0)
FNDA:0,(anonymous_1)
FNDA:0,(anonymous_2)
FNDA:0,(anonymous_3)
FNDA:0,(anonymous_4)
FNDA:0,(anonymous_5)
FNDA:0,(anonymous_6)
DA:8,0
DA:9,0
DA:10,0
DA:33,0
DA:39,0
DA:40,0
DA:49,0
DA:50,0
DA:60,0
DA:61,0
DA:70,0
DA:71,0
DA:80,0
DA:81,0
DA:90,0
DA:91,0
LF:16
LH:0
BRDA:40,0,0,0
BRDA:40,0,1,0
BRF:2
BRH:0
end_of_record
TN:
SF:src/services/userApi.ts
FN:14,(anonymous_0)
FN:30,(anonymous_1)
FN:41,(anonymous_2)
FN:50,(anonymous_3)
FN:63,(anonymous_4)
FN:82,(anonymous_5)
FNF:6
FNH:4
FNDA:0,(anonymous_0)
FNDA:6,(anonymous_1)
FNDA:5,(anonymous_2)
FNDA:4,(anonymous_3)
FNDA:4,(anonymous_4)
FNDA:0,(anonymous_5)
DA:8,2
DA:15,0
DA:21,0
DA:31,6
DA:32,4
DA:42,5
DA:43,4
DA:51,4
DA:56,3
DA:64,4
DA:65,4
DA:66,3
DA:67,3
DA:68,3
DA:70,1
DA:71,1
DA:72,1
DA:83,0
DA:84,0
LF:19
LH:15
BRF:0
BRH:0
end_of_record
TN:
SF:src/store/adminSlice.ts
FN:162,(anonymous_0)
FN:186,(anonymous_1)
FN:197,(anonymous_2)
FN:208,(anonymous_3)
FN:219,(anonymous_4)
FN:230,(anonymous_5)
FN:246,(anonymous_6)
FN:253,(anonymous_7)
FN:264,(anonymous_8)
FN:270,(anonymous_9)
FN:279,(anonymous_10)
FN:286,(anonymous_11)
FN:292,(anonymous_12)
FN:298,(anonymous_13)
FN:304,(anonymous_14)
FN:308,(anonymous_15)
FN:311,(anonymous_16)
FN:315,(anonymous_17)
FN:326,(anonymous_18)
FN:333,(anonymous_19)
FN:337,(anonymous_20)
FN:341,(anonymous_21)
FN:348,(anonymous_22)
FN:352,(anonymous_23)
FN:365,(anonymous_24)
FN:372,(anonymous_25)
FN:376,(anonymous_26)
FN:389,(anonymous_27)
FN:396,(anonymous_28)
FN:400,(anonymous_29)
FN:404,(anonymous_30)
FN:408,(anonymous_31)
FN:415,(anonymous_32)
FN:419,(anonymous_33)
FN:423,(anonymous_34)
FN:427,(anonymous_35)
FNF:36
FNH:0
FNDA:0,(anonymous_0)
FNDA:0,(anonymous_1)
FNDA:0,(anonymous_2)
FNDA:0,(anonymous_3)
FNDA:0,(anonymous_4)
FNDA:0,(anonymous_5)
FNDA:0,(anonymous_6)
FNDA:0,(anonymous_7)
FNDA:0,(anonymous_8)
FNDA:0,(anonymous_9)
FNDA:0,(anonymous_10)
FNDA:0,(anonymous_11)
FNDA:0,(anonymous_12)
FNDA:0,(anonymous_13)
FNDA:0,(anonymous_14)
FNDA:0,(anonymous_15)
FNDA:0,(anonymous_16)
FNDA:0,(anonymous_17)
FNDA:0,(anonymous_18)
FNDA:0,(anonymous_19)
FNDA:0,(anonymous_20)
FNDA:0,(anonymous_21)
FNDA:0,(anonymous_22)
FNDA:0,(anonymous_23)
FNDA:0,(anonymous_24)
FNDA:0,(anonymous_25)
FNDA:0,(anonymous_26)
FNDA:0,(anonymous_27)
FNDA:0,(anonymous_28)
FNDA:0,(anonymous_29)
FNDA:0,(anonymous_30)
FNDA:0,(anonymous_31)
FNDA:0,(anonymous_32)
FNDA:0,(anonymous_33)
FNDA:0,(anonymous_34)
FNDA:0,(anonymous_35)
DA:125,0
DA:160,0
DA:163,0
DA:167,0
DA:176,0
DA:177,0
DA:184,0
DA:187,0
DA:188,0
DA:195,0
DA:198,0
DA:199,0
DA:206,0
DA:209,0
DA:210,0
DA:217,0
DA:220,0
DA:221,0
DA:228,0
DA:231,0
DA:232,0
DA:239,0
DA:247,0
DA:248,0
DA:254,0
DA:255,0
DA:256,0
DA:257,0
DA:258,0
DA:259,0
DA:265,0
DA:271,0
DA:280,0
DA:281,0
DA:287,0
DA:293,0
DA:299,0
DA:305,0
DA:310,0
DA:312,0
DA:313,0
DA:316,0
DA:317,0
DA:318,0
DA:319,0
DA:327,0
DA:328,0
DA:332,0
DA:334,0
DA:335,0
DA:338,0
DA:339,0
DA:342,0
DA:343,0
DA:347,0
DA:349,0
DA:350,0
DA:353,0
DA:354,0
DA:355,0
DA:356,0
DA:357,0
DA:366,0
DA:367,0
DA:371,0
DA:373,0
DA:374,0
DA:377,0
DA:378,0
DA:379,0
DA:380,0
DA:381,0
DA:390,0
DA:391,0
DA:395,0
DA:397,0
DA:398,0
DA:401,0
DA:403,0
DA:404,0
DA:405,0
DA:409,0
DA:410,0
DA:414,0
DA:416,0
DA:417,0
DA:420,0
DA:422,0
DA:423,0
DA:424,0
DA:428,0
DA:429,0
DA:434,0
LF:93
LH:0
BRDA:164,0,0,0
BRDA:164,0,1,0
BRDA:165,1,0,0
BRDA:165,1,1,0
BRDA:210,2,0,0
BRDA:210,2,1,0
BRDA:221,3,0,0
BRDA:221,3,1,0
BRDA:232,4,0,0
BRDA:232,4,1,0
BRDA:318,5,0,0
BRDA:318,5,1,0
BRDA:320,6,0,0
BRDA:320,6,1,0
BRDA:321,7,0,0
BRDA:321,7,1,0
BRDA:322,8,0,0
BRDA:322,8,1,0
BRDA:323,9,0,0
BRDA:323,9,1,0
BRDA:328,10,0,0
BRDA:328,10,1,0
BRDA:343,11,0,0
BRDA:343,11,1,0
BRDA:355,12,0,0
BRDA:355,12,1,0
BRDA:355,12,2,0
BRDA:356,13,0,0
BRDA:356,13,1,0
BRDA:358,14,0,0
BRDA:358,14,1,0
BRDA:359,15,0,0
BRDA:359,15,1,0
BRDA:360,16,0,0
BRDA:360,16,1,0
BRDA:361,17,0,0
BRDA:361,17,1,0
BRDA:367,18,0,0
BRDA:367,18,1,0
BRDA:379,19,0,0
BRDA:379,19,1,0
BRDA:379,19,2,0
BRDA:380,20,0,0
BRDA:380,20,1,0
BRDA:382,21,0,0
BRDA:382,21,1,0
BRDA:383,22,0,0
BRDA:383,22,1,0
BRDA:384,23,0,0
BRDA:384,23,1,0
BRDA:385,24,0,0
BRDA:385,24,1,0
BRDA:391,25,0,0
BRDA:391,25,1,0
BRDA:405,26,0,0
BRDA:405,26,1,0
BRDA:405,27,0,0
BRDA:405,27,1,0
BRDA:410,28,0,0
BRDA:410,28,1,0
BRDA:424,29,0,0
BRDA:424,29,1,0
BRDA:424,30,0,0
BRDA:424,30,1,0
BRDA:429,31,0,0
BRDA:429,31,1,0
BRF:66
BRH:0
end_of_record
TN:
SF:src/store/bookingSlice.ts
FN:37,(anonymous_0)
FN:49,(anonymous_1)
FN:60,(anonymous_2)
FN:71,(anonymous_3)
FN:93,(anonymous_4)
FN:101,(anonymous_5)
FN:129,(anonymous_6)
FN:145,(anonymous_7)
FN:151,(anonymous_8)
FN:157,(anonymous_9)
FN:163,(anonymous_10)
FN:173,(anonymous_11)
FN:179,(anonymous_12)
FN:185,(anonymous_13)
FN:190,(anonymous_14)
FN:193,(anonymous_15)
FN:198,(anonymous_16)
FN:209,(anonymous_17)
FN:215,(anonymous_18)
FN:220,(anonymous_19)
FN:226,(anonymous_20)
FN:232,(anonymous_21)
FN:237,(anonymous_22)
FN:242,(anonymous_23)
FN:248,(anonymous_24)
FN:253,(anonymous_25)
FN:259,(anonymous_26)
FN:265,(anonymous_27)
FN:269,(anonymous_28)
FN:271,(anonymous_29)
FN:276,(anonymous_30)
FN:280,(anonymous_31)
FN:284,(anonymous_32)
FN:287,(anonymous_33)
FN:292,(anonymous_34)
FN:298,(anonymous_35)
FN:302,(anonymous_36)
FN:304,(anonymous_37)
FN:306,(anonymous_38)
FNF:39
FNH:18
FNDA:0,(anonymous_0)
FNDA:0,(anonymous_1)
FNDA:0,(anonymous_2)
FNDA:0,(anonymous_3)
FNDA:0,(anonymous_4)
FNDA:0,(anonymous_5)
FNDA:0,(anonymous_6)
FNDA:1,(anonymous_7)
FNDA:1,(anonymous_8)
FNDA:1,(anonymous_9)
FNDA:1,(anonymous_10)
FNDA:0,(anonymous_11)
FNDA:0,(anonymous_12)
FNDA:0,(anonymous_13)
FNDA:1,(anonymous_14)
FNDA:1,(anonymous_15)
FNDA:2,(anonymous_16)
FNDA:1,(anonymous_17)
FNDA:0,(anonymous_18)
FNDA:0,(anonymous_19)
FNDA:0,(anonymous_20)
FNDA:1,(anonymous_21)
FNDA:2,(anonymous_22)
FNDA:1,(anonymous_23)
FNDA:1,(anonymous_24)
FNDA:1,(anonymous_25)
FNDA:1,(anonymous_26)
FNDA:1,(anonymous_27)
FNDA:2,(anonymous_28)
FNDA:1,(anonymous_29)
FNDA:1,(anonymous_30)
FNDA:0,(anonymous_31)
FNDA:0,(anonymous_32)
FNDA:0,(anonymous_33)
FNDA:0,(anonymous_34)
FNDA:0,(anonymous_35)
FNDA:0,(anonymous_36)
FNDA:0,(anonymous_37)
FNDA:0,(anonymous_38)
DA:9,1
DA:35,1
DA:38,0
DA:39,0
DA:47,1
DA:50,0
DA:51,0
DA:58,1
DA:61,0
DA:62,0
DA:69,1
DA:83,0
DA:84,0
DA:91,1
DA:94,0
DA:95,0
DA:99,1
DA:116,0
DA:117,0
DA:118,0
DA:119,0
DA:122,0
DA:127,1
DA:130,0
DA:131,0
DA:138,1
DA:146,1
DA:152,1
DA:158,1
DA:164,1
DA:165,1
DA:166,1
DA:167,1
DA:168,1
DA:174,0
DA:180,0
DA:186,0
DA:187,0
DA:191,1
DA:194,1
DA:195,1
DA:196,1
DA:199,2
DA:200,2
DA:201,2
DA:202,2
DA:210,1
DA:211,1
DA:212,1
DA:216,0
DA:217,0
DA:218,0
DA:221,0
DA:222,0
DA:224,0
DA:227,0
DA:228,0
DA:229,0
DA:233,1
DA:234,1
DA:235,1
DA:238,2
DA:239,2
DA:240,2
DA:243,1
DA:244,1
DA:245,1
DA:249,1
DA:250,1
DA:251,1
DA:254,1
DA:255,1
DA:256,1
DA:257,1
DA:260,1
DA:261,1
DA:262,1
DA:266,1
DA:267,1
DA:270,2
DA:271,2
DA:272,2
DA:273,1
DA:277,1
DA:278,1
DA:281,0
DA:282,0
DA:285,0
DA:286,0
DA:287,0
DA:288,0
DA:289,0
DA:293,0
DA:299,0
DA:300,0
DA:303,0
DA:304,0
DA:307,0
DA:308,0
DA:313,1
LF:100
LH:56
BRDA:38,0,0,0
BRDA:38,0,1,0
BRDA:122,1,0,0
BRDA:122,1,1,0
BRDA:212,2,0,1
BRDA:212,2,1,0
BRDA:229,3,0,0
BRDA:229,3,1,0
BRDA:245,4,0,1
BRDA:245,4,1,0
BRDA:262,5,0,1
BRDA:262,5,1,0
BRDA:272,6,0,1
BRDA:272,6,1,1
BRDA:278,7,0,1
BRDA:278,7,1,0
BRDA:288,8,0,0
BRDA:288,8,1,0
BRDA:308,9,0,0
BRDA:308,9,1,0
BRF:20
BRH:6
end_of_record
TN:
SF:src/store/index.ts
FN:36,(anonymous_0)
FN:79,(anonymous_1)
FN:91,(anonymous_2)
FN:101,(anonymous_3)
FN:110,(anonymous_4)
FN:111,(anonymous_5)
FNF:6
FNH:0
FNDA:0,(anonymous_0)
FNDA:0,(anonymous_1)
FNDA:0,(anonymous_2)
FNDA:0,(anonymous_3)
FNDA:0,(anonymous_4)
FNDA:0,(anonymous_5)
DA:20,0
DA:32,0
DA:37,0
DA:50,0
DA:79,0
DA:85,0
DA:91,0
DA:96,0
DA:111,0
LF:9
LH:0
BRDA:39,0,0,0
BRDA:39,0,1,0
BRF:2
BRH:0
end_of_record
TN:
SF:src/store/notificationSlice.ts
FN:66,(anonymous_0)
FN:76,(anonymous_1)
FN:86,(anonymous_2)
FN:97,(anonymous_3)
FN:108,(anonymous_4)
FN:126,(anonymous_5)
FN:140,(anonymous_6)
FN:156,(anonymous_7)
FN:162,(anonymous_8)
FN:163,(anonymous_9)
FN:169,(anonymous_10)
FN:172,(anonymous_11)
FN:176,(anonymous_12)
FN:186,(anonymous_13)
FN:193,(anonymous_14)
FN:199,(anonymous_15)
FN:202,(anonymous_16)
FN:204,(anonymous_17)
FN:213,(anonymous_18)
FN:220,(anonymous_19)
FN:223,(anonymous_20)
FN:225,(anonymous_21)
FN:232,(anonymous_22)
FN:239,(anonymous_23)
FN:243,(anonymous_24)
FN:249,(anonymous_25)
FN:256,(anonymous_26)
FN:260,(anonymous_27)
FN:263,(anonymous_28)
FN:270,(anonymous_29)
FN:273,(anonymous_30)
FN:275,(anonymous_31)
FN:276,(anonymous_32)
FN:281,(anonymous_33)
FNF:34
FNH:0
FNDA:0,(anonymous_0)
FNDA:0,(anonymous_1)
FNDA:0,(anonymous_2)
FNDA:0,(anonymous_3)
FNDA:0,(anonymous_4)
FNDA:0,(anonymous_5)
FNDA:0,(anonymous_6)
FNDA:0,(anonymous_7)
FNDA:0,(anonymous_8)
FNDA:0,(anonymous_9)
FNDA:0,(anonymous_10)
FNDA:0,(anonymous_11)
FNDA:0,(anonymous_12)
FNDA:0,(anonymous_13)
FNDA:0,(anonymous_14)
FNDA:0,(anonymous_15)
FNDA:0,(anonymous_16)
FNDA:0,(anonymous_17)
FNDA:0,(anonymous_18)
FNDA:0,(anonymous_19)
FNDA:0,(anonymous_20)
FNDA:0,(anonymous_21)
FNDA:0,(anonymous_22)
FNDA:0,(anonymous_23)
FNDA:0,(anonymous_24)
FNDA:0,(anonymous_25)
FNDA:0,(anonymous_26)
FNDA:0,(anonymous_27)
FNDA:0,(anonymous_28)
FNDA:0,(anonymous_29)
FNDA:0,(anonymous_30)
FNDA:0,(anonymous_31)
FNDA:0,(anonymous_32)
FNDA:0,(anonymous_33)
DA:47,0
DA:64,0
DA:67,0
DA:74,0
DA:77,0
DA:84,0
DA:87,0
DA:88,0
DA:95,0
DA:98,0
DA:99,0
DA:106,0
DA:117,0
DA:124,0
DA:131,0
DA:138,0
DA:141,0
DA:142,0
DA:149,0
DA:157,0
DA:163,0
DA:164,0
DA:165,0
DA:171,0
DA:173,0
DA:174,0
DA:177,0
DA:178,0
DA:179,0
DA:187,0
DA:188,0
DA:192,0
DA:194,0
DA:198,0
DA:200,0
DA:203,0
DA:204,0
DA:205,0
DA:206,0
DA:207,0
DA:209,0
DA:210,0
DA:214,0
DA:215,0
DA:219,0
DA:221,0
DA:224,0
DA:225,0
DA:230,0
DA:233,0
DA:234,0
DA:238,0
DA:240,0
DA:241,0
DA:244,0
DA:245,0
DA:246,0
DA:250,0
DA:251,0
DA:255,0
DA:257,0
DA:258,0
DA:261,0
DA:264,0
DA:265,0
DA:269,0
DA:271,0
DA:274,0
DA:275,0
DA:276,0
DA:277,0
DA:278,0
DA:282,0
DA:283,0
DA:288,0
LF:75
LH:0
BRDA:164,0,0,0
BRDA:164,0,1,0
BRDA:188,1,0,0
BRDA:188,1,1,0
BRDA:205,2,0,0
BRDA:205,2,1,0
BRDA:209,3,0,0
BRDA:209,3,1,0
BRDA:215,4,0,0
BRDA:215,4,1,0
BRDA:228,5,0,0
BRDA:228,5,1,0
BRDA:234,6,0,0
BRDA:234,6,1,0
BRDA:245,7,0,0
BRDA:245,7,1,0
BRDA:251,8,0,0
BRDA:251,8,1,0
BRDA:265,9,0,0
BRDA:265,9,1,0
BRDA:277,10,0,0
BRDA:277,10,1,0
BRDA:277,11,0,0
BRDA:277,11,1,0
BRDA:277,11,2,0
BRDA:283,12,0,0
BRDA:283,12,1,0
BRF:27
BRH:0
end_of_record
TN:
SF:src/store/serviceSlice.ts
FN:60,(anonymous_0)
FN:71,(anonymous_1)
FN:82,(anonymous_2)
FN:93,(anonymous_3)
FN:104,(anonymous_4)
FN:120,(anonymous_5)
FN:126,(anonymous_6)
FN:132,(anonymous_7)
FN:138,(anonymous_8)
FN:142,(anonymous_9)
FN:144,(anonymous_10)
FN:148,(anonymous_11)
FN:152,(anonymous_12)
FN:158,(anonymous_13)
FN:162,(anonymous_14)
FN:173,(anonymous_15)
FN:180,(anonymous_16)
FN:184,(anonymous_17)
FN:188,(anonymous_18)
FN:195,(anonymous_19)
FN:199,(anonymous_20)
FN:201,(anonymous_21)
FN:206,(anonymous_22)
FN:213,(anonymous_23)
FN:217,(anonymous_24)
FN:219,(anonymous_25)
FN:224,(anonymous_26)
FNF:27
FNH:0
FNDA:0,(anonymous_0)
FNDA:0,(anonymous_1)
FNDA:0,(anonymous_2)
FNDA:0,(anonymous_3)
FNDA:0,(anonymous_4)
FNDA:0,(anonymous_5)
FNDA:0,(anonymous_6)
FNDA:0,(anonymous_7)
FNDA:0,(anonymous_8)
FNDA:0,(anonymous_9)
FNDA:0,(anonymous_10)
FNDA:0,(anonymous_11)
FNDA:0,(anonymous_12)
FNDA:0,(anonymous_13)
FNDA:0,(anonymous_14)
FNDA:0,(anonymous_15)
FNDA:0,(anonymous_16)
FNDA:0,(anonymous_17)
FNDA:0,(anonymous_18)
FNDA:0,(anonymous_19)
FNDA:0,(anonymous_20)
FNDA:0,(anonymous_21)
FNDA:0,(anonymous_22)
FNDA:0,(anonymous_23)
FNDA:0,(anonymous_24)
FNDA:0,(anonymous_25)
FNDA:0,(anonymous_26)
DA:40,0
DA:58,0
DA:61,0
DA:62,0
DA:69,0
DA:72,0
DA:73,0
DA:80,0
DA:83,0
DA:84,0
DA:91,0
DA:94,0
DA:95,0
DA:102,0
DA:105,0
DA:106,0
DA:113,0
DA:121,0
DA:127,0
DA:133,0
DA:139,0
DA:143,0
DA:145,0
DA:146,0
DA:149,0
DA:150,0
DA:153,0
DA:154,0
DA:157,0
DA:159,0
DA:160,0
DA:163,0
DA:164,0
DA:165,0
DA:166,0
DA:174,0
DA:175,0
DA:179,0
DA:181,0
DA:182,0
DA:185,0
DA:186,0
DA:189,0
DA:190,0
DA:194,0
DA:196,0
DA:197,0
DA:200,0
DA:201,0
DA:202,0
DA:203,0
DA:207,0
DA:208,0
DA:212,0
DA:214,0
DA:215,0
DA:218,0
DA:219,0
DA:220,0
DA:221,0
DA:225,0
DA:226,0
DA:231,0
LF:63
LH:0
BRDA:61,0,0,0
BRDA:61,0,1,0
BRDA:72,1,0,0
BRDA:72,1,1,0
BRDA:154,2,0,0
BRDA:154,2,1,0
BRDA:175,3,0,0
BRDA:175,3,1,0
BRDA:190,4,0,0
BRDA:190,4,1,0
BRDA:202,5,0,0
BRDA:202,5,1,0
BRDA:208,6,0,0
BRDA:208,6,1,0
BRDA:220,7,0,0
BRDA:220,7,1,0
BRDA:226,8,0,0
BRDA:226,8,1,0
BRF:18
BRH:0
end_of_record
TN:
SF:src/store/slotTimeSlice.ts
FN:48,(anonymous_0)
FN:58,(anonymous_1)
FN:68,(anonymous_2)
FN:78,(anonymous_3)
FN:89,(anonymous_4)
FN:99,(anonymous_5)
FN:115,(anonymous_6)
FN:119,(anonymous_7)
FN:122,(anonymous_8)
FN:126,(anonymous_9)
FN:130,(anonymous_10)
FN:137,(anonymous_11)
FN:141,(anonymous_12)
FN:145,(anonymous_13)
FN:152,(anonymous_14)
FN:156,(anonymous_15)
FN:158,(anonymous_16)
FN:163,(anonymous_17)
FN:170,(anonymous_18)
FN:174,(anonymous_19)
FN:176,(anonymous_20)
FN:178,(anonymous_21)
FN:185,(anonymous_22)
FN:189,(anonymous_23)
FN:191,(anonymous_24)
FN:193,(anonymous_25)
FN:200,(anonymous_26)
FN:204,(anonymous_27)
FN:206,(anonymous_28)
FN:208,(anonymous_29)
FNF:30
FNH:0
FNDA:0,(anonymous_0)
FNDA:0,(anonymous_1)
FNDA:0,(anonymous_2)
FNDA:0,(anonymous_3)
FNDA:0,(anonymous_4)
FNDA:0,(anonymous_5)
FNDA:0,(anonymous_6)
FNDA:0,(anonymous_7)
FNDA:0,(anonymous_8)
FNDA:0,(anonymous_9)
FNDA:0,(anonymous_10)
FNDA:0,(anonymous_11)
FNDA:0,(anonymous_12)
FNDA:0,(anonymous_13)
FNDA:0,(anonymous_14)
FNDA:0,(anonymous_15)
FNDA:0,(anonymous_16)
FNDA:0,(anonymous_17)
FNDA:0,(anonymous_18)
FNDA:0,(anonymous_19)
FNDA:0,(anonymous_20)
FNDA:0,(anonymous_21)
FNDA:0,(anonymous_22)
FNDA:0,(anonymous_23)
FNDA:0,(anonymous_24)
FNDA:0,(anonymous_25)
FNDA:0,(anonymous_26)
FNDA:0,(anonymous_27)
FNDA:0,(anonymous_28)
FNDA:0,(anonymous_29)
DA:36,0
DA:46,0
DA:49,0
DA:56,0
DA:59,0
DA:66,0
DA:69,0
DA:76,0
DA:79,0
DA:80,0
DA:87,0
DA:90,0
DA:97,0
DA:100,0
DA:101,0
DA:108,0
DA:116,0
DA:121,0
DA:123,0
DA:124,0
DA:127,0
DA:128,0
DA:131,0
DA:132,0
DA:136,0
DA:138,0
DA:139,0
DA:142,0
DA:143,0
DA:146,0
DA:147,0
DA:151,0
DA:153,0
DA:154,0
DA:157,0
DA:158,0
DA:159,0
DA:160,0
DA:164,0
DA:165,0
DA:169,0
DA:171,0
DA:172,0
DA:175,0
DA:176,0
DA:179,0
DA:180,0
DA:184,0
DA:186,0
DA:187,0
DA:190,0
DA:191,0
DA:194,0
DA:195,0
DA:199,0
DA:201,0
DA:202,0
DA:205,0
DA:206,0
DA:209,0
DA:210,0
DA:215,0
LF:62
LH:0
BRDA:132,0,0,0
BRDA:132,0,1,0
BRDA:147,1,0,0
BRDA:147,1,1,0
BRDA:159,2,0,0
BRDA:159,2,1,0
BRDA:165,3,0,0
BRDA:165,3,1,0
BRDA:180,4,0,0
BRDA:180,4,1,0
BRDA:195,5,0,0
BRDA:195,5,1,0
BRDA:210,6,0,0
BRDA:210,6,1,0
BRF:14
BRH:0
end_of_record
TN:
SF:src/store/userSlice.ts
FN:53,(anonymous_0)
FN:64,(anonymous_1)
FN:75,(anonymous_2)
FN:86,(anonymous_3)
FN:93,(anonymous_4)
FN:121,(anonymous_5)
FN:137,(anonymous_6)
FN:143,(anonymous_7)
FN:151,(anonymous_8)
FN:155,(anonymous_9)
FN:158,(anonymous_10)
FN:162,(anonymous_11)
FN:172,(anonymous_12)
FN:177,(anonymous_13)
FN:181,(anonymous_14)
FN:186,(anonymous_15)
FN:194,(anonymous_16)
FN:198,(anonymous_17)
FN:209,(anonymous_18)
FN:214,(anonymous_19)
FN:219,(anonymous_20)
FN:224,(anonymous_21)
FN:234,(anonymous_22)
FN:242,(anonymous_23)
FN:246,(anonymous_24)
FN:256,(anonymous_25)
FNF:26
FNH:10
FNDA:0,(anonymous_0)
FNDA:0,(anonymous_1)
FNDA:0,(anonymous_2)
FNDA:0,(anonymous_3)
FNDA:0,(anonymous_4)
FNDA:0,(anonymous_5)
FNDA:1,(anonymous_6)
FNDA:1,(anonymous_7)
FNDA:1,(anonymous_8)
FNDA:1,(anonymous_9)
FNDA:0,(anonymous_10)
FNDA:0,(anonymous_11)
FNDA:0,(anonymous_12)
FNDA:1,(anonymous_13)
FNDA:1,(anonymous_14)
FNDA:1,(anonymous_15)
FNDA:1,(anonymous_16)
FNDA:1,(anonymous_17)
FNDA:1,(anonymous_18)
FNDA:0,(anonymous_19)
FNDA:0,(anonymous_20)
FNDA:0,(anonymous_21)
FNDA:0,(anonymous_22)
FNDA:0,(anonymous_23)
FNDA:0,(anonymous_24)
FNDA:0,(anonymous_25)
DA:38,1
DA:51,1
DA:54,0
DA:55,0
DA:62,1
DA:65,0
DA:66,0
DA:73,1
DA:76,0
DA:77,0
DA:84,1
DA:87,0
DA:91,1
DA:94,0
DA:100,0
DA:101,0
DA:102,0
DA:103,0
DA:105,0
DA:106,0
DA:111,0
DA:119,1
DA:122,0
DA:123,0
DA:130,1
DA:138,1
DA:144,1
DA:145,1
DA:146,1
DA:152,1
DA:156,1
DA:159,0
DA:160,0
DA:163,0
DA:164,0
DA:165,0
DA:169,0
DA:170,0
DA:173,0
DA:174,0
DA:178,1
DA:179,1
DA:182,1
DA:183,1
DA:184,1
DA:187,1
DA:188,1
DA:191,1
DA:195,1
DA:196,1
DA:199,1
DA:200,1
DA:201,1
DA:205,1
DA:206,1
DA:207,1
DA:210,1
DA:211,1
DA:215,0
DA:216,0
DA:217,0
DA:220,0
DA:221,0
DA:222,0
DA:225,0
DA:229,0
DA:230,0
DA:231,0
DA:232,0
DA:235,0
DA:236,0
DA:237,0
DA:238,0
DA:239,0
DA:243,0
DA:244,0
DA:247,0
DA:249,0
DA:250,0
DA:257,0
DA:258,0
DA:263,1
LF:82
LH:33
BRDA:167,0,0,0
BRDA:167,0,1,0
BRDA:167,1,0,0
BRDA:167,1,1,0
BRDA:174,2,0,0
BRDA:174,2,1,0
BRDA:191,3,0,1
BRDA:191,3,1,0
BRDA:203,4,0,0
BRDA:203,4,1,1
BRDA:203,5,0,1
BRDA:203,5,1,1
BRDA:211,6,0,1
BRDA:211,6,1,0
BRDA:227,7,0,0
BRDA:227,7,1,0
BRDA:227,8,0,0
BRDA:227,8,1,0
BRDA:249,9,0,0
BRDA:249,9,1,0
BRDA:249,10,0,0
BRDA:249,10,1,0
BRDA:258,11,0,0
BRDA:258,11,1,0
BRF:24
BRH:5
end_of_record
TN:
SF:src/utils/dateUtils.ts
FN:11,(anonymous_0)
FN:30,(anonymous_1)
FN:39,(anonymous_2)
FN:48,(anonymous_3)
FN:60,(anonymous_4)
FN:75,(anonymous_5)
FNF:6
FNH:6
FNDA:3,(anonymous_0)
FNDA:1,(anonymous_1)
FNDA:2,(anonymous_2)
FNDA:2,(anonymous_3)
FNDA:1,(anonymous_4)
FNDA:5,(anonymous_5)
DA:11,2
DA:12,3
DA:13,3
DA:14,3
DA:17,3
DA:30,2
DA:31,1
DA:39,2
DA:40,2
DA:41,2
DA:48,2
DA:49,2
DA:50,2
DA:51,2
DA:52,2
DA:53,2
DA:60,2
DA:61,1
DA:62,1
DA:63,1
DA:64,1
DA:65,1
DA:66,1
DA:75,2
DA:76,5
DA:77,5
DA:78,5
DA:79,5
DA:80,5
LF:29
LH:29
BRDA:12,0,0,1
BRDA:12,0,1,2
BRDA:14,1,0,1
BRDA:14,1,1,2
BRDA:14,2,0,3
BRDA:14,2,1,2
BRDA:14,2,2,2
BRF:7
BRH:7
end_of_record
TN:
SF:src/utils/htmlUtils.ts
FN:8,(anonymous_0)
FN:19,(anonymous_1)
FN:25,(anonymous_2)
FNF:3
FNH:3
FNDA:5,(anonymous_0)
FNDA:4,(anonymous_1)
FNDA:4,(anonymous_2)
DA:8,1
DA:9,5
DA:10,2
DA:19,1
DA:20,4
DA:25,2
DA:27,4
DA:28,4
DA:29,1
DA:30,1
DA:34,2
DA:37,2
DA:39,2
LF:13
LH:13
BRDA:9,0,0,3
BRDA:9,0,1,2
BRDA:20,1,0,2
BRDA:20,1,1,2
BRDA:28,2,0,1
BRDA:28,2,1,3
BRDA:28,3,0,4
BRDA:28,3,1,4
BRF:8
BRH:8
end_of_record
TN:
SF:src/utils/timeUtils.ts
FN:1,(anonymous_0)
FN:9,(anonymous_1)
FNF:2
FNH:2
FNDA:2,(anonymous_0)
FNDA:3,(anonymous_1)
DA:1,1
DA:2,2
DA:3,2
DA:4,2
DA:5,2
DA:6,2
DA:9,1
DA:10,3
DA:11,2
DA:12,2
DA:13,2
DA:14,2
DA:15,2
LF:13
LH:13
BRDA:10,0,0,1
BRDA:10,0,1,2
BRF:2
BRH:2
end_of_record
